#
# There is insufficient memory for the Java Runtime Environment to continue.
# Native memory allocation (malloc) failed to allocate 1528400 bytes. Error detail: Chunk::new
# Possible reasons:
#   The system is out of physical RAM or swap space
#   This process is running with CompressedOops enabled, and the Java Heap may be blocking the growth of the native heap
# Possible solutions:
#   Reduce memory load on the system
#   Increase physical memory or swap space
#   Check if swap backing store is full
#   Decrease Java heap size (-Xmx/-Xms)
#   Decrease number of Java threads
#   Decrease Java thread stack sizes (-Xss)
#   Set larger code cache with -XX:ReservedCodeCacheSize=
#   JVM is running with Unscaled Compressed Oops mode in which the Java heap is
#     placed in the first 4GB address space. The Java Heap base address is the
#     maximum limit for the native heap growth. Please use -XX:HeapBaseMinAddress
#     to set the Java Heap base and to place the Java Heap above 4GB virtual address.
# This output file may be truncated or incomplete.
#
#  Out of Memory Error (arena.cpp:191), pid=13068, tid=8328
#
# JRE version: OpenJDK Runtime Environment Microsoft-9388408 (17.0.11+9) (build 17.0.11+9-LTS)
# Java VM: OpenJDK 64-Bit Server VM Microsoft-9388408 (17.0.11+9-LTS, mixed mode, sharing, tiered, compressed oops, compressed class ptrs, g1 gc, windows-amd64)
# No core dump will be written. Minidumps are not enabled by default on client versions of Windows
#

---------------  S U M M A R Y ------------

Command Line: org.jetbrains.kotlin.cli.jvm.K2JVMCompiler @C:\Users\imher\StudioProjects\Floriledia\app\build\20260523_1995382560952170465.compiler.options

Host: 11th Gen Intel(R) Core(TM) i3-1115G4 @ 3.00GHz, 4 cores, 3G,  Windows 11 , 64 bit Build 26100 (10.0.26100.8328)
Time: Sat May 23 12:00:37 2026 Malay Peninsula Standard Time elapsed time: 29.715762 seconds (0d 0h 0m 29s)

---------------  T H R E A D  ---------------

Current thread (0x0000022ce5078af0):  JavaThread "C2 CompilerThread0" daemon [_thread_in_native, id=8328, stack(0x000000f33a800000,0x000000f33a900000)]


Current CompileTask:
C2:  29716 11792       4       org.jetbrains.kotlin.resolve.calls.tower.PSICallResolver$ASTScopeTower::getImplicitReceiver (94 bytes)

Stack: [0x000000f33a800000,0x000000f33a900000]
Native frames: (J=compiled Java code, j=interpreted, Vv=VM code, C=native code)
V  [jvm.dll+0x67f6d9]
V  [jvm.dll+0x83773a]
V  [jvm.dll+0x8391fe]
V  [jvm.dll+0x839863]
V  [jvm.dll+0x247fbf]
V  [jvm.dll+0xac544]
V  [jvm.dll+0xacb8c]
V  [jvm.dll+0x3688a7]
V  [jvm.dll+0x1bd3b2]
V  [jvm.dll+0x21a729]
V  [jvm.dll+0x219a11]
V  [jvm.dll+0x1a5396]
V  [jvm.dll+0x2297cd]
V  [jvm.dll+0x22799c]
V  [jvm.dll+0x7ec8b7]
V  [jvm.dll+0x7e6cba]
V  [jvm.dll+0x67e5c5]
C  [ucrtbase.dll+0x37b0]
C  [KERNEL32.DLL+0x2e957]
C  [ntdll.dll+0x427c]


---------------  P R O C E S S  ---------------

Threads class SMR info:
_java_thread_list=0x0000022ce52aa710, length=12, elements={
0x0000022cc9dfbef0, 0x0000022ce50502d0, 0x0000022ce5051a00, 0x0000022ce50750b0,
0x0000022ce5075a70, 0x0000022ce5076430, 0x0000022ce5077e00, 0x0000022ce5078af0,
0x0000022ce50815e0, 0x0000022ce50f1ed0, 0x0000022ce52cf990, 0x0000022ce52da450
}

Java Threads: ( => current thread )
  0x0000022cc9dfbef0 JavaThread "main" [_thread_in_Java, id=19640, stack(0x000000f339b00000,0x000000f339c00000)]
  0x0000022ce50502d0 JavaThread "Reference Handler" daemon [_thread_blocked, id=19880, stack(0x000000f33a200000,0x000000f33a300000)]
  0x0000022ce5051a00 JavaThread "Finalizer" daemon [_thread_blocked, id=19360, stack(0x000000f33a300000,0x000000f33a400000)]
  0x0000022ce50750b0 JavaThread "Signal Dispatcher" daemon [_thread_blocked, id=12008, stack(0x000000f33a400000,0x000000f33a500000)]
  0x0000022ce5075a70 JavaThread "Attach Listener" daemon [_thread_blocked, id=8280, stack(0x000000f33a500000,0x000000f33a600000)]
  0x0000022ce5076430 JavaThread "Service Thread" daemon [_thread_blocked, id=7224, stack(0x000000f33a600000,0x000000f33a700000)]
  0x0000022ce5077e00 JavaThread "Monitor Deflation Thread" daemon [_thread_blocked, id=7220, stack(0x000000f33a700000,0x000000f33a800000)]
=>0x0000022ce5078af0 JavaThread "C2 CompilerThread0" daemon [_thread_in_native, id=8328, stack(0x000000f33a800000,0x000000f33a900000)]
  0x0000022ce50815e0 JavaThread "C1 CompilerThread0" daemon [_thread_blocked, id=7736, stack(0x000000f33a900000,0x000000f33aa00000)]
  0x0000022ce50f1ed0 JavaThread "Sweeper thread" daemon [_thread_blocked, id=9352, stack(0x000000f33aa00000,0x000000f33ab00000)]
  0x0000022ce52cf990 JavaThread "Notification Thread" daemon [_thread_blocked, id=18704, stack(0x000000f33ab00000,0x000000f33ac00000)]
  0x0000022ce52da450 JavaThread "Common-Cleaner" daemon [_thread_blocked, id=4084, stack(0x000000f33ad00000,0x000000f33ae00000)]

Other Threads:
  0x0000022cc9ea6590 VMThread "VM Thread" [stack: 0x000000f33a100000,0x000000f33a200000] [id=14636]
  0x0000022ce504d6c0 WatcherThread [stack: 0x000000f33ac00000,0x000000f33ad00000] [id=14008]
  0x0000022cc9e375b0 GCTaskThread "GC Thread#0" [stack: 0x000000f339c00000,0x000000f339d00000] [id=8648]
  0x0000022ce566e4a0 GCTaskThread "GC Thread#1" [stack: 0x000000f33ae00000,0x000000f33af00000] [id=17316]
  0x0000022ce56868d0 GCTaskThread "GC Thread#2" [stack: 0x000000f33af00000,0x000000f33b000000] [id=3992]
  0x0000022ce5697c50 GCTaskThread "GC Thread#3" [stack: 0x000000f33b000000,0x000000f33b100000] [id=5028]
  0x0000022cc9e40e70 ConcurrentGCThread "G1 Main Marker" [stack: 0x000000f339d00000,0x000000f339e00000] [id=11356]
  0x0000022cc9e41890 ConcurrentGCThread "G1 Conc#0" [stack: 0x000000f339e00000,0x000000f339f00000] [id=20044]
  0x0000022cc9e81590 ConcurrentGCThread "G1 Refine#0" [stack: 0x000000f339f00000,0x000000f33a000000] [id=564]
  0x0000022cc9e82e70 ConcurrentGCThread "G1 Service" [stack: 0x000000f33a000000,0x000000f33a100000] [id=412]

Threads with active compile tasks:
C2 CompilerThread0    29858 11792       4       org.jetbrains.kotlin.resolve.calls.tower.PSICallResolver$ASTScopeTower::getImplicitReceiver (94 bytes)

VM state: not at safepoint (normal execution)

VM Mutex/Monitor currently owned by a thread: None

Heap address: 0x00000000c5800000, size: 936 MB, Compressed Oops mode: 32-bit

CDS archive(s) mapped at: [0x0000022c80000000-0x0000022c80bb0000-0x0000022c80bb0000), size 12255232, SharedBaseAddress: 0x0000022c80000000, ArchiveRelocationMode: 1.
Compressed class space mapped at: 0x0000022c81000000-0x0000022cc1000000, reserved size: 1073741824
Narrow klass base: 0x0000022c80000000, Narrow klass shift: 0, Narrow klass range: 0x100000000

GC Precious Log:
 CPUs: 4 total, 4 available
 Memory: 3738M
 Large Page Support: Disabled
 NUMA Support: Disabled
 Compressed Oops: Enabled (32-bit)
 Heap Region Size: 1M
 Heap Min Capacity: 8M
 Heap Initial Capacity: 60M
 Heap Max Capacity: 936M
 Pre-touch: Disabled
 Parallel Workers: 4
 Concurrent Workers: 1
 Concurrent Refinement Workers: 4
 Periodic GC: Disabled

Heap:
 garbage-first heap   total 191488K, used 147139K [0x00000000c5800000, 0x0000000100000000)
  region size 1024K, 91 young (93184K), 2 survivors (2048K)
 Metaspace       used 57878K, committed 58240K, reserved 1114112K
  class space    used 6619K, committed 6784K, reserved 1048576K

Heap Regions: E=young(eden), S=young(survivor), O=old, HS=humongous(starts), HC=humongous(continues), CS=collection set, F=free, OA=open archive, CA=closed archive, TAMS=top-at-mark-start (previous, next)
|   0|0x00000000c5800000, 0x00000000c5900000, 0x00000000c5900000|100%|HS|  |TAMS 0x00000000c5900000, 0x00000000c5800000| Complete 
|   1|0x00000000c5900000, 0x00000000c5a00000, 0x00000000c5a00000|100%|HC|  |TAMS 0x00000000c5a00000, 0x00000000c5900000| Complete 
|   2|0x00000000c5a00000, 0x00000000c5b00000, 0x00000000c5b00000|100%|HC|  |TAMS 0x00000000c5b00000, 0x00000000c5a00000| Complete 
|   3|0x00000000c5b00000, 0x00000000c5c00000, 0x00000000c5c00000|100%|HC|  |TAMS 0x00000000c5c00000, 0x00000000c5b00000| Complete 
|   4|0x00000000c5c00000, 0x00000000c5d00000, 0x00000000c5d00000|100%| O|  |TAMS 0x00000000c5d00000, 0x00000000c5c00000| Untracked 
|   5|0x00000000c5d00000, 0x00000000c5e00000, 0x00000000c5e00000|100%| O|  |TAMS 0x00000000c5e00000, 0x00000000c5d00000| Untracked 
|   6|0x00000000c5e00000, 0x00000000c5f00000, 0x00000000c5f00000|100%| O|  |TAMS 0x00000000c5f00000, 0x00000000c5e00000| Untracked 
|   7|0x00000000c5f00000, 0x00000000c6000000, 0x00000000c6000000|100%| O|  |TAMS 0x00000000c6000000, 0x00000000c5f00000| Untracked 
|   8|0x00000000c6000000, 0x00000000c6100000, 0x00000000c6100000|100%| O|  |TAMS 0x00000000c6100000, 0x00000000c6000000| Untracked 
|   9|0x00000000c6100000, 0x00000000c6200000, 0x00000000c6200000|100%| O|  |TAMS 0x00000000c6200000, 0x00000000c6100000| Untracked 
|  10|0x00000000c6200000, 0x00000000c6300000, 0x00000000c6300000|100%| O|  |TAMS 0x00000000c6300000, 0x00000000c6200000| Complete 
|  11|0x00000000c6300000, 0x00000000c6400000, 0x00000000c6400000|100%| O|  |TAMS 0x00000000c6400000, 0x00000000c6300000| Untracked 
|  12|0x00000000c6400000, 0x00000000c6500000, 0x00000000c6500000|100%| O|  |TAMS 0x00000000c6500000, 0x00000000c6400000| Untracked 
|  13|0x00000000c6500000, 0x00000000c6600000, 0x00000000c6600000|100%| O|  |TAMS 0x00000000c6600000, 0x00000000c6500000| Untracked 
|  14|0x00000000c6600000, 0x00000000c6700000, 0x00000000c6700000|100%| O|  |TAMS 0x00000000c6700000, 0x00000000c6600000| Untracked 
|  15|0x00000000c6700000, 0x00000000c6800000, 0x00000000c6800000|100%| O|  |TAMS 0x00000000c6800000, 0x00000000c6700000| Untracked 
|  16|0x00000000c6800000, 0x00000000c6900000, 0x00000000c6900000|100%| O|  |TAMS 0x00000000c6900000, 0x00000000c6800000| Untracked 
|  17|0x00000000c6900000, 0x00000000c6a00000, 0x00000000c6a00000|100%|HS|  |TAMS 0x00000000c6900000, 0x00000000c6900000| Complete 
|  18|0x00000000c6a00000, 0x00000000c6b00000, 0x00000000c6b00000|100%| O|  |TAMS 0x00000000c6b00000, 0x00000000c6a00000| Untracked 
|  19|0x00000000c6b00000, 0x00000000c6c00000, 0x00000000c6c00000|100%| O|  |TAMS 0x00000000c6c00000, 0x00000000c6b00000| Untracked 
|  20|0x00000000c6c00000, 0x00000000c6d00000, 0x00000000c6d00000|100%| O|  |TAMS 0x00000000c6d00000, 0x00000000c6c00000| Untracked 
|  21|0x00000000c6d00000, 0x00000000c6e00000, 0x00000000c6e00000|100%|HS|  |TAMS 0x00000000c6e00000, 0x00000000c6d00000| Complete 
|  22|0x00000000c6e00000, 0x00000000c6f00000, 0x00000000c6f00000|100%|HC|  |TAMS 0x00000000c6f00000, 0x00000000c6e00000| Complete 
|  23|0x00000000c6f00000, 0x00000000c7000000, 0x00000000c7000000|100%| O|  |TAMS 0x00000000c7000000, 0x00000000c6f00000| Untracked 
|  24|0x00000000c7000000, 0x00000000c7100000, 0x00000000c7100000|100%| O|  |TAMS 0x00000000c7100000, 0x00000000c7000000| Untracked 
|  25|0x00000000c7100000, 0x00000000c7200000, 0x00000000c7200000|100%| O|  |TAMS 0x00000000c7200000, 0x00000000c7100000| Untracked 
|  26|0x00000000c7200000, 0x00000000c7300000, 0x00000000c7300000|100%| O|  |TAMS 0x00000000c7300000, 0x00000000c7200000| Untracked 
|  27|0x00000000c7300000, 0x00000000c7400000, 0x00000000c7400000|100%| O|  |TAMS 0x00000000c7400000, 0x00000000c7300000| Untracked 
|  28|0x00000000c7400000, 0x00000000c7500000, 0x00000000c7500000|100%| O|  |TAMS 0x00000000c7500000, 0x00000000c7400000| Untracked 
|  29|0x00000000c7500000, 0x00000000c7600000, 0x00000000c7600000|100%| O|  |TAMS 0x00000000c7600000, 0x00000000c7500000| Untracked 
|  30|0x00000000c7600000, 0x00000000c7700000, 0x00000000c7700000|100%| O|  |TAMS 0x00000000c7700000, 0x00000000c7600000| Untracked 
|  31|0x00000000c7700000, 0x00000000c7800000, 0x00000000c7800000|100%| O|  |TAMS 0x00000000c7800000, 0x00000000c7700000| Untracked 
|  32|0x00000000c7800000, 0x00000000c7900000, 0x00000000c7900000|100%| O|  |TAMS 0x00000000c7900000, 0x00000000c7800000| Untracked 
|  33|0x00000000c7900000, 0x00000000c7a00000, 0x00000000c7a00000|100%| O|  |TAMS 0x00000000c7a00000, 0x00000000c7900000| Untracked 
|  34|0x00000000c7a00000, 0x00000000c7b00000, 0x00000000c7b00000|100%| O|  |TAMS 0x00000000c7b00000, 0x00000000c7a00000| Untracked 
|  35|0x00000000c7b00000, 0x00000000c7c00000, 0x00000000c7c00000|100%| O|  |TAMS 0x00000000c7c00000, 0x00000000c7b00000| Untracked 
|  36|0x00000000c7c00000, 0x00000000c7d00000, 0x00000000c7d00000|100%| O|  |TAMS 0x00000000c7d00000, 0x00000000c7c00000| Untracked 
|  37|0x00000000c7d00000, 0x00000000c7e00000, 0x00000000c7e00000|100%| O|  |TAMS 0x00000000c7e00000, 0x00000000c7d00000| Untracked 
|  38|0x00000000c7e00000, 0x00000000c7f00000, 0x00000000c7f00000|100%| O|  |TAMS 0x00000000c7f00000, 0x00000000c7e00000| Untracked 
|  39|0x00000000c7f00000, 0x00000000c8000000, 0x00000000c8000000|100%| O|  |TAMS 0x00000000c8000000, 0x00000000c7f00000| Untracked 
|  40|0x00000000c8000000, 0x00000000c8100000, 0x00000000c8100000|100%| O|  |TAMS 0x00000000c8100000, 0x00000000c8000000| Untracked 
|  41|0x00000000c8100000, 0x00000000c8200000, 0x00000000c8200000|100%| O|  |TAMS 0x00000000c8200000, 0x00000000c8100000| Untracked 
|  42|0x00000000c8200000, 0x00000000c8300000, 0x00000000c8300000|100%| O|  |TAMS 0x00000000c8300000, 0x00000000c8200000| Untracked 
|  43|0x00000000c8300000, 0x00000000c8400000, 0x00000000c8400000|100%| O|  |TAMS 0x00000000c8400000, 0x00000000c8300000| Untracked 
|  44|0x00000000c8400000, 0x00000000c8500000, 0x00000000c8500000|100%| O|  |TAMS 0x00000000c8500000, 0x00000000c8400000| Untracked 
|  45|0x00000000c8500000, 0x00000000c8600000, 0x00000000c8600000|100%| O|  |TAMS 0x00000000c8600000, 0x00000000c8500000| Untracked 
|  46|0x00000000c8600000, 0x00000000c8700000, 0x00000000c8700000|100%| O|  |TAMS 0x00000000c8700000, 0x00000000c8600000| Untracked 
|  47|0x00000000c8700000, 0x00000000c8800000, 0x00000000c8800000|100%| O|  |TAMS 0x00000000c8800000, 0x00000000c8700000| Untracked 
|  48|0x00000000c8800000, 0x00000000c8900000, 0x00000000c8900000|100%| O|  |TAMS 0x00000000c8900000, 0x00000000c8800000| Untracked 
|  49|0x00000000c8900000, 0x00000000c8a00000, 0x00000000c8a00000|100%| O|  |TAMS 0x00000000c8a00000, 0x00000000c8900000| Untracked 
|  50|0x00000000c8a00000, 0x00000000c8b00000, 0x00000000c8b00000|100%| O|  |TAMS 0x00000000c8b00000, 0x00000000c8a00000| Untracked 
|  51|0x00000000c8b00000, 0x00000000c8c00000, 0x00000000c8c00000|100%| O|  |TAMS 0x00000000c8c00000, 0x00000000c8b00000| Untracked 
|  52|0x00000000c8c00000, 0x00000000c8d00000, 0x00000000c8d00000|100%| O|  |TAMS 0x00000000c8d00000, 0x00000000c8c00000| Untracked 
|  53|0x00000000c8d00000, 0x00000000c8dbb200, 0x00000000c8e00000| 73%| O|  |TAMS 0x00000000c8dbb200, 0x00000000c8d00000| Untracked 
|  54|0x00000000c8e00000, 0x00000000c8e00000, 0x00000000c8f00000|  0%| F|  |TAMS 0x00000000c8e00000, 0x00000000c8e00000| Untracked 
|  55|0x00000000c8f00000, 0x00000000c8f00000, 0x00000000c9000000|  0%| F|  |TAMS 0x00000000c8f00000, 0x00000000c8f00000| Untracked 
|  56|0x00000000c9000000, 0x00000000c9000000, 0x00000000c9100000|  0%| F|  |TAMS 0x00000000c9000000, 0x00000000c9000000| Untracked 
|  57|0x00000000c9100000, 0x00000000c9100000, 0x00000000c9200000|  0%| F|  |TAMS 0x00000000c9100000, 0x00000000c9100000| Untracked 
|  58|0x00000000c9200000, 0x00000000c9200000, 0x00000000c9300000|  0%| F|  |TAMS 0x00000000c9200000, 0x00000000c9200000| Untracked 
|  59|0x00000000c9300000, 0x00000000c9300000, 0x00000000c9400000|  0%| F|  |TAMS 0x00000000c9300000, 0x00000000c9300000| Untracked 
|  60|0x00000000c9400000, 0x00000000c9400000, 0x00000000c9500000|  0%| F|  |TAMS 0x00000000c9400000, 0x00000000c9400000| Untracked 
|  61|0x00000000c9500000, 0x00000000c9500000, 0x00000000c9600000|  0%| F|  |TAMS 0x00000000c9500000, 0x00000000c9500000| Untracked 
|  62|0x00000000c9600000, 0x00000000c9600000, 0x00000000c9700000|  0%| F|  |TAMS 0x00000000c9600000, 0x00000000c9600000| Untracked 
|  63|0x00000000c9700000, 0x00000000c9700000, 0x00000000c9800000|  0%| F|  |TAMS 0x00000000c9700000, 0x00000000c9700000| Untracked 
|  64|0x00000000c9800000, 0x00000000c9800000, 0x00000000c9900000|  0%| F|  |TAMS 0x00000000c9800000, 0x00000000c9800000| Untracked 
|  65|0x00000000c9900000, 0x00000000c9900000, 0x00000000c9a00000|  0%| F|  |TAMS 0x00000000c9900000, 0x00000000c9900000| Untracked 
|  66|0x00000000c9a00000, 0x00000000c9a00000, 0x00000000c9b00000|  0%| F|  |TAMS 0x00000000c9a00000, 0x00000000c9a00000| Untracked 
|  67|0x00000000c9b00000, 0x00000000c9b00000, 0x00000000c9c00000|  0%| F|  |TAMS 0x00000000c9b00000, 0x00000000c9b00000| Untracked 
|  68|0x00000000c9c00000, 0x00000000c9c00000, 0x00000000c9d00000|  0%| F|  |TAMS 0x00000000c9c00000, 0x00000000c9c00000| Untracked 
|  69|0x00000000c9d00000, 0x00000000c9df5a00, 0x00000000c9e00000| 95%| S|CS|TAMS 0x00000000c9d00000, 0x00000000c9d00000| Complete 
|  70|0x00000000c9e00000, 0x00000000c9f00000, 0x00000000c9f00000|100%| S|CS|TAMS 0x00000000c9e00000, 0x00000000c9e00000| Complete 
|  71|0x00000000c9f00000, 0x00000000c9f00000, 0x00000000ca000000|  0%| F|  |TAMS 0x00000000c9f00000, 0x00000000c9f00000| Untracked 
|  72|0x00000000ca000000, 0x00000000ca000000, 0x00000000ca100000|  0%| F|  |TAMS 0x00000000ca000000, 0x00000000ca000000| Untracked 
|  73|0x00000000ca100000, 0x00000000ca100000, 0x00000000ca200000|  0%| F|  |TAMS 0x00000000ca100000, 0x00000000ca100000| Untracked 
|  74|0x00000000ca200000, 0x00000000ca200000, 0x00000000ca300000|  0%| F|  |TAMS 0x00000000ca200000, 0x00000000ca200000| Untracked 
|  75|0x00000000ca300000, 0x00000000ca300000, 0x00000000ca400000|  0%| F|  |TAMS 0x00000000ca300000, 0x00000000ca300000| Untracked 
|  76|0x00000000ca400000, 0x00000000ca400000, 0x00000000ca500000|  0%| F|  |TAMS 0x00000000ca400000, 0x00000000ca400000| Untracked 
|  77|0x00000000ca500000, 0x00000000ca500000, 0x00000000ca600000|  0%| F|  |TAMS 0x00000000ca500000, 0x00000000ca500000| Untracked 
|  78|0x00000000ca600000, 0x00000000ca600000, 0x00000000ca700000|  0%| F|  |TAMS 0x00000000ca600000, 0x00000000ca600000| Untracked 
|  79|0x00000000ca700000, 0x00000000ca700000, 0x00000000ca800000|  0%| F|  |TAMS 0x00000000ca700000, 0x00000000ca700000| Untracked 
|  80|0x00000000ca800000, 0x00000000ca800000, 0x00000000ca900000|  0%| F|  |TAMS 0x00000000ca800000, 0x00000000ca800000| Untracked 
|  81|0x00000000ca900000, 0x00000000ca900000, 0x00000000caa00000|  0%| F|  |TAMS 0x00000000ca900000, 0x00000000ca900000| Untracked 
|  82|0x00000000caa00000, 0x00000000caa00000, 0x00000000cab00000|  0%| F|  |TAMS 0x00000000caa00000, 0x00000000caa00000| Untracked 
|  83|0x00000000cab00000, 0x00000000cab00000, 0x00000000cac00000|  0%| F|  |TAMS 0x00000000cab00000, 0x00000000cab00000| Untracked 
|  84|0x00000000cac00000, 0x00000000cac00000, 0x00000000cad00000|  0%| F|  |TAMS 0x00000000cac00000, 0x00000000cac00000| Untracked 
|  85|0x00000000cad00000, 0x00000000cad00000, 0x00000000cae00000|  0%| F|  |TAMS 0x00000000cad00000, 0x00000000cad00000| Untracked 
|  86|0x00000000cae00000, 0x00000000cae00000, 0x00000000caf00000|  0%| F|  |TAMS 0x00000000cae00000, 0x00000000cae00000| Untracked 
|  87|0x00000000caf00000, 0x00000000caf00000, 0x00000000cb000000|  0%| F|  |TAMS 0x00000000caf00000, 0x00000000caf00000| Untracked 
|  88|0x00000000cb000000, 0x00000000cb000000, 0x00000000cb100000|  0%| F|  |TAMS 0x00000000cb000000, 0x00000000cb000000| Untracked 
|  89|0x00000000cb100000, 0x00000000cb100000, 0x00000000cb200000|  0%| F|  |TAMS 0x00000000cb100000, 0x00000000cb100000| Untracked 
|  90|0x00000000cb200000, 0x00000000cb200000, 0x00000000cb300000|  0%| F|  |TAMS 0x00000000cb200000, 0x00000000cb200000| Untracked 
|  91|0x00000000cb300000, 0x00000000cb300000, 0x00000000cb400000|  0%| F|  |TAMS 0x00000000cb300000, 0x00000000cb300000| Untracked 
|  92|0x00000000cb400000, 0x00000000cb400000, 0x00000000cb500000|  0%| F|  |TAMS 0x00000000cb400000, 0x00000000cb400000| Untracked 
|  93|0x00000000cb500000, 0x00000000cb500000, 0x00000000cb600000|  0%| F|  |TAMS 0x00000000cb500000, 0x00000000cb500000| Untracked 
|  94|0x00000000cb600000, 0x00000000cb600000, 0x00000000cb700000|  0%| F|  |TAMS 0x00000000cb600000, 0x00000000cb600000| Untracked 
|  95|0x00000000cb700000, 0x00000000cb700000, 0x00000000cb800000|  0%| F|  |TAMS 0x00000000cb700000, 0x00000000cb700000| Untracked 
|  96|0x00000000cb800000, 0x00000000cb800000, 0x00000000cb900000|  0%| F|  |TAMS 0x00000000cb800000, 0x00000000cb800000| Untracked 
|  97|0x00000000cb900000, 0x00000000cb900000, 0x00000000cba00000|  0%| F|  |TAMS 0x00000000cb900000, 0x00000000cb900000| Untracked 
|  98|0x00000000cba00000, 0x00000000cba82028, 0x00000000cbb00000| 50%| E|  |TAMS 0x00000000cba00000, 0x00000000cba00000| Complete 
|  99|0x00000000cbb00000, 0x00000000cbc00000, 0x00000000cbc00000|100%| E|CS|TAMS 0x00000000cbb00000, 0x00000000cbb00000| Complete 
| 100|0x00000000cbc00000, 0x00000000cbd00000, 0x00000000cbd00000|100%| E|CS|TAMS 0x00000000cbc00000, 0x00000000cbc00000| Complete 
| 101|0x00000000cbd00000, 0x00000000cbe00000, 0x00000000cbe00000|100%| E|CS|TAMS 0x00000000cbd00000, 0x00000000cbd00000| Complete 
| 102|0x00000000cbe00000, 0x00000000cbf00000, 0x00000000cbf00000|100%| E|CS|TAMS 0x00000000cbe00000, 0x00000000cbe00000| Complete 
| 103|0x00000000cbf00000, 0x00000000cc000000, 0x00000000cc000000|100%| E|CS|TAMS 0x00000000cbf00000, 0x00000000cbf00000| Complete 
| 104|0x00000000cc000000, 0x00000000cc100000, 0x00000000cc100000|100%| E|CS|TAMS 0x00000000cc000000, 0x00000000cc000000| Complete 
| 105|0x00000000cc100000, 0x00000000cc200000, 0x00000000cc200000|100%| E|CS|TAMS 0x00000000cc100000, 0x00000000cc100000| Complete 
| 106|0x00000000cc200000, 0x00000000cc300000, 0x00000000cc300000|100%| E|CS|TAMS 0x00000000cc200000, 0x00000000cc200000| Complete 
| 107|0x00000000cc300000, 0x00000000cc400000, 0x00000000cc400000|100%| E|CS|TAMS 0x00000000cc300000, 0x00000000cc300000| Complete 
| 108|0x00000000cc400000, 0x00000000cc500000, 0x00000000cc500000|100%| E|CS|TAMS 0x00000000cc400000, 0x00000000cc400000| Complete 
| 109|0x00000000cc500000, 0x00000000cc600000, 0x00000000cc600000|100%| E|CS|TAMS 0x00000000cc500000, 0x00000000cc500000| Complete 
| 110|0x00000000cc600000, 0x00000000cc700000, 0x00000000cc700000|100%| E|CS|TAMS 0x00000000cc600000, 0x00000000cc600000| Complete 
| 111|0x00000000cc700000, 0x00000000cc800000, 0x00000000cc800000|100%| E|CS|TAMS 0x00000000cc700000, 0x00000000cc700000| Complete 
| 112|0x00000000cc800000, 0x00000000cc900000, 0x00000000cc900000|100%| E|CS|TAMS 0x00000000cc800000, 0x00000000cc800000| Complete 
| 113|0x00000000cc900000, 0x00000000cca00000, 0x00000000cca00000|100%| E|CS|TAMS 0x00000000cc900000, 0x00000000cc900000| Complete 
| 114|0x00000000cca00000, 0x00000000ccb00000, 0x00000000ccb00000|100%| E|CS|TAMS 0x00000000cca00000, 0x00000000cca00000| Complete 
| 115|0x00000000ccb00000, 0x00000000ccc00000, 0x00000000ccc00000|100%| E|CS|TAMS 0x00000000ccb00000, 0x00000000ccb00000| Complete 
| 116|0x00000000ccc00000, 0x00000000ccd00000, 0x00000000ccd00000|100%| E|CS|TAMS 0x00000000ccc00000, 0x00000000ccc00000| Complete 
| 117|0x00000000ccd00000, 0x00000000cce00000, 0x00000000cce00000|100%| E|CS|TAMS 0x00000000ccd00000, 0x00000000ccd00000| Complete 
| 118|0x00000000cce00000, 0x00000000ccf00000, 0x00000000ccf00000|100%| E|CS|TAMS 0x00000000cce00000, 0x00000000cce00000| Complete 
| 119|0x00000000ccf00000, 0x00000000cd000000, 0x00000000cd000000|100%| E|CS|TAMS 0x00000000ccf00000, 0x00000000ccf00000| Complete 
| 120|0x00000000cd000000, 0x00000000cd100000, 0x00000000cd100000|100%| E|CS|TAMS 0x00000000cd000000, 0x00000000cd000000| Complete 
| 121|0x00000000cd100000, 0x00000000cd200000, 0x00000000cd200000|100%| E|CS|TAMS 0x00000000cd100000, 0x00000000cd100000| Complete 
| 122|0x00000000cd200000, 0x00000000cd300000, 0x00000000cd300000|100%| E|CS|TAMS 0x00000000cd200000, 0x00000000cd200000| Complete 
| 123|0x00000000cd300000, 0x00000000cd400000, 0x00000000cd400000|100%| E|CS|TAMS 0x00000000cd300000, 0x00000000cd300000| Complete 
| 124|0x00000000cd400000, 0x00000000cd500000, 0x00000000cd500000|100%| E|CS|TAMS 0x00000000cd400000, 0x00000000cd400000| Complete 
| 125|0x00000000cd500000, 0x00000000cd600000, 0x00000000cd600000|100%| E|CS|TAMS 0x00000000cd500000, 0x00000000cd500000| Complete 
| 126|0x00000000cd600000, 0x00000000cd700000, 0x00000000cd700000|100%| E|CS|TAMS 0x00000000cd600000, 0x00000000cd600000| Complete 
| 127|0x00000000cd700000, 0x00000000cd800000, 0x00000000cd800000|100%| E|CS|TAMS 0x00000000cd700000, 0x00000000cd700000| Complete 
| 128|0x00000000cd800000, 0x00000000cd900000, 0x00000000cd900000|100%| E|CS|TAMS 0x00000000cd800000, 0x00000000cd800000| Complete 
| 129|0x00000000cd900000, 0x00000000cda00000, 0x00000000cda00000|100%| E|CS|TAMS 0x00000000cd900000, 0x00000000cd900000| Complete 
| 130|0x00000000cda00000, 0x00000000cdb00000, 0x00000000cdb00000|100%| E|CS|TAMS 0x00000000cda00000, 0x00000000cda00000| Complete 
| 131|0x00000000cdb00000, 0x00000000cdc00000, 0x00000000cdc00000|100%| E|CS|TAMS 0x00000000cdb00000, 0x00000000cdb00000| Complete 
| 132|0x00000000cdc00000, 0x00000000cdd00000, 0x00000000cdd00000|100%| E|CS|TAMS 0x00000000cdc00000, 0x00000000cdc00000| Complete 
| 133|0x00000000cdd00000, 0x00000000cde00000, 0x00000000cde00000|100%| E|CS|TAMS 0x00000000cdd00000, 0x00000000cdd00000| Complete 
| 134|0x00000000cde00000, 0x00000000cdf00000, 0x00000000cdf00000|100%| E|CS|TAMS 0x00000000cde00000, 0x00000000cde00000| Complete 
| 135|0x00000000cdf00000, 0x00000000ce000000, 0x00000000ce000000|100%| E|CS|TAMS 0x00000000cdf00000, 0x00000000cdf00000| Complete 
| 136|0x00000000ce000000, 0x00000000ce100000, 0x00000000ce100000|100%| E|CS|TAMS 0x00000000ce000000, 0x00000000ce000000| Complete 
| 137|0x00000000ce100000, 0x00000000ce200000, 0x00000000ce200000|100%| E|CS|TAMS 0x00000000ce100000, 0x00000000ce100000| Complete 
| 138|0x00000000ce200000, 0x00000000ce300000, 0x00000000ce300000|100%| E|CS|TAMS 0x00000000ce200000, 0x00000000ce200000| Complete 
| 139|0x00000000ce300000, 0x00000000ce400000, 0x00000000ce400000|100%| E|CS|TAMS 0x00000000ce300000, 0x00000000ce300000| Complete 
| 140|0x00000000ce400000, 0x00000000ce500000, 0x00000000ce500000|100%| E|CS|TAMS 0x00000000ce400000, 0x00000000ce400000| Complete 
| 141|0x00000000ce500000, 0x00000000ce600000, 0x00000000ce600000|100%| E|CS|TAMS 0x00000000ce500000, 0x00000000ce500000| Complete 
| 142|0x00000000ce600000, 0x00000000ce700000, 0x00000000ce700000|100%| E|CS|TAMS 0x00000000ce600000, 0x00000000ce600000| Complete 
| 143|0x00000000ce700000, 0x00000000ce800000, 0x00000000ce800000|100%| E|CS|TAMS 0x00000000ce700000, 0x00000000ce700000| Complete 
| 144|0x00000000ce800000, 0x00000000ce900000, 0x00000000ce900000|100%| E|CS|TAMS 0x00000000ce800000, 0x00000000ce800000| Complete 
| 145|0x00000000ce900000, 0x00000000cea00000, 0x00000000cea00000|100%| E|CS|TAMS 0x00000000ce900000, 0x00000000ce900000| Complete 
| 146|0x00000000cea00000, 0x00000000ceb00000, 0x00000000ceb00000|100%| E|CS|TAMS 0x00000000cea00000, 0x00000000cea00000| Complete 
| 147|0x00000000ceb00000, 0x00000000cec00000, 0x00000000cec00000|100%| E|CS|TAMS 0x00000000ceb00000, 0x00000000ceb00000| Complete 
| 148|0x00000000cec00000, 0x00000000ced00000, 0x00000000ced00000|100%| E|CS|TAMS 0x00000000cec00000, 0x00000000cec00000| Complete 
| 149|0x00000000ced00000, 0x00000000cee00000, 0x00000000cee00000|100%| E|CS|TAMS 0x00000000ced00000, 0x00000000ced00000| Complete 
| 150|0x00000000cee00000, 0x00000000cef00000, 0x00000000cef00000|100%| E|CS|TAMS 0x00000000cee00000, 0x00000000cee00000| Complete 
| 151|0x00000000cef00000, 0x00000000cf000000, 0x00000000cf000000|100%| E|CS|TAMS 0x00000000cef00000, 0x00000000cef00000| Complete 
| 152|0x00000000cf000000, 0x00000000cf100000, 0x00000000cf100000|100%| E|CS|TAMS 0x00000000cf000000, 0x00000000cf000000| Complete 
| 153|0x00000000cf100000, 0x00000000cf200000, 0x00000000cf200000|100%| E|CS|TAMS 0x00000000cf100000, 0x00000000cf100000| Complete 
| 154|0x00000000cf200000, 0x00000000cf300000, 0x00000000cf300000|100%| E|CS|TAMS 0x00000000cf200000, 0x00000000cf200000| Complete 
| 155|0x00000000cf300000, 0x00000000cf400000, 0x00000000cf400000|100%| E|CS|TAMS 0x00000000cf300000, 0x00000000cf300000| Complete 
| 156|0x00000000cf400000, 0x00000000cf500000, 0x00000000cf500000|100%| E|CS|TAMS 0x00000000cf400000, 0x00000000cf400000| Complete 
| 157|0x00000000cf500000, 0x00000000cf600000, 0x00000000cf600000|100%| E|CS|TAMS 0x00000000cf500000, 0x00000000cf500000| Complete 
| 158|0x00000000cf600000, 0x00000000cf700000, 0x00000000cf700000|100%| E|CS|TAMS 0x00000000cf600000, 0x00000000cf600000| Complete 
| 159|0x00000000cf700000, 0x00000000cf800000, 0x00000000cf800000|100%| E|CS|TAMS 0x00000000cf700000, 0x00000000cf700000| Complete 
| 160|0x00000000cf800000, 0x00000000cf900000, 0x00000000cf900000|100%| E|CS|TAMS 0x00000000cf800000, 0x00000000cf800000| Complete 
| 161|0x00000000cf900000, 0x00000000cfa00000, 0x00000000cfa00000|100%| E|CS|TAMS 0x00000000cf900000, 0x00000000cf900000| Complete 
| 162|0x00000000cfa00000, 0x00000000cfb00000, 0x00000000cfb00000|100%| E|CS|TAMS 0x00000000cfa00000, 0x00000000cfa00000| Complete 
| 163|0x00000000cfb00000, 0x00000000cfc00000, 0x00000000cfc00000|100%| E|CS|TAMS 0x00000000cfb00000, 0x00000000cfb00000| Complete 
| 164|0x00000000cfc00000, 0x00000000cfd00000, 0x00000000cfd00000|100%| E|CS|TAMS 0x00000000cfc00000, 0x00000000cfc00000| Complete 
| 165|0x00000000cfd00000, 0x00000000cfe00000, 0x00000000cfe00000|100%| E|CS|TAMS 0x00000000cfd00000, 0x00000000cfd00000| Complete 
| 166|0x00000000cfe00000, 0x00000000cff00000, 0x00000000cff00000|100%| E|CS|TAMS 0x00000000cfe00000, 0x00000000cfe00000| Complete 
| 167|0x00000000cff00000, 0x00000000d0000000, 0x00000000d0000000|100%| E|CS|TAMS 0x00000000cff00000, 0x00000000cff00000| Complete 
| 168|0x00000000d0000000, 0x00000000d0100000, 0x00000000d0100000|100%| E|CS|TAMS 0x00000000d0000000, 0x00000000d0000000| Complete 
| 169|0x00000000d0100000, 0x00000000d0200000, 0x00000000d0200000|100%| E|CS|TAMS 0x00000000d0100000, 0x00000000d0100000| Complete 
| 170|0x00000000d0200000, 0x00000000d0300000, 0x00000000d0300000|100%| E|CS|TAMS 0x00000000d0200000, 0x00000000d0200000| Complete 
| 171|0x00000000d0300000, 0x00000000d0400000, 0x00000000d0400000|100%| E|CS|TAMS 0x00000000d0300000, 0x00000000d0300000| Complete 
| 172|0x00000000d0400000, 0x00000000d0500000, 0x00000000d0500000|100%| E|CS|TAMS 0x00000000d0400000, 0x00000000d0400000| Complete 
| 173|0x00000000d0500000, 0x00000000d0600000, 0x00000000d0600000|100%| E|CS|TAMS 0x00000000d0500000, 0x00000000d0500000| Complete 
| 174|0x00000000d0600000, 0x00000000d0700000, 0x00000000d0700000|100%| E|CS|TAMS 0x00000000d0600000, 0x00000000d0600000| Complete 
| 175|0x00000000d0700000, 0x00000000d0800000, 0x00000000d0800000|100%| E|CS|TAMS 0x00000000d0700000, 0x00000000d0700000| Complete 
| 176|0x00000000d0800000, 0x00000000d0900000, 0x00000000d0900000|100%| E|CS|TAMS 0x00000000d0800000, 0x00000000d0800000| Complete 
| 177|0x00000000d0900000, 0x00000000d0a00000, 0x00000000d0a00000|100%| E|CS|TAMS 0x00000000d0900000, 0x00000000d0900000| Complete 
| 178|0x00000000d0a00000, 0x00000000d0b00000, 0x00000000d0b00000|100%| E|CS|TAMS 0x00000000d0a00000, 0x00000000d0a00000| Complete 
| 179|0x00000000d0b00000, 0x00000000d0c00000, 0x00000000d0c00000|100%| E|CS|TAMS 0x00000000d0b00000, 0x00000000d0b00000| Complete 
| 180|0x00000000d0c00000, 0x00000000d0d00000, 0x00000000d0d00000|100%| E|CS|TAMS 0x00000000d0c00000, 0x00000000d0c00000| Complete 
| 181|0x00000000d0d00000, 0x00000000d0e00000, 0x00000000d0e00000|100%| E|CS|TAMS 0x00000000d0d00000, 0x00000000d0d00000| Complete 
| 182|0x00000000d0e00000, 0x00000000d0f00000, 0x00000000d0f00000|100%| E|CS|TAMS 0x00000000d0e00000, 0x00000000d0e00000| Complete 
| 183|0x00000000d0f00000, 0x00000000d1000000, 0x00000000d1000000|100%| E|CS|TAMS 0x00000000d0f00000, 0x00000000d0f00000| Complete 
| 184|0x00000000d1000000, 0x00000000d1100000, 0x00000000d1100000|100%| E|CS|TAMS 0x00000000d1000000, 0x00000000d1000000| Complete 
| 185|0x00000000d1100000, 0x00000000d1200000, 0x00000000d1200000|100%| E|CS|TAMS 0x00000000d1100000, 0x00000000d1100000| Complete 
| 278|0x00000000d6e00000, 0x00000000d6f00000, 0x00000000d6f00000|100%| E|CS|TAMS 0x00000000d6e00000, 0x00000000d6e00000| Complete 

Card table byte_map: [0x0000022ce0b00000,0x0000022ce0ce0000] _byte_map_base: 0x0000022ce04d4000

Marking Bits (Prev, Next): (CMBitMap*) 0x0000022cc9e37bd0, (CMBitMap*) 0x0000022cc9e37c10
 Prev Bits: [0x0000022ce0ec0000, 0x0000022ce1d60000)
 Next Bits: [0x0000022ce1d60000, 0x0000022ce2c00000)

Polling page: 0x0000022cc7cf0000

Metaspace:

Usage:
  Non-class:     50.06 MB used.
      Class:      6.46 MB used.
       Both:     56.52 MB used.

Virtual space:
  Non-class space:       64.00 MB reserved,      50.25 MB ( 79%) committed,  1 nodes.
      Class space:        1.00 GB reserved,       6.62 MB ( <1%) committed,  1 nodes.
             Both:        1.06 GB reserved,      56.88 MB (  5%) committed. 

Chunk freelists:
   Non-Class:  12.61 MB
       Class:  9.41 MB
        Both:  22.02 MB

MaxMetaspaceSize: unlimited
CompressedClassSpaceSize: 1.00 GB
Initial GC threshold: 21.00 MB
Current GC threshold: 89.50 MB
CDS: on
MetaspaceReclaimPolicy: balanced
 - commit_granule_bytes: 65536.
 - commit_granule_words: 8192.
 - virtual_space_node_default_size: 8388608.
 - enlarge_chunks_in_place: 1.
 - new_chunks_are_fully_committed: 0.
 - uncommit_free_chunks: 1.
 - use_allocation_guard: 0.
 - handle_deallocations: 1.


Internal statistics:

num_allocs_failed_limit: 6.
num_arena_births: 318.
num_arena_deaths: 0.
num_vsnodes_births: 2.
num_vsnodes_deaths: 0.
num_space_committed: 908.
num_space_uncommitted: 0.
num_chunks_returned_to_freelist: 6.
num_chunks_taken_from_freelist: 2448.
num_chunk_merges: 6.
num_chunk_splits: 1922.
num_chunks_enlarged: 1668.
num_inconsistent_stats: 0.

CodeHeap 'non-profiled nmethods': size=120000Kb used=4864Kb max_used=4864Kb free=115136Kb
 bounds [0x0000022cd93f0000, 0x0000022cd98d0000, 0x0000022ce0920000]
CodeHeap 'profiled nmethods': size=120000Kb used=26406Kb max_used=27872Kb free=93593Kb
 bounds [0x0000022cd1920000, 0x0000022cd3490000, 0x0000022cd8e50000]
CodeHeap 'non-nmethods': size=5760Kb used=1313Kb max_used=1373Kb free=4446Kb
 bounds [0x0000022cd8e50000, 0x0000022cd90c0000, 0x0000022cd93f0000]
 total_blobs=9912 nmethods=9303 adapters=518
 compilation: enabled
              stopped_count=0, restarted_count=0
 full_count=0

Compilation events (20 events):
Event: 29.406 Thread 0x0000022ce50815e0 11808       3       javaslang.collection.HashArrayMappedTrieModule$AbstractNode$$Lambda$400/0x0000022c8167b0e8::apply (8 bytes)
Event: 29.407 Thread 0x0000022ce50815e0 nmethod 11808 0x0000022cd2199d10 code [0x0000022cd2199f00, 0x0000022cd219a538]
Event: 29.414 Thread 0x0000022ce50815e0 11805       3       javaslang.collection.List::prepend (11 bytes)
Event: 29.415 Thread 0x0000022ce50815e0 nmethod 11805 0x0000022cd1ea0610 code [0x0000022cd1ea07e0, 0x0000022cd1ea0be8]
Event: 29.415 Thread 0x0000022ce50815e0 11806       1       org.jetbrains.kotlin.com.google.common.collect.LinkedHashMultimap$ValueSet::access$000 (5 bytes)
Event: 29.416 Thread 0x0000022ce50815e0 nmethod 11806 0x0000022cd97ed410 code [0x0000022cd97ed5a0, 0x0000022cd97ed658]
Event: 29.416 Thread 0x0000022ce50815e0 11807       1       org.jetbrains.kotlin.resolve.VariableTypeAndInitializerResolver::access$getStorageManager$p (5 bytes)
Event: 29.417 Thread 0x0000022ce50815e0 nmethod 11807 0x0000022cd97ed110 code [0x0000022cd97ed2a0, 0x0000022cd97ed358]
Event: 29.513 Thread 0x0000022ce50815e0 11812       3       org.jetbrains.kotlin.resolve.calls.inference.components.VariableFixationFinder::isProperType (165 bytes)
Event: 29.534 Thread 0x0000022ce50815e0 nmethod 11812 0x0000022cd2511b90 code [0x0000022cd2511f60, 0x0000022cd2513d68]
Event: 29.534 Thread 0x0000022ce50815e0 11814       3       org.jetbrains.kotlin.types.expressions.KotlinTypeInfo::replaceJumpFlowInfo (42 bytes)
Event: 29.534 Thread 0x0000022ce50815e0 nmethod 11814 0x0000022cd1aa3210 code [0x0000022cd1aa3460, 0x0000022cd1aa3d18]
Event: 29.543 Thread 0x0000022ce50815e0 11813       1       java.util.stream.AbstractPipeline::getStreamAndOpFlags (5 bytes)
Event: 29.543 Thread 0x0000022ce50815e0 nmethod 11813 0x0000022cd97ece10 code [0x0000022cd97ecfa0, 0x0000022cd97ed078]
Event: 29.546 Thread 0x0000022ce50815e0 11816       3       org.jetbrains.kotlin.psi.KtExpressionWithLabel::getTargetLabel (36 bytes)
Event: 29.551 Thread 0x0000022ce50815e0 nmethod 11816 0x0000022cd1bf7290 code [0x0000022cd1bf7500, 0x0000022cd1bf8358]
Event: 29.551 Thread 0x0000022ce50815e0 11817       3       org.jetbrains.kotlin.psi.KtExpressionWithLabel::getLabelQualifier (11 bytes)
Event: 29.552 Thread 0x0000022ce50815e0 nmethod 11817 0x0000022cd223e090 code [0x0000022cd223e280, 0x0000022cd223e8c8]
Event: 29.571 Thread 0x0000022ce50815e0 11818       3       org.jetbrains.kotlin.resolve.TypeResolver::resolveType (58 bytes)
Event: 29.572 Thread 0x0000022ce50815e0 nmethod 11818 0x0000022cd1d24190 code [0x0000022cd1d24360, 0x0000022cd1d24628]

GC Heap History (20 events):
Event: 11.046 GC heap before
{Heap before GC invocations=13 (full 0):
 garbage-first heap   total 73728K, used 56320K [0x00000000c5800000, 0x0000000100000000)
  region size 1024K, 19 young (19456K), 3 survivors (3072K)
 Metaspace       used 46595K, committed 46912K, reserved 1114112K
  class space    used 5520K, committed 5696K, reserved 1048576K
}
Event: 11.063 GC heap after
{Heap after GC invocations=14 (full 0):
 garbage-first heap   total 73728K, used 43079K [0x00000000c5800000, 0x0000000100000000)
  region size 1024K, 3 young (3072K), 3 survivors (3072K)
 Metaspace       used 46595K, committed 46912K, reserved 1114112K
  class space    used 5520K, committed 5696K, reserved 1048576K
}
Event: 11.407 GC heap before
{Heap before GC invocations=15 (full 0):
 garbage-first heap   total 76800K, used 57415K [0x00000000c5800000, 0x0000000100000000)
  region size 1024K, 17 young (17408K), 3 survivors (3072K)
 Metaspace       used 46656K, committed 46976K, reserved 1114112K
  class space    used 5523K, committed 5696K, reserved 1048576K
}
Event: 11.420 GC heap after
{Heap after GC invocations=16 (full 0):
 garbage-first heap   total 76800K, used 46080K [0x00000000c5800000, 0x0000000100000000)
  region size 1024K, 3 young (3072K), 3 survivors (3072K)
 Metaspace       used 46656K, committed 46976K, reserved 1114112K
  class space    used 5523K, committed 5696K, reserved 1048576K
}
Event: 11.430 GC heap before
{Heap before GC invocations=16 (full 0):
 garbage-first heap   total 76800K, used 47104K [0x00000000c5800000, 0x0000000100000000)
  region size 1024K, 4 young (4096K), 3 survivors (3072K)
 Metaspace       used 46659K, committed 46976K, reserved 1114112K
  class space    used 5523K, committed 5696K, reserved 1048576K
}
Event: 11.439 GC heap after
{Heap after GC invocations=17 (full 0):
 garbage-first heap   total 95232K, used 45614K [0x00000000c5800000, 0x0000000100000000)
  region size 1024K, 1 young (1024K), 1 survivors (1024K)
 Metaspace       used 46659K, committed 46976K, reserved 1114112K
  class space    used 5523K, committed 5696K, reserved 1048576K
}
Event: 11.814 GC heap before
{Heap before GC invocations=17 (full 0):
 garbage-first heap   total 95232K, used 70190K [0x00000000c5800000, 0x0000000100000000)
  region size 1024K, 26 young (26624K), 1 survivors (1024K)
 Metaspace       used 46730K, committed 47040K, reserved 1114112K
  class space    used 5525K, committed 5696K, reserved 1048576K
}
Event: 11.825 GC heap after
{Heap after GC invocations=18 (full 0):
 garbage-first heap   total 95232K, used 50004K [0x00000000c5800000, 0x0000000100000000)
  region size 1024K, 4 young (4096K), 4 survivors (4096K)
 Metaspace       used 46730K, committed 47040K, reserved 1114112K
  class space    used 5525K, committed 5696K, reserved 1048576K
}
Event: 12.224 GC heap before
{Heap before GC invocations=19 (full 0):
 garbage-first heap   total 95232K, used 73556K [0x00000000c5800000, 0x0000000100000000)
  region size 1024K, 27 young (27648K), 4 survivors (4096K)
 Metaspace       used 47003K, committed 47296K, reserved 1114112K
  class space    used 5546K, committed 5696K, reserved 1048576K
}
Event: 12.238 GC heap after
{Heap after GC invocations=20 (full 0):
 garbage-first heap   total 95232K, used 53066K [0x00000000c5800000, 0x0000000100000000)
  region size 1024K, 3 young (3072K), 3 survivors (3072K)
 Metaspace       used 47003K, committed 47296K, reserved 1114112K
  class space    used 5546K, committed 5696K, reserved 1048576K
}
Event: 12.241 GC heap before
{Heap before GC invocations=20 (full 0):
 garbage-first heap   total 95232K, used 54090K [0x00000000c5800000, 0x0000000100000000)
  region size 1024K, 4 young (4096K), 3 survivors (3072K)
 Metaspace       used 47003K, committed 47296K, reserved 1114112K
  class space    used 5546K, committed 5696K, reserved 1048576K
}
Event: 12.248 GC heap after
{Heap after GC invocations=21 (full 0):
 garbage-first heap   total 95232K, used 52463K [0x00000000c5800000, 0x0000000100000000)
  region size 1024K, 1 young (1024K), 1 survivors (1024K)
 Metaspace       used 47003K, committed 47296K, reserved 1114112K
  class space    used 5546K, committed 5696K, reserved 1048576K
}
Event: 12.437 GC heap before
{Heap before GC invocations=21 (full 0):
 garbage-first heap   total 95232K, used 73967K [0x00000000c5800000, 0x0000000100000000)
  region size 1024K, 22 young (22528K), 1 survivors (1024K)
 Metaspace       used 47433K, committed 47744K, reserved 1114112K
  class space    used 5594K, committed 5760K, reserved 1048576K
}
Event: 12.439 GC heap after
{Heap after GC invocations=22 (full 0):
 garbage-first heap   total 95232K, used 52321K [0x00000000c5800000, 0x0000000100000000)
  region size 1024K, 1 young (1024K), 1 survivors (1024K)
 Metaspace       used 47433K, committed 47744K, reserved 1114112K
  class space    used 5594K, committed 5760K, reserved 1048576K
}
Event: 14.277 GC heap before
{Heap before GC invocations=23 (full 0):
 garbage-first heap   total 95232K, used 74849K [0x00000000c5800000, 0x0000000100000000)
  region size 1024K, 23 young (23552K), 1 survivors (1024K)
 Metaspace       used 51053K, committed 51392K, reserved 1114112K
  class space    used 6039K, committed 6208K, reserved 1048576K
}
Event: 14.287 GC heap after
{Heap after GC invocations=24 (full 0):
 garbage-first heap   total 95232K, used 54627K [0x00000000c5800000, 0x0000000100000000)
  region size 1024K, 3 young (3072K), 3 survivors (3072K)
 Metaspace       used 51053K, committed 51392K, reserved 1114112K
  class space    used 6039K, committed 6208K, reserved 1048576K
}
Event: 14.344 GC heap before
{Heap before GC invocations=24 (full 0):
 garbage-first heap   total 95232K, used 55651K [0x00000000c5800000, 0x0000000100000000)
  region size 1024K, 4 young (4096K), 3 survivors (3072K)
 Metaspace       used 51409K, committed 51712K, reserved 1114112K
  class space    used 6130K, committed 6272K, reserved 1048576K
}
Event: 14.352 GC heap after
{Heap after GC invocations=25 (full 0):
 garbage-first heap   total 95232K, used 54368K [0x00000000c5800000, 0x0000000100000000)
  region size 1024K, 1 young (1024K), 1 survivors (1024K)
 Metaspace       used 51409K, committed 51712K, reserved 1114112K
  class space    used 6130K, committed 6272K, reserved 1048576K
}
Event: 15.496 GC heap before
{Heap before GC invocations=25 (full 0):
 garbage-first heap   total 95232K, used 75872K [0x00000000c5800000, 0x0000000100000000)
  region size 1024K, 22 young (22528K), 1 survivors (1024K)
 Metaspace       used 54599K, committed 54912K, reserved 1114112K
  class space    used 6506K, committed 6656K, reserved 1048576K
}
Event: 15.506 GC heap after
{Heap after GC invocations=26 (full 0):
 garbage-first heap   total 285696K, used 56003K [0x00000000c5800000, 0x0000000100000000)
  region size 1024K, 2 young (2048K), 2 survivors (2048K)
 Metaspace       used 54599K, committed 54912K, reserved 1114112K
  class space    used 6506K, committed 6656K, reserved 1048576K
}

Dll operation events (7 events):
Event: 0.074 Loaded shared library C:\Program Files\Microsoft\jdk-17.0.11.9-hotspot\bin\java.dll
Event: 0.199 Loaded shared library C:\Program Files\Microsoft\jdk-17.0.11.9-hotspot\bin\jsvml.dll
Event: 0.480 Loaded shared library C:\Program Files\Microsoft\jdk-17.0.11.9-hotspot\bin\net.dll
Event: 0.494 Loaded shared library C:\Program Files\Microsoft\jdk-17.0.11.9-hotspot\bin\nio.dll
Event: 0.658 Loaded shared library C:\Program Files\Microsoft\jdk-17.0.11.9-hotspot\bin\zip.dll
Event: 0.714 Loaded shared library C:\Program Files\Microsoft\jdk-17.0.11.9-hotspot\bin\jimage.dll
Event: 2.891 Loaded shared library C:\Program Files\Microsoft\jdk-17.0.11.9-hotspot\bin\verify.dll

Deoptimization events (20 events):
Event: 27.122 Thread 0x0000022cc9dfbef0 Uncommon trap: trap_request=0xffffff66 fr.pc=0x0000022cd97b6778 relative=0x0000000000000138
Event: 27.122 Thread 0x0000022cc9dfbef0 Uncommon trap: reason=speculate_class_check action=maybe_recompile pc=0x0000022cd97b6778 method=org.jetbrains.kotlin.types.KotlinType.getAnnotations()Lorg/jetbrains/kotlin/descriptors/annotations/Annotations; @ 1 c2
Event: 27.122 Thread 0x0000022cc9dfbef0 DEOPT PACKING pc=0x0000022cd97b6778 sp=0x000000f339bf7ab0
Event: 27.122 Thread 0x0000022cc9dfbef0 DEOPT UNPACKING pc=0x0000022cd8eaa1a3 sp=0x000000f339bf78a8 mode 2
Event: 27.122 Thread 0x0000022cc9dfbef0 Uncommon trap: trap_request=0xffffff66 fr.pc=0x0000022cd97b6778 relative=0x0000000000000138
Event: 27.122 Thread 0x0000022cc9dfbef0 Uncommon trap: reason=speculate_class_check action=maybe_recompile pc=0x0000022cd97b6778 method=org.jetbrains.kotlin.types.KotlinType.getAnnotations()Lorg/jetbrains/kotlin/descriptors/annotations/Annotations; @ 1 c2
Event: 27.122 Thread 0x0000022cc9dfbef0 DEOPT PACKING pc=0x0000022cd97b6778 sp=0x000000f339bf7b10
Event: 27.122 Thread 0x0000022cc9dfbef0 DEOPT UNPACKING pc=0x0000022cd8eaa1a3 sp=0x000000f339bf7908 mode 2
Event: 27.252 Thread 0x0000022cc9dfbef0 Uncommon trap: trap_request=0xffffffde fr.pc=0x0000022cd981f4d0 relative=0x00000000000001f0
Event: 27.252 Thread 0x0000022cc9dfbef0 Uncommon trap: reason=class_check action=maybe_recompile pc=0x0000022cd981f4d0 method=org.jetbrains.kotlin.types.model.TypeSystemCommonSuperTypesContext.typeDepth(Lorg/jetbrains/kotlin/types/model/KotlinTypeMarker;)I @ 41 c2
Event: 27.252 Thread 0x0000022cc9dfbef0 DEOPT PACKING pc=0x0000022cd981f4d0 sp=0x000000f339bfc3a0
Event: 27.252 Thread 0x0000022cc9dfbef0 DEOPT UNPACKING pc=0x0000022cd8eaa1a3 sp=0x000000f339bfc338 mode 2
Event: 27.735 Thread 0x0000022cc9dfbef0 Uncommon trap: trap_request=0xffffff45 fr.pc=0x0000022cd984ee34 relative=0x0000000000000274
Event: 27.735 Thread 0x0000022cc9dfbef0 Uncommon trap: reason=unstable_if action=reinterpret pc=0x0000022cd984ee34 method=org.jetbrains.kotlin.descriptors.DescriptorVisibilities.findInvisibleMember(Lorg/jetbrains/kotlin/resolve/scopes/receivers/ReceiverValue;Lorg/jetbrains/kotlin/descriptors/De
Event: 27.735 Thread 0x0000022cc9dfbef0 DEOPT PACKING pc=0x0000022cd984ee34 sp=0x000000f339bf55a0
Event: 27.735 Thread 0x0000022cc9dfbef0 DEOPT UNPACKING pc=0x0000022cd8eaa1a3 sp=0x000000f339bf5530 mode 2
Event: 27.737 Thread 0x0000022cc9dfbef0 DEOPT PACKING pc=0x0000022cd320ea8c sp=0x000000f339bf6cc0
Event: 27.737 Thread 0x0000022cc9dfbef0 DEOPT UNPACKING pc=0x0000022cd8eaace3 sp=0x000000f339bf6378 mode 0
Event: 29.517 Thread 0x0000022cc9dfbef0 DEOPT PACKING pc=0x0000022cd320ea8c sp=0x000000f339bfd740
Event: 29.517 Thread 0x0000022cc9dfbef0 DEOPT UNPACKING pc=0x0000022cd8eaace3 sp=0x000000f339bfcdf8 mode 0

Classes unloaded (0 events):
No events

Classes redefined (0 events):
No events

Internal exceptions (20 events):
Event: 10.038 Thread 0x0000022cc9dfbef0 Exception <a 'java/lang/NoSuchMethodError'{0x00000000c9bce438}: 'java.lang.Object java.lang.invoke.DirectMethodHandle$Holder.invokeStaticInit(java.lang.Object, java.lang.Object, java.lang.Object)'> (0x00000000c9bce438) 
thrown [s\src\hotspot\share\interpreter\linkResolver.cpp, line 759]
Event: 10.634 Thread 0x0000022cc9dfbef0 Implicit null exception at 0x0000022cd944260e to 0x0000022cd9442854
Event: 10.634 Thread 0x0000022cc9dfbef0 Implicit null exception at 0x0000022cd9578b0a to 0x0000022cd9578d4c
Event: 10.638 Thread 0x0000022cc9dfbef0 Implicit null exception at 0x0000022cd949d00f to 0x0000022cd949d089
Event: 10.652 Thread 0x0000022cc9dfbef0 Exception <a 'java/lang/NoSuchMethodError'{0x00000000c9e80758}: 'java.lang.Object java.lang.invoke.DirectMethodHandle$Holder.invokeStatic(java.lang.Object, int, java.lang.Object)'> (0x00000000c9e80758) 
thrown [s\src\hotspot\share\interpreter\linkResolver.cpp, line 759]
Event: 12.859 Thread 0x0000022cc9dfbef0 Implicit null exception at 0x0000022cd952bc4c to 0x0000022cd952bd28
Event: 12.860 Thread 0x0000022cc9dfbef0 Implicit null exception at 0x0000022cd9511391 to 0x0000022cd9511480
Event: 12.860 Thread 0x0000022cc9dfbef0 Implicit null exception at 0x0000022cd94f5ad8 to 0x0000022cd94f5b6e
Event: 13.847 Thread 0x0000022cc9dfbef0 Exception <a 'java/lang/NoSuchMethodError'{0x00000000ca74b7e8}: 'int java.lang.invoke.DirectMethodHandle$Holder.invokeStaticInit(java.lang.Object, int)'> (0x00000000ca74b7e8) 
thrown [s\src\hotspot\share\interpreter\linkResolver.cpp, line 759]
Event: 14.124 Thread 0x0000022cc9dfbef0 Exception <a 'java/lang/NoSuchMethodError'{0x00000000ca103510}: 'java.lang.Object java.lang.invoke.DirectMethodHandle$Holder.newInvokeSpecial(java.lang.Object, java.lang.Object, java.lang.Object, java.lang.Object, java.lang.Object, java.lang.Object, java.lang.Object)'> (0x00000000ca103510) 
thrown [s\src\hotspot\share\interpreter\linkResolver.cpp, line 759]
Event: 14.125 Thread 0x0000022cc9dfbef0 Exception <a 'java/lang/NoSuchMethodError'{0x00000000ca108370}: 'java.lang.Object java.lang.invoke.Invokers$Holder.linkToTargetMethod(java.lang.Object, java.lang.Object, java.lang.Object, java.lang.Object, java.lang.Object, java.lang.Object, java.lang.Object)'> (0x00000000ca108370) 
thrown [s\src\hotspot\share\interpreter\linkResolver.cpp, line 759]
Event: 14.167 Thread 0x0000022cc9dfbef0 Exception <a 'java/lang/NoSuchMethodError'{0x00000000ca19b638}: 'java.lang.Object java.lang.invoke.DirectMethodHandle$Holder.invokeInterface(java.lang.Object, java.lang.Object, java.lang.Object)'> (0x00000000ca19b638) 
thrown [s\src\hotspot\share\interpreter\linkResolver.cpp, line 759]
Event: 14.168 Thread 0x0000022cc9dfbef0 Exception <a 'java/lang/IncompatibleClassChangeError'{0x00000000ca19efa8}: Found class java.lang.Object, but interface was expected> (0x00000000ca19efa8) 
thrown [s\src\hotspot\share\interpreter\linkResolver.cpp, line 826]
Event: 14.486 Thread 0x0000022cc9dfbef0 Exception <a 'java/lang/NoSuchMethodError'{0x00000000cb1de760}: 'java.lang.Object java.lang.invoke.DirectMethodHandle$Holder.invokeStatic(java.lang.Object, java.lang.Object, java.lang.Object, java.lang.Object, int)'> (0x00000000cb1de760) 
thrown [s\src\hotspot\share\interpreter\linkResolver.cpp, line 759]
Event: 14.487 Thread 0x0000022cc9dfbef0 Exception <a 'java/lang/NoSuchMethodError'{0x00000000cb1e81a0}: 'java.lang.Object java.lang.invoke.DirectMethodHandle$Holder.newInvokeSpecial(java.lang.Object, java.lang.Object, java.lang.Object, java.lang.Object, int)'> (0x00000000cb1e81a0) 
thrown [s\src\hotspot\share\interpreter\linkResolver.cpp, line 759]
Event: 14.487 Thread 0x0000022cc9dfbef0 Exception <a 'java/lang/NoSuchMethodError'{0x00000000cb1ec930}: 'java.lang.Object java.lang.invoke.DirectMethodHandle$Holder.invokeSpecial(java.lang.Object, java.lang.Object, java.lang.Object, java.lang.Object, java.lang.Object, int)'> (0x00000000cb1ec930) 
thrown [s\src\hotspot\share\interpreter\linkResolver.cpp, line 759]
Event: 14.488 Thread 0x0000022cc9dfbef0 Exception <a 'java/lang/NoSuchMethodError'{0x00000000cb1f0b68}: 'java.lang.Object java.lang.invoke.Invokers$Holder.linkToTargetMethod(java.lang.Object, java.lang.Object, java.lang.Object, int, java.lang.Object)'> (0x00000000cb1f0b68) 
thrown [s\src\hotspot\share\interpreter\linkResolver.cpp, line 759]
Event: 14.698 Thread 0x0000022cc9dfbef0 Implicit null exception at 0x0000022cd957f6f0 to 0x0000022cd957f7b3
Event: 14.723 Thread 0x0000022cc9dfbef0 Exception <a 'java/lang/NoSuchMethodError'{0x00000000cadf6738}: 'java.lang.Object java.lang.invoke.DirectMethodHandle$Holder.newInvokeSpecial(java.lang.Object, int, java.lang.Object, java.lang.Object)'> (0x00000000cadf6738) 
thrown [s\src\hotspot\share\interpreter\linkResolver.cpp, line 759]
Event: 14.724 Thread 0x0000022cc9dfbef0 Exception <a 'java/lang/NoSuchMethodError'{0x00000000cadfb3d8}: 'java.lang.Object java.lang.invoke.DirectMethodHandle$Holder.invokeSpecial(java.lang.Object, java.lang.Object, int, java.lang.Object, java.lang.Object)'> (0x00000000cadfb3d8) 
thrown [s\src\hotspot\share\interpreter\linkResolver.cpp, line 759]

VM Operations (20 events):
Event: 25.924 Executing VM operation: Cleanup
Event: 25.925 Executing VM operation: Cleanup done
Event: 25.951 Executing VM operation: HandshakeAllThreads
Event: 25.955 Executing VM operation: HandshakeAllThreads done
Event: 26.543 Executing VM operation: HandshakeAllThreads
Event: 26.595 Executing VM operation: HandshakeAllThreads done
Event: 26.705 Executing VM operation: HandshakeAllThreads
Event: 26.721 Executing VM operation: HandshakeAllThreads done
Event: 26.839 Executing VM operation: ICBufferFull
Event: 26.843 Executing VM operation: ICBufferFull done
Event: 27.192 Executing VM operation: HandshakeAllThreads
Event: 27.200 Executing VM operation: HandshakeAllThreads done
Event: 27.284 Executing VM operation: ICBufferFull
Event: 27.294 Executing VM operation: ICBufferFull done
Event: 27.657 Executing VM operation: HandshakeAllThreads
Event: 27.657 Executing VM operation: HandshakeAllThreads done
Event: 27.661 Executing VM operation: HandshakeAllThreads
Event: 27.661 Executing VM operation: HandshakeAllThreads done
Event: 28.672 Executing VM operation: Cleanup
Event: 28.706 Executing VM operation: Cleanup done

Events (20 events):
Event: 26.776 Thread 0x0000022ce50f1ed0 flushing nmethod 0x0000022cd2ad5410
Event: 26.776 Thread 0x0000022ce50f1ed0 flushing nmethod 0x0000022cd2ad5910
Event: 26.776 Thread 0x0000022ce50f1ed0 flushing nmethod 0x0000022cd2adb410
Event: 26.776 Thread 0x0000022ce50f1ed0 flushing nmethod 0x0000022cd2ae0290
Event: 26.776 Thread 0x0000022ce50f1ed0 flushing nmethod 0x0000022cd2af3890
Event: 26.776 Thread 0x0000022ce50f1ed0 flushing nmethod 0x0000022cd2b19810
Event: 26.776 Thread 0x0000022ce50f1ed0 flushing nmethod 0x0000022cd2b29010
Event: 26.776 Thread 0x0000022ce50f1ed0 flushing nmethod 0x0000022cd2b56390
Event: 26.776 Thread 0x0000022ce50f1ed0 flushing nmethod 0x0000022cd2b57110
Event: 26.776 Thread 0x0000022ce50f1ed0 flushing nmethod 0x0000022cd2b58510
Event: 26.776 Thread 0x0000022ce50f1ed0 flushing nmethod 0x0000022cd2b58890
Event: 26.776 Thread 0x0000022ce50f1ed0 flushing nmethod 0x0000022cd2b5d610
Event: 26.776 Thread 0x0000022ce50f1ed0 flushing nmethod 0x0000022cd2b71390
Event: 26.776 Thread 0x0000022ce50f1ed0 flushing nmethod 0x0000022cd2b72290
Event: 26.776 Thread 0x0000022ce50f1ed0 flushing nmethod 0x0000022cd2b79d10
Event: 26.776 Thread 0x0000022ce50f1ed0 flushing nmethod 0x0000022cd2b8e710
Event: 26.777 Thread 0x0000022ce50f1ed0 flushing nmethod 0x0000022cd2c22090
Event: 26.778 Thread 0x0000022ce50f1ed0 flushing nmethod 0x0000022cd2ea1710
Event: 26.781 Thread 0x0000022ce50f1ed0 flushing nmethod 0x0000022cd33d2b10
Event: 26.781 Thread 0x0000022ce50f1ed0 flushing nmethod 0x0000022cd33eb410


Dynamic libraries:
0x00007ff7981d0000 - 0x00007ff7981de000 	C:\Program Files\Microsoft\jdk-17.0.11.9-hotspot\bin\java.exe
0x00007ffb38940000 - 0x00007ffb38ba7000 	C:\WINDOWS\SYSTEM32\ntdll.dll
0x00007ffb37620000 - 0x00007ffb376e9000 	C:\WINDOWS\System32\KERNEL32.DLL
0x00007ffb36150000 - 0x00007ffb36547000 	C:\WINDOWS\System32\KERNELBASE.dll
0x00007ffb36000000 - 0x00007ffb3614b000 	C:\WINDOWS\System32\ucrtbase.dll
0x00007ffb159f0000 - 0x00007ffb15a0b000 	C:\Program Files\Microsoft\jdk-17.0.11.9-hotspot\bin\VCRUNTIME140.dll
0x00007ffb15a10000 - 0x00007ffb15a27000 	C:\Program Files\Microsoft\jdk-17.0.11.9-hotspot\bin\jli.dll
0x00007ffb37010000 - 0x00007ffb371d6000 	C:\WINDOWS\System32\USER32.dll
0x00007ffb356d0000 - 0x00007ffb356f7000 	C:\WINDOWS\System32\win32u.dll
0x00007ffb377f0000 - 0x00007ffb3781b000 	C:\WINDOWS\System32\GDI32.dll
0x00007ffb355a0000 - 0x00007ffb356cc000 	C:\WINDOWS\System32\gdi32full.dll
0x00007ffb36610000 - 0x00007ffb366b3000 	C:\WINDOWS\System32\msvcp_win.dll
0x00007ffb16fd0000 - 0x00007ffb17262000 	C:\WINDOWS\WinSxS\amd64_microsoft.windows.common-controls_6595b64144ccf1df_6.0.26100.8457_none_3e0b2faee331e92d\COMCTL32.dll
0x00007ffb36d40000 - 0x00007ffb36de9000 	C:\WINDOWS\System32\msvcrt.dll
0x00007ffb38890000 - 0x00007ffb388c2000 	C:\WINDOWS\System32\IMM32.DLL
0x00007ffb20990000 - 0x00007ffb2099c000 	C:\Program Files\Microsoft\jdk-17.0.11.9-hotspot\bin\vcruntime140_1.dll
0x00007ffb0c9b0000 - 0x00007ffb0ca3d000 	C:\Program Files\Microsoft\jdk-17.0.11.9-hotspot\bin\msvcp140.dll
0x00007ffa85a40000 - 0x00007ffa866a6000 	C:\Program Files\Microsoft\jdk-17.0.11.9-hotspot\bin\server\jvm.dll
0x00007ffb37c70000 - 0x00007ffb37d26000 	C:\WINDOWS\System32\ADVAPI32.dll
0x00007ffb36e00000 - 0x00007ffb36ea7000 	C:\WINDOWS\System32\sechost.dll
0x00007ffb37380000 - 0x00007ffb37498000 	C:\WINDOWS\System32\RPCRT4.dll
0x00007ffb351f0000 - 0x00007ffb3524e000 	C:\WINDOWS\SYSTEM32\POWRPROF.dll
0x00007ffb234c0000 - 0x00007ffb234cb000 	C:\WINDOWS\SYSTEM32\VERSION.dll
0x00007ffb323f0000 - 0x00007ffb323fa000 	C:\WINDOWS\SYSTEM32\WSOCK32.dll
0x00007ffb2a170000 - 0x00007ffb2a1a6000 	C:\WINDOWS\SYSTEM32\WINMM.dll
0x00007ffb38000000 - 0x00007ffb38080000 	C:\WINDOWS\System32\WS2_32.dll
0x00007ffb351d0000 - 0x00007ffb351e4000 	C:\WINDOWS\SYSTEM32\UMPDC.dll
0x00007ffb340d0000 - 0x00007ffb340eb000 	C:\WINDOWS\SYSTEM32\kernel.appcore.dll
0x00007ffb15a80000 - 0x00007ffb15a8a000 	C:\Program Files\Microsoft\jdk-17.0.11.9-hotspot\bin\jimage.dll
0x00007ffb33200000 - 0x00007ffb33442000 	C:\WINDOWS\SYSTEM32\DBGHELP.DLL
0x00007ffb37820000 - 0x00007ffb37ba3000 	C:\WINDOWS\System32\combase.dll
0x00007ffb37d30000 - 0x00007ffb37e09000 	C:\WINDOWS\System32\OLEAUT32.dll
0x00007ffb164f0000 - 0x00007ffb1652b000 	C:\WINDOWS\SYSTEM32\dbgcore.DLL
0x00007ffb354f0000 - 0x00007ffb35598000 	C:\WINDOWS\System32\bcryptPrimitives.dll
0x00007ffb0bec0000 - 0x00007ffb0bee5000 	C:\Program Files\Microsoft\jdk-17.0.11.9-hotspot\bin\java.dll
0x00007ffab9c60000 - 0x00007ffab9d37000 	C:\Program Files\Microsoft\jdk-17.0.11.9-hotspot\bin\jsvml.dll
0x00007ffb38090000 - 0x00007ffb387fe000 	C:\WINDOWS\System32\SHELL32.dll
0x00007ffb35700000 - 0x00007ffb35f6c000 	C:\WINDOWS\System32\windows.storage.dll
0x00007ffb374a0000 - 0x00007ffb37596000 	C:\WINDOWS\System32\SHCORE.dll
0x00007ffb36b50000 - 0x00007ffb36bb6000 	C:\WINDOWS\System32\shlwapi.dll
0x00007ffb35290000 - 0x00007ffb352b9000 	C:\WINDOWS\SYSTEM32\profapi.dll
0x00007ffb15570000 - 0x00007ffb15589000 	C:\Program Files\Microsoft\jdk-17.0.11.9-hotspot\bin\net.dll
0x00007ffb2d160000 - 0x00007ffb2d289000 	C:\WINDOWS\SYSTEM32\WINHTTP.dll
0x00007ffb34650000 - 0x00007ffb346bc000 	C:\WINDOWS\system32\mswsock.dll
0x00007ffb11d00000 - 0x00007ffb11d16000 	C:\Program Files\Microsoft\jdk-17.0.11.9-hotspot\bin\nio.dll
0x00007ffb0ce10000 - 0x00007ffb0ce28000 	C:\Program Files\Microsoft\jdk-17.0.11.9-hotspot\bin\zip.dll
0x00007ffb159e0000 - 0x00007ffb159f0000 	C:\Program Files\Microsoft\jdk-17.0.11.9-hotspot\bin\verify.dll

dbghelp: loaded successfully - version: 4.0.5 - missing functions: none
symbol engine: initialized successfully - sym options: 0x614 - pdb path: .;C:\Program Files\Microsoft\jdk-17.0.11.9-hotspot\bin;C:\WINDOWS\SYSTEM32;C:\WINDOWS\WinSxS\amd64_microsoft.windows.common-controls_6595b64144ccf1df_6.0.26100.8457_none_3e0b2faee331e92d;C:\Program Files\Microsoft\jdk-17.0.11.9-hotspot\bin\server

VM Arguments:
java_command: org.jetbrains.kotlin.cli.jvm.K2JVMCompiler @C:\Users\imher\StudioProjects\Floriledia\app\build\20260523_1995382560952170465.compiler.options
java_class_path (initial): C:\Users\imher\.gradle\caches\modules-2\files-2.1\org.jetbrains.kotlin\kotlin-compiler-embeddable\1.9.0\2c8c3a7402becca891f12739b3e9fd2dc2adbd7a\kotlin-compiler-embeddable-1.9.0.jar;C:\Users\imher\.gradle\caches\modules-2\files-2.1\org.jetbrains.kotlin\kotlin-stdlib\1.9.0\8ee15ef0c67dc83d874f412d84378d7f0eb50b63\kotlin-stdlib-1.9.0.jar;C:\Users\imher\.gradle\caches\modules-2\files-2.1\org.jetbrains.kotlin\kotlin-script-runtime\1.9.0\4b3102cbbb7e1b58d9d1adf89563f00069ffa7d1\kotlin-script-runtime-1.9.0.jar;C:\Users\imher\.gradle\caches\modules-2\files-2.1\org.jetbrains.kotlin\kotlin-reflect\1.6.10\1cbe9c92c12a94eea200d23c2bbaedaf3daf5132\kotlin-reflect-1.6.10.jar;C:\Users\imher\.gradle\caches\modules-2\files-2.1\org.jetbrains.kotlin\kotlin-daemon-embeddable\1.9.0\186543f5e28cf8d9a0290fecc2cf34301c40a65c\kotlin-daemon-embeddable-1.9.0.jar;C:\Users\imher\.gradle\caches\modules-2\files-2.1\org.jetbrains.intellij.deps\trove4j\1.0.20200330\3afb14d5f9ceb459d724e907a21145e8ff394f02\trove4j-1.0.20200330.jar;C:\Users\imher\.gradle\caches\modules-2\files-2.1\org.jetbrains.kotlin\kotlin-stdlib-common\1.9.0\cd65c21cfd1eec4d44ef09f9f52b6d9f8a720636\kotlin-stdlib-common-1.9.0.jar;C:\Users\imher\.gradle\caches\modules-2\files-2.1\org.jetbrains\annotations\13.0\919f0dfe192fb4e063e7dacadee7f8bb9a2672a9\annotations-13.0.jar
Launcher Type: SUN_STANDARD

[Global flags]
     intx CICompilerCount                          = 3                                         {product} {ergonomic}
     uint ConcGCThreads                            = 1                                         {product} {ergonomic}
     uint G1ConcRefinementThreads                  = 4                                         {product} {ergonomic}
   size_t G1HeapRegionSize                         = 1048576                                   {product} {ergonomic}
    uintx GCDrainStackTargetSize                   = 64                                        {product} {ergonomic}
   size_t InitialHeapSize                          = 62914560                                  {product} {ergonomic}
   size_t MarkStackSize                            = 4194304                                   {product} {ergonomic}
   size_t MaxHeapSize                              = 981467136                                 {product} {ergonomic}
   size_t MaxNewSize                               = 588251136                                 {product} {ergonomic}
   size_t MinHeapDeltaBytes                        = 1048576                                   {product} {ergonomic}
   size_t MinHeapSize                              = 8388608                                   {product} {ergonomic}
    uintx NonNMethodCodeHeapSize                   = 5832780                                {pd product} {ergonomic}
    uintx NonProfiledCodeHeapSize                  = 122912730                              {pd product} {ergonomic}
    uintx ProfiledCodeHeapSize                     = 122912730                              {pd product} {ergonomic}
    uintx ReservedCodeCacheSize                    = 251658240                              {pd product} {ergonomic}
     bool SegmentedCodeCache                       = true                                      {product} {ergonomic}
   size_t SoftMaxHeapSize                          = 981467136                              {manageable} {ergonomic}
     bool UseCompressedClassPointers               = true                           {product lp64_product} {ergonomic}
     bool UseCompressedOops                        = true                           {product lp64_product} {ergonomic}
     bool UseG1GC                                  = true                                      {product} {ergonomic}
     bool UseLargePagesIndividualAllocation        = false                                  {pd product} {ergonomic}

Logging:
Log output configuration:
 #0: stdout all=warning uptime,level,tags
 #1: stderr all=off uptime,level,tags

Environment Variables:
JAVA_HOME=C:\Program Files\Microsoft\jdk-17.0.11.9-hotspot\
CLASSPATH=C:\Users\imher\StudioProjects\Floriledia\\gradle\wrapper\gradle-wrapper.jar
PATH=C:\Program Files\Microsoft\jdk-17.0.11.9-hotspot\bin;C:\Program Files\Common Files\Oracle\Java\javapath;C:\WINDOWS\system32;C:\WINDOWS;C:\WINDOWS\System32\Wbem;C:\WINDOWS\System32\WindowsPowerShell\v1.0\;C:\WINDOWS\System32\OpenSSH\;C:\Users\imher\AppData\Roaming\nvm;C:\Program Files\nodejs;C:\Program Files (x86)\Windows Kits\10\Windows Performance Toolkit\;C:\Users\imher\AppData\Local\Pub\Cache\bin;C:\Program Files\Microsoft\jdk-17.0.11.9-hotspot\\bin;C:\ProgramData\chocolatey\bin;C:\Program Files\dotnet\;C:\Program Files\nodejs\;C:\Program Files\Git\cmd;C:\Users\imher\AppData\Local\Programs\Eclipse Adoptium\jdk-25.0.1.8-hotspot\bin;C:\Users\imher\AppData\Local\Programs\Python\Python312\Scripts\;C:\Users\imher\AppData\Local\Programs\Python\Python312\;C:\Users\imher\AppData\Local\Programs\Python\Launcher\;C:\Users\imher\AppData\Local\Microsoft\WindowsApps;C:\Users\imher\OneDrive\Documents\HERTZ\VSC_Projects\fluttrproj\clubbr\flutter\bin;C:\Users\imher\OneDrive\Documents\HERTZ\VSC_Projects\fluttrproj\flutter\bin;C:\Users\imher\OneDrive\Documents\VSC_Projects\fluttrproj\flutter\bin;C:\Users\imher\Documents\VSC_Projects\fluttrproj\flutter\bin;C:\Users\imher\AppData\Local\Programs\Microsoft VS Code\bin;C:\Users\imher\AppData\Roaming\nvm;C:\Program Files\nodejs;C:\Users\imher\AppData\Local\Android\Sdk\platform-tools;C:\Users\imher\AppData\Roaming\npm;C:\ProgramData\imher\GitHubDesktop\bin;C:\Users\imher\AppData\Local\GitHubDesktop\bin;c:\Users\imher\.vscode\extensions\vscjava.vscode-java-debug-0.59.0\bundled\scripts\noConfigScripts
USERNAME=imher
LANG=en_US.UTF-8
OS=Windows_NT
PROCESSOR_IDENTIFIER=Intel64 Family 6 Model 140 Stepping 1, GenuineIntel
TMP=C:\Users\imher\AppData\Local\Temp
TEMP=C:\Users\imher\AppData\Local\Temp



Periodic native trim disabled


---------------  S Y S T E M  ---------------

OS:
 Windows 11 , 64 bit Build 26100 (10.0.26100.8328)
OS uptime: 3 days 1:51 hours
Hyper-V role detected

CPU: total 4 (initial active 4) (2 cores per cpu, 2 threads per core) family 6 model 140 stepping 1 microcode 0xb4, cx8, cmov, fxsr, ht, mmx, 3dnowpref, sse, sse2, sse3, ssse3, sse4.1, sse4.2, popcnt, lzcnt, tsc, tscinvbit, avx, avx2, aes, erms, clmul, bmi1, bmi2, adx, avx512f, avx512dq, avx512cd, avx512bw, avx512vl, sha, fma, vzeroupper, avx512_vpopcntdq, avx512_vpclmulqdq, avx512_vaes, avx512_vnni, clflush, clflushopt, clwb, avx512_vbmi2, avx512_vbmi, hv
Processor Information for all 4 processors :
  Max Mhz: 2901, Current Mhz: 2901, Mhz Limit: 2901

Memory: 4k page, system-wide physical 3738M (61M free)
TotalPageFile size 15002M (AvailPageFile size 9M)
current process WorkingSet (physical memory assigned to process): 186M, peak: 251M
current process commit charge ("private bytes"): 405M, peak: 495M

vm_info: OpenJDK 64-Bit Server VM (17.0.11+9-LTS) for windows-amd64 JRE (17.0.11+9-LTS), built on Apr  9 2024 22:05:54 by "MicrosoftCorporation" with MS VC++ 16.10 / 16.11 (VS2019)

END.
