#
# There is insufficient memory for the Java Runtime Environment to continue.
# Native memory allocation (mmap) failed to map 233832448 bytes. Error detail: G1 virtual space
# Possible reasons:
#   The system is out of physical RAM or swap space
#   This process is running with CompressedOops enabled, and the Java Heap may be blocking the growth of the native heap
# Possible solutions:
#   Reduce memory load on the system
#   Increase physical memory or swap space
#   Check if swap backing store is full
#   Decrease Java heap size (-Xmx/-Xms)
#   Decrease number of Java threads
#   Decrease Java thread stack sizes (-Xss)
#   Set larger code cache with -XX:ReservedCodeCacheSize=
#   JVM is running with Unscaled Compressed Oops mode in which the Java heap is
#     placed in the first 4GB address space. The Java Heap base address is the
#     maximum limit for the native heap growth. Please use -XX:HeapBaseMinAddress
#     to set the Java Heap base and to place the Java Heap above 4GB virtual address.
# This output file may be truncated or incomplete.
#
#  Out of Memory Error (os_windows.cpp:3613), pid=14472, tid=7228
#
# JRE version: OpenJDK Runtime Environment Microsoft-9388408 (17.0.11+9) (build 17.0.11+9-LTS)
# Java VM: OpenJDK 64-Bit Server VM Microsoft-9388408 (17.0.11+9-LTS, mixed mode, sharing, tiered, compressed oops, compressed class ptrs, g1 gc, windows-amd64)
# No core dump will be written. Minidumps are not enabled by default on client versions of Windows
#

---------------  S U M M A R Y ------------

Command Line: -DkotlinLanguageServer.version=1.3.13 org.javacs.kt.MainKt

Host: 11th Gen Intel(R) Core(TM) i3-1115G4 @ 3.00GHz, 4 cores, 3G,  Windows 11 , 64 bit Build 26100 (10.0.26100.8328)
Time: Tue May 19 22:55:11 2026 Malay Peninsula Standard Time elapsed time: 1331.922468 seconds (0d 0h 22m 11s)

---------------  T H R E A D  ---------------

Current thread (0x00000290d82c4c40):  VMThread "VM Thread" [stack: 0x000000a547000000,0x000000a547100000] [id=7228]

Stack: [0x000000a547000000,0x000000a547100000]
Native frames: (J=compiled Java code, j=interpreted, Vv=VM code, C=native code)
V  [jvm.dll+0x67f6d9]
V  [jvm.dll+0x83773a]
V  [jvm.dll+0x8391fe]
V  [jvm.dll+0x839863]
V  [jvm.dll+0x247fbf]
V  [jvm.dll+0x67c519]
V  [jvm.dll+0x670f8a]
V  [jvm.dll+0x309bdb]
V  [jvm.dll+0x311086]
V  [jvm.dll+0x360a6e]
V  [jvm.dll+0x360c9f]
V  [jvm.dll+0x2e0928]
V  [jvm.dll+0x2ded34]
V  [jvm.dll+0x2de33c]
V  [jvm.dll+0x321d2b]
V  [jvm.dll+0x83dd5b]
V  [jvm.dll+0x83ea92]
V  [jvm.dll+0x83efad]
V  [jvm.dll+0x83f384]
V  [jvm.dll+0x83f450]
V  [jvm.dll+0x7e6cba]
V  [jvm.dll+0x67e5c5]
C  [ucrtbase.dll+0x37b0]
C  [KERNEL32.DLL+0x2e957]
C  [ntdll.dll+0x427c]

VM_Operation (0x000000a5484fc5b0): G1CollectForAllocation, mode: safepoint, requested by thread 0x0000029129415340


---------------  P R O C E S S  ---------------

Threads class SMR info:
_java_thread_list=0x00000290d885e470, length=18, elements={
0x00000290d82c7e80, 0x00000290d82c8a40, 0x00000290d82f44b0, 0x00000290d82f4e70,
0x00000290d82f5830, 0x00000290d82f61f0, 0x00000290d8301690, 0x00000290d8302090,
0x00000290d8309260, 0x00000290d854e560, 0x00000290d85512b0, 0x0000029127a51a20,
0x00000290bb36c3b0, 0x000002912777e7c0, 0x000002911f2d9d60, 0x000002911f2a65e0,
0x000002911f2a5bc0, 0x0000029129415340
}

Java Threads: ( => current thread )
  0x00000290d82c7e80 JavaThread "Reference Handler" daemon [_thread_blocked, id=3524, stack(0x000000a547100000,0x000000a547200000)]
  0x00000290d82c8a40 JavaThread "Finalizer" daemon [_thread_blocked, id=7120, stack(0x000000a547200000,0x000000a547300000)]
  0x00000290d82f44b0 JavaThread "Signal Dispatcher" daemon [_thread_blocked, id=5888, stack(0x000000a547300000,0x000000a547400000)]
  0x00000290d82f4e70 JavaThread "Attach Listener" daemon [_thread_blocked, id=16768, stack(0x000000a547400000,0x000000a547500000)]
  0x00000290d82f5830 JavaThread "Service Thread" daemon [_thread_blocked, id=4464, stack(0x000000a547500000,0x000000a547600000)]
  0x00000290d82f61f0 JavaThread "Monitor Deflation Thread" daemon [_thread_blocked, id=11868, stack(0x000000a547600000,0x000000a547700000)]
  0x00000290d8301690 JavaThread "C2 CompilerThread0" daemon [_thread_blocked, id=12296, stack(0x000000a547700000,0x000000a547800000)]
  0x00000290d8302090 JavaThread "C1 CompilerThread0" daemon [_thread_blocked, id=5280, stack(0x000000a547800000,0x000000a547900000)]
  0x00000290d8309260 JavaThread "Sweeper thread" daemon [_thread_blocked, id=14916, stack(0x000000a547900000,0x000000a547a00000)]
  0x00000290d854e560 JavaThread "Notification Thread" daemon [_thread_blocked, id=4480, stack(0x000000a547a00000,0x000000a547b00000)]
  0x00000290d85512b0 JavaThread "Common-Cleaner" daemon [_thread_blocked, id=20792, stack(0x000000a547c00000,0x000000a547d00000)]
  0x0000029127a51a20 JavaThread "client" [_thread_blocked, id=15608, stack(0x000000a548000000,0x000000a548100000)]
  0x00000290bb36c3b0 JavaThread "DestroyJavaVM" [_thread_blocked, id=17404, stack(0x000000a546a00000,0x000000a546b00000)]
  0x000002912777e7c0 JavaThread "async0" [_thread_blocked, id=12520, stack(0x000000a548100000,0x000000a548200000)]
  0x000002911f2d9d60 JavaThread "async1" [_thread_blocked, id=13604, stack(0x000000a546700000,0x000000a546800000)]
  0x000002911f2a65e0 JavaThread "debounce0" [_thread_blocked, id=20024, stack(0x000000a546800000,0x000000a546900000)]
  0x000002911f2a5bc0 JavaThread "async2" [_thread_blocked, id=22156, stack(0x000000a548200000,0x000000a548300000)]
  0x0000029129415340 JavaThread "ForkJoinPool.commonPool-worker-1" daemon [_thread_blocked, id=5252, stack(0x000000a548400000,0x000000a548500000)]

Other Threads:
=>0x00000290d82c4c40 VMThread "VM Thread" [stack: 0x000000a547000000,0x000000a547100000] [id=7228]
  0x00000290d8550e60 WatcherThread [stack: 0x000000a547b00000,0x000000a547c00000] [id=20400]
  0x00000290bb3a78e0 GCTaskThread "GC Thread#0" [stack: 0x000000a546b00000,0x000000a546c00000] [id=13272]
  0x000002911e2bdcf0 GCTaskThread "GC Thread#1" [stack: 0x000000a547d00000,0x000000a547e00000] [id=21376]
  0x000002911e2bd270 GCTaskThread "GC Thread#2" [stack: 0x000000a547e00000,0x000000a547f00000] [id=20188]
  0x000002911e2da650 GCTaskThread "GC Thread#3" [stack: 0x000000a547f00000,0x000000a548000000] [id=5872]
  0x00000290bb3b11a0 ConcurrentGCThread "G1 Main Marker" [stack: 0x000000a546c00000,0x000000a546d00000] [id=20144]
  0x00000290bb3b2890 ConcurrentGCThread "G1 Conc#0" [stack: 0x000000a546d00000,0x000000a546e00000] [id=17924]
  0x00000290bb3f53b0 ConcurrentGCThread "G1 Refine#0" [stack: 0x000000a546e00000,0x000000a546f00000] [id=7176]
  0x00000290d8669f10 ConcurrentGCThread "G1 Refine#1" [stack: 0x000000a546900000,0x000000a546a00000] [id=20008]
  0x00000290bb3f7090 ConcurrentGCThread "G1 Service" [stack: 0x000000a546f00000,0x000000a547000000] [id=21164]

Threads with active compile tasks:
C2 CompilerThread0  1332336 11715       4       org.jetbrains.kotlin.resolve.scopes.ChainedMemberScope::getContributedDescriptors (151 bytes)

VM state: at safepoint (normal execution)

VM Mutex/Monitor currently owned by a thread:  ([mutex/lock_event])
[0x00000290baeddbf0] Threads_lock - owner thread: 0x00000290d82c4c40
[0x00000290bb368e10] Heap_lock - owner thread: 0x0000029129415340

Heap address: 0x00000000c5800000, size: 936 MB, Compressed Oops mode: 32-bit

CDS archive(s) mapped at: [0x00000290d9000000-0x00000290d9bb0000-0x00000290d9bb0000), size 12255232, SharedBaseAddress: 0x00000290d9000000, ArchiveRelocationMode: 1.
Compressed class space mapped at: 0x00000290da000000-0x000002911a000000, reserved size: 1073741824
Narrow klass base: 0x00000290d9000000, Narrow klass shift: 0, Narrow klass range: 0x100000000

GC Precious Log:
 CPUs: 4 total, 4 available
 Memory: 3738M
 Large Page Support: Disabled
 NUMA Support: Disabled
 Compressed Oops: Enabled (32-bit)
 Heap Region Size: 1M
 Heap Min Capacity: 8M
 Heap Initial Capacity: 60M
 Heap Max Capacity: 936M
 Pre-touch: Disabled
 Parallel Workers: 4
 Concurrent Workers: 1
 Concurrent Refinement Workers: 4
 Periodic GC: Disabled

Heap:
 garbage-first heap   total 366592K, used 298703K [0x00000000c5800000, 0x0000000100000000)
  region size 1024K, 3 young (3072K), 3 survivors (3072K)
 Metaspace       used 71434K, committed 71808K, reserved 1114112K
  class space    used 8286K, committed 8448K, reserved 1048576K

Heap Regions: E=young(eden), S=young(survivor), O=old, HS=humongous(starts), HC=humongous(continues), CS=collection set, F=free, OA=open archive, CA=closed archive, TAMS=top-at-mark-start (previous, next)
|   0|0x00000000c5800000, 0x00000000c5900000, 0x00000000c5900000|100%|HS|  |TAMS 0x00000000c5900000, 0x00000000c5900000| Complete 
|   1|0x00000000c5900000, 0x00000000c5a00000, 0x00000000c5a00000|100%|HC|  |TAMS 0x00000000c5a00000, 0x00000000c5a00000| Complete 
|   2|0x00000000c5a00000, 0x00000000c5b00000, 0x00000000c5b00000|100%|HC|  |TAMS 0x00000000c5b00000, 0x00000000c5b00000| Complete 
|   3|0x00000000c5b00000, 0x00000000c5c00000, 0x00000000c5c00000|100%|HC|  |TAMS 0x00000000c5c00000, 0x00000000c5c00000| Complete 
|   4|0x00000000c5c00000, 0x00000000c5d00000, 0x00000000c5d00000|100%| O|  |TAMS 0x00000000c5d00000, 0x00000000c5d00000| Untracked 
|   5|0x00000000c5d00000, 0x00000000c5e00000, 0x00000000c5e00000|100%| O|  |TAMS 0x00000000c5e00000, 0x00000000c5e00000| Untracked 
|   6|0x00000000c5e00000, 0x00000000c5f00000, 0x00000000c5f00000|100%| O|  |TAMS 0x00000000c5f00000, 0x00000000c5f00000| Untracked 
|   7|0x00000000c5f00000, 0x00000000c6000000, 0x00000000c6000000|100%| O|  |TAMS 0x00000000c6000000, 0x00000000c6000000| Untracked 
|   8|0x00000000c6000000, 0x00000000c6100000, 0x00000000c6100000|100%| O|  |TAMS 0x00000000c6100000, 0x00000000c6100000| Untracked 
|   9|0x00000000c6100000, 0x00000000c6200000, 0x00000000c6200000|100%| O|  |TAMS 0x00000000c6200000, 0x00000000c6200000| Untracked 
|  10|0x00000000c6200000, 0x00000000c6300000, 0x00000000c6300000|100%| O|  |TAMS 0x00000000c6300000, 0x00000000c6300000| Untracked 
|  11|0x00000000c6300000, 0x00000000c6400000, 0x00000000c6400000|100%| O|  |TAMS 0x00000000c6400000, 0x00000000c6400000| Untracked 
|  12|0x00000000c6400000, 0x00000000c6500000, 0x00000000c6500000|100%| O|  |TAMS 0x00000000c6500000, 0x00000000c6500000| Untracked 
|  13|0x00000000c6500000, 0x00000000c6600000, 0x00000000c6600000|100%| O|  |TAMS 0x00000000c6600000, 0x00000000c6600000| Untracked 
|  14|0x00000000c6600000, 0x00000000c6700000, 0x00000000c6700000|100%| O|  |TAMS 0x00000000c6700000, 0x00000000c6700000| Untracked 
|  15|0x00000000c6700000, 0x00000000c6800000, 0x00000000c6800000|100%| O|  |TAMS 0x00000000c6800000, 0x00000000c6800000| Untracked 
|  16|0x00000000c6800000, 0x00000000c6900000, 0x00000000c6900000|100%| O|  |TAMS 0x00000000c6800000, 0x00000000c6900000| Untracked 
|  17|0x00000000c6900000, 0x00000000c6a00000, 0x00000000c6a00000|100%| O|  |TAMS 0x00000000c6a00000, 0x00000000c6a00000| Untracked 
|  18|0x00000000c6a00000, 0x00000000c6b00000, 0x00000000c6b00000|100%| O|  |TAMS 0x00000000c6b00000, 0x00000000c6b00000| Untracked 
|  19|0x00000000c6b00000, 0x00000000c6c00000, 0x00000000c6c00000|100%| O|  |TAMS 0x00000000c6c00000, 0x00000000c6c00000| Untracked 
|  20|0x00000000c6c00000, 0x00000000c6d00000, 0x00000000c6d00000|100%| O|  |TAMS 0x00000000c6d00000, 0x00000000c6d00000| Untracked 
|  21|0x00000000c6d00000, 0x00000000c6e00000, 0x00000000c6e00000|100%| O|  |TAMS 0x00000000c6e00000, 0x00000000c6e00000| Untracked 
|  22|0x00000000c6e00000, 0x00000000c6f00000, 0x00000000c6f00000|100%| O|  |TAMS 0x00000000c6f00000, 0x00000000c6f00000| Untracked 
|  23|0x00000000c6f00000, 0x00000000c7000000, 0x00000000c7000000|100%| O|  |TAMS 0x00000000c7000000, 0x00000000c7000000| Untracked 
|  24|0x00000000c7000000, 0x00000000c7100000, 0x00000000c7100000|100%| O|  |TAMS 0x00000000c7100000, 0x00000000c7100000| Untracked 
|  25|0x00000000c7100000, 0x00000000c7200000, 0x00000000c7200000|100%| O|  |TAMS 0x00000000c7200000, 0x00000000c7200000| Untracked 
|  26|0x00000000c7200000, 0x00000000c7300000, 0x00000000c7300000|100%| O|  |TAMS 0x00000000c7300000, 0x00000000c7300000| Untracked 
|  27|0x00000000c7300000, 0x00000000c7400000, 0x00000000c7400000|100%| O|  |TAMS 0x00000000c7400000, 0x00000000c7400000| Untracked 
|  28|0x00000000c7400000, 0x00000000c7500000, 0x00000000c7500000|100%| O|  |TAMS 0x00000000c7500000, 0x00000000c7500000| Untracked 
|  29|0x00000000c7500000, 0x00000000c7600000, 0x00000000c7600000|100%| O|  |TAMS 0x00000000c7600000, 0x00000000c7600000| Untracked 
|  30|0x00000000c7600000, 0x00000000c7700000, 0x00000000c7700000|100%| O|  |TAMS 0x00000000c7700000, 0x00000000c7700000| Untracked 
|  31|0x00000000c7700000, 0x00000000c7800000, 0x00000000c7800000|100%| O|  |TAMS 0x00000000c7800000, 0x00000000c7800000| Untracked 
|  32|0x00000000c7800000, 0x00000000c7900000, 0x00000000c7900000|100%| O|  |TAMS 0x00000000c7900000, 0x00000000c7900000| Untracked 
|  33|0x00000000c7900000, 0x00000000c7a00000, 0x00000000c7a00000|100%| O|  |TAMS 0x00000000c7a00000, 0x00000000c7a00000| Untracked 
|  34|0x00000000c7a00000, 0x00000000c7b00000, 0x00000000c7b00000|100%| O|  |TAMS 0x00000000c7b00000, 0x00000000c7b00000| Untracked 
|  35|0x00000000c7b00000, 0x00000000c7c00000, 0x00000000c7c00000|100%| O|  |TAMS 0x00000000c7c00000, 0x00000000c7c00000| Untracked 
|  36|0x00000000c7c00000, 0x00000000c7d00000, 0x00000000c7d00000|100%| O|  |TAMS 0x00000000c7c00000, 0x00000000c7d00000| Untracked 
|  37|0x00000000c7d00000, 0x00000000c7e00000, 0x00000000c7e00000|100%| O|  |TAMS 0x00000000c7e00000, 0x00000000c7e00000| Untracked 
|  38|0x00000000c7e00000, 0x00000000c7f00000, 0x00000000c7f00000|100%| O|  |TAMS 0x00000000c7f00000, 0x00000000c7f00000| Untracked 
|  39|0x00000000c7f00000, 0x00000000c8000000, 0x00000000c8000000|100%| O|  |TAMS 0x00000000c7f28a00, 0x00000000c8000000| Untracked 
|  40|0x00000000c8000000, 0x00000000c8100000, 0x00000000c8100000|100%|HS|  |TAMS 0x00000000c8000000, 0x00000000c8100000| Complete 
|  41|0x00000000c8100000, 0x00000000c8200000, 0x00000000c8200000|100%|HC|  |TAMS 0x00000000c8100000, 0x00000000c8200000| Complete 
|  42|0x00000000c8200000, 0x00000000c8300000, 0x00000000c8300000|100%| O|  |TAMS 0x00000000c8200000, 0x00000000c8300000| Untracked 
|  43|0x00000000c8300000, 0x00000000c8400000, 0x00000000c8400000|100%| O|  |TAMS 0x00000000c8300000, 0x00000000c8400000| Untracked 
|  44|0x00000000c8400000, 0x00000000c8500000, 0x00000000c8500000|100%| O|  |TAMS 0x00000000c8400000, 0x00000000c8500000| Untracked 
|  45|0x00000000c8500000, 0x00000000c8600000, 0x00000000c8600000|100%| O|  |TAMS 0x00000000c8500000, 0x00000000c8600000| Untracked 
|  46|0x00000000c8600000, 0x00000000c8700000, 0x00000000c8700000|100%| O|  |TAMS 0x00000000c8600000, 0x00000000c8700000| Untracked 
|  47|0x00000000c8700000, 0x00000000c8800000, 0x00000000c8800000|100%| O|  |TAMS 0x00000000c8700000, 0x00000000c8800000| Untracked 
|  48|0x00000000c8800000, 0x00000000c8900000, 0x00000000c8900000|100%| O|  |TAMS 0x00000000c8800000, 0x00000000c8900000| Untracked 
|  49|0x00000000c8900000, 0x00000000c8a00000, 0x00000000c8a00000|100%| O|  |TAMS 0x00000000c8900000, 0x00000000c8a00000| Untracked 
|  50|0x00000000c8a00000, 0x00000000c8b00000, 0x00000000c8b00000|100%| O|  |TAMS 0x00000000c8a00000, 0x00000000c8b00000| Untracked 
|  51|0x00000000c8b00000, 0x00000000c8c00000, 0x00000000c8c00000|100%| O|  |TAMS 0x00000000c8b00000, 0x00000000c8c00000| Untracked 
|  52|0x00000000c8c00000, 0x00000000c8d00000, 0x00000000c8d00000|100%| O|  |TAMS 0x00000000c8c00000, 0x00000000c8d00000| Untracked 
|  53|0x00000000c8d00000, 0x00000000c8e00000, 0x00000000c8e00000|100%| O|  |TAMS 0x00000000c8d00000, 0x00000000c8e00000| Untracked 
|  54|0x00000000c8e00000, 0x00000000c8f00000, 0x00000000c8f00000|100%| O|  |TAMS 0x00000000c8e00000, 0x00000000c8f00000| Untracked 
|  55|0x00000000c8f00000, 0x00000000c9000000, 0x00000000c9000000|100%| O|  |TAMS 0x00000000c8f00000, 0x00000000c9000000| Untracked 
|  56|0x00000000c9000000, 0x00000000c9100000, 0x00000000c9100000|100%| O|  |TAMS 0x00000000c9000000, 0x00000000c9100000| Untracked 
|  57|0x00000000c9100000, 0x00000000c9200000, 0x00000000c9200000|100%| O|  |TAMS 0x00000000c9100000, 0x00000000c9200000| Untracked 
|  58|0x00000000c9200000, 0x00000000c9300000, 0x00000000c9300000|100%| O|  |TAMS 0x00000000c9200000, 0x00000000c9300000| Untracked 
|  59|0x00000000c9300000, 0x00000000c9400000, 0x00000000c9400000|100%| O|  |TAMS 0x00000000c9300000, 0x00000000c9400000| Untracked 
|  60|0x00000000c9400000, 0x00000000c9500000, 0x00000000c9500000|100%| O|  |TAMS 0x00000000c9400000, 0x00000000c9500000| Untracked 
|  61|0x00000000c9500000, 0x00000000c9600000, 0x00000000c9600000|100%| O|  |TAMS 0x00000000c9500000, 0x00000000c9600000| Untracked 
|  62|0x00000000c9600000, 0x00000000c9700000, 0x00000000c9700000|100%| O|  |TAMS 0x00000000c9600000, 0x00000000c9700000| Untracked 
|  63|0x00000000c9700000, 0x00000000c9800000, 0x00000000c9800000|100%| O|  |TAMS 0x00000000c9700000, 0x00000000c9800000| Untracked 
|  64|0x00000000c9800000, 0x00000000c9900000, 0x00000000c9900000|100%| O|  |TAMS 0x00000000c9800000, 0x00000000c9900000| Untracked 
|  65|0x00000000c9900000, 0x00000000c9a00000, 0x00000000c9a00000|100%| O|  |TAMS 0x00000000c9900000, 0x00000000c9a00000| Untracked 
|  66|0x00000000c9a00000, 0x00000000c9b00000, 0x00000000c9b00000|100%| O|  |TAMS 0x00000000c9a00000, 0x00000000c9b00000| Untracked 
|  67|0x00000000c9b00000, 0x00000000c9c00000, 0x00000000c9c00000|100%| O|  |TAMS 0x00000000c9b00000, 0x00000000c9c00000| Untracked 
|  68|0x00000000c9c00000, 0x00000000c9d00000, 0x00000000c9d00000|100%| O|  |TAMS 0x00000000c9c00000, 0x00000000c9d00000| Untracked 
|  69|0x00000000c9d00000, 0x00000000c9e00000, 0x00000000c9e00000|100%| O|  |TAMS 0x00000000c9d00000, 0x00000000c9e00000| Untracked 
|  70|0x00000000c9e00000, 0x00000000c9f00000, 0x00000000c9f00000|100%| O|  |TAMS 0x00000000c9e00000, 0x00000000c9f00000| Untracked 
|  71|0x00000000c9f00000, 0x00000000ca000000, 0x00000000ca000000|100%| O|  |TAMS 0x00000000c9f00000, 0x00000000ca000000| Untracked 
|  72|0x00000000ca000000, 0x00000000ca100000, 0x00000000ca100000|100%| O|  |TAMS 0x00000000ca000000, 0x00000000ca100000| Untracked 
|  73|0x00000000ca100000, 0x00000000ca200000, 0x00000000ca200000|100%| O|  |TAMS 0x00000000ca100000, 0x00000000ca200000| Untracked 
|  74|0x00000000ca200000, 0x00000000ca300000, 0x00000000ca300000|100%| O|  |TAMS 0x00000000ca200000, 0x00000000ca300000| Untracked 
|  75|0x00000000ca300000, 0x00000000ca400000, 0x00000000ca400000|100%| O|  |TAMS 0x00000000ca300000, 0x00000000ca400000| Untracked 
|  76|0x00000000ca400000, 0x00000000ca500000, 0x00000000ca500000|100%| O|  |TAMS 0x00000000ca400000, 0x00000000ca500000| Untracked 
|  77|0x00000000ca500000, 0x00000000ca600000, 0x00000000ca600000|100%| O|  |TAMS 0x00000000ca500000, 0x00000000ca600000| Untracked 
|  78|0x00000000ca600000, 0x00000000ca700000, 0x00000000ca700000|100%| O|  |TAMS 0x00000000ca600000, 0x00000000ca700000| Untracked 
|  79|0x00000000ca700000, 0x00000000ca800000, 0x00000000ca800000|100%| O|  |TAMS 0x00000000ca700000, 0x00000000ca800000| Untracked 
|  80|0x00000000ca800000, 0x00000000ca900000, 0x00000000ca900000|100%| O|  |TAMS 0x00000000ca800000, 0x00000000ca900000| Untracked 
|  81|0x00000000ca900000, 0x00000000caa00000, 0x00000000caa00000|100%| O|  |TAMS 0x00000000ca900000, 0x00000000caa00000| Untracked 
|  82|0x00000000caa00000, 0x00000000cab00000, 0x00000000cab00000|100%| O|  |TAMS 0x00000000caa00000, 0x00000000cab00000| Untracked 
|  83|0x00000000cab00000, 0x00000000cac00000, 0x00000000cac00000|100%| O|  |TAMS 0x00000000cab00000, 0x00000000cac00000| Untracked 
|  84|0x00000000cac00000, 0x00000000cad00000, 0x00000000cad00000|100%| O|  |TAMS 0x00000000cac00000, 0x00000000cad00000| Untracked 
|  85|0x00000000cad00000, 0x00000000cae00000, 0x00000000cae00000|100%| O|  |TAMS 0x00000000cad00000, 0x00000000cae00000| Untracked 
|  86|0x00000000cae00000, 0x00000000caf00000, 0x00000000caf00000|100%| O|  |TAMS 0x00000000cae00000, 0x00000000caf00000| Untracked 
|  87|0x00000000caf00000, 0x00000000cb000000, 0x00000000cb000000|100%| O|  |TAMS 0x00000000caf00000, 0x00000000cb000000| Untracked 
|  88|0x00000000cb000000, 0x00000000cb100000, 0x00000000cb100000|100%| O|  |TAMS 0x00000000cb000000, 0x00000000cb100000| Untracked 
|  89|0x00000000cb100000, 0x00000000cb200000, 0x00000000cb200000|100%| O|  |TAMS 0x00000000cb100000, 0x00000000cb200000| Untracked 
|  90|0x00000000cb200000, 0x00000000cb300000, 0x00000000cb300000|100%| O|  |TAMS 0x00000000cb200000, 0x00000000cb300000| Untracked 
|  91|0x00000000cb300000, 0x00000000cb400000, 0x00000000cb400000|100%| O|  |TAMS 0x00000000cb300000, 0x00000000cb400000| Untracked 
|  92|0x00000000cb400000, 0x00000000cb500000, 0x00000000cb500000|100%| O|  |TAMS 0x00000000cb400000, 0x00000000cb500000| Untracked 
|  93|0x00000000cb500000, 0x00000000cb600000, 0x00000000cb600000|100%| O|  |TAMS 0x00000000cb500000, 0x00000000cb600000| Untracked 
|  94|0x00000000cb600000, 0x00000000cb700000, 0x00000000cb700000|100%| O|  |TAMS 0x00000000cb600000, 0x00000000cb700000| Untracked 
|  95|0x00000000cb700000, 0x00000000cb800000, 0x00000000cb800000|100%| O|  |TAMS 0x00000000cb700000, 0x00000000cb800000| Untracked 
|  96|0x00000000cb800000, 0x00000000cb900000, 0x00000000cb900000|100%| O|  |TAMS 0x00000000cb800000, 0x00000000cb900000| Untracked 
|  97|0x00000000cb900000, 0x00000000cba00000, 0x00000000cba00000|100%| O|  |TAMS 0x00000000cb900000, 0x00000000cba00000| Untracked 
|  98|0x00000000cba00000, 0x00000000cbb00000, 0x00000000cbb00000|100%| O|  |TAMS 0x00000000cba00000, 0x00000000cbb00000| Untracked 
|  99|0x00000000cbb00000, 0x00000000cbc00000, 0x00000000cbc00000|100%| O|  |TAMS 0x00000000cbb00000, 0x00000000cbc00000| Untracked 
| 100|0x00000000cbc00000, 0x00000000cbd00000, 0x00000000cbd00000|100%| O|  |TAMS 0x00000000cbc00000, 0x00000000cbd00000| Untracked 
| 101|0x00000000cbd00000, 0x00000000cbe00000, 0x00000000cbe00000|100%| O|  |TAMS 0x00000000cbd00000, 0x00000000cbe00000| Untracked 
| 102|0x00000000cbe00000, 0x00000000cbf00000, 0x00000000cbf00000|100%| O|  |TAMS 0x00000000cbe00000, 0x00000000cbf00000| Untracked 
| 103|0x00000000cbf00000, 0x00000000cc000000, 0x00000000cc000000|100%| O|  |TAMS 0x00000000cbf00000, 0x00000000cc000000| Untracked 
| 104|0x00000000cc000000, 0x00000000cc100000, 0x00000000cc100000|100%| O|  |TAMS 0x00000000cc000000, 0x00000000cc100000| Untracked 
| 105|0x00000000cc100000, 0x00000000cc200000, 0x00000000cc200000|100%| O|  |TAMS 0x00000000cc100000, 0x00000000cc200000| Untracked 
| 106|0x00000000cc200000, 0x00000000cc300000, 0x00000000cc300000|100%| O|  |TAMS 0x00000000cc200000, 0x00000000cc300000| Untracked 
| 107|0x00000000cc300000, 0x00000000cc400000, 0x00000000cc400000|100%| O|  |TAMS 0x00000000cc300000, 0x00000000cc400000| Untracked 
| 108|0x00000000cc400000, 0x00000000cc500000, 0x00000000cc500000|100%| O|  |TAMS 0x00000000cc400000, 0x00000000cc500000| Untracked 
| 109|0x00000000cc500000, 0x00000000cc600000, 0x00000000cc600000|100%| O|  |TAMS 0x00000000cc500000, 0x00000000cc600000| Untracked 
| 110|0x00000000cc600000, 0x00000000cc700000, 0x00000000cc700000|100%| O|  |TAMS 0x00000000cc600000, 0x00000000cc700000| Untracked 
| 111|0x00000000cc700000, 0x00000000cc800000, 0x00000000cc800000|100%| O|  |TAMS 0x00000000cc700000, 0x00000000cc800000| Untracked 
| 112|0x00000000cc800000, 0x00000000cc900000, 0x00000000cc900000|100%| O|  |TAMS 0x00000000cc800000, 0x00000000cc900000| Untracked 
| 113|0x00000000cc900000, 0x00000000cca00000, 0x00000000cca00000|100%| O|  |TAMS 0x00000000cc900000, 0x00000000cca00000| Untracked 
| 114|0x00000000cca00000, 0x00000000ccb00000, 0x00000000ccb00000|100%| O|  |TAMS 0x00000000cca00000, 0x00000000ccb00000| Untracked 
| 115|0x00000000ccb00000, 0x00000000ccc00000, 0x00000000ccc00000|100%| O|  |TAMS 0x00000000ccb00000, 0x00000000ccc00000| Untracked 
| 116|0x00000000ccc00000, 0x00000000ccd00000, 0x00000000ccd00000|100%| O|  |TAMS 0x00000000ccc00000, 0x00000000ccd00000| Untracked 
| 117|0x00000000ccd00000, 0x00000000cce00000, 0x00000000cce00000|100%| O|  |TAMS 0x00000000ccd00000, 0x00000000cce00000| Untracked 
| 118|0x00000000cce00000, 0x00000000ccf00000, 0x00000000ccf00000|100%| O|  |TAMS 0x00000000cce00000, 0x00000000ccf00000| Untracked 
| 119|0x00000000ccf00000, 0x00000000cd000000, 0x00000000cd000000|100%| O|  |TAMS 0x00000000ccf00000, 0x00000000cd000000| Untracked 
| 120|0x00000000cd000000, 0x00000000cd100000, 0x00000000cd100000|100%| O|  |TAMS 0x00000000cd000000, 0x00000000cd100000| Untracked 
| 121|0x00000000cd100000, 0x00000000cd200000, 0x00000000cd200000|100%| O|  |TAMS 0x00000000cd100000, 0x00000000cd200000| Untracked 
| 122|0x00000000cd200000, 0x00000000cd300000, 0x00000000cd300000|100%| O|  |TAMS 0x00000000cd200000, 0x00000000cd300000| Untracked 
| 123|0x00000000cd300000, 0x00000000cd400000, 0x00000000cd400000|100%| O|  |TAMS 0x00000000cd300000, 0x00000000cd400000| Untracked 
| 124|0x00000000cd400000, 0x00000000cd500000, 0x00000000cd500000|100%| O|  |TAMS 0x00000000cd400000, 0x00000000cd500000| Untracked 
| 125|0x00000000cd500000, 0x00000000cd600000, 0x00000000cd600000|100%| O|  |TAMS 0x00000000cd500000, 0x00000000cd600000| Untracked 
| 126|0x00000000cd600000, 0x00000000cd700000, 0x00000000cd700000|100%| O|  |TAMS 0x00000000cd600000, 0x00000000cd700000| Untracked 
| 127|0x00000000cd700000, 0x00000000cd800000, 0x00000000cd800000|100%| O|  |TAMS 0x00000000cd700000, 0x00000000cd800000| Untracked 
| 128|0x00000000cd800000, 0x00000000cd900000, 0x00000000cd900000|100%| O|  |TAMS 0x00000000cd800000, 0x00000000cd900000| Untracked 
| 129|0x00000000cd900000, 0x00000000cda00000, 0x00000000cda00000|100%| O|  |TAMS 0x00000000cd900000, 0x00000000cda00000| Untracked 
| 130|0x00000000cda00000, 0x00000000cdb00000, 0x00000000cdb00000|100%| O|  |TAMS 0x00000000cda00000, 0x00000000cdb00000| Untracked 
| 131|0x00000000cdb00000, 0x00000000cdc00000, 0x00000000cdc00000|100%| O|  |TAMS 0x00000000cdb00000, 0x00000000cdc00000| Untracked 
| 132|0x00000000cdc00000, 0x00000000cdd00000, 0x00000000cdd00000|100%| O|  |TAMS 0x00000000cdc00000, 0x00000000cdd00000| Untracked 
| 133|0x00000000cdd00000, 0x00000000cde00000, 0x00000000cde00000|100%| O|  |TAMS 0x00000000cdd00000, 0x00000000cde00000| Untracked 
| 134|0x00000000cde00000, 0x00000000cdf00000, 0x00000000cdf00000|100%| O|  |TAMS 0x00000000cde00000, 0x00000000cdf00000| Untracked 
| 135|0x00000000cdf00000, 0x00000000ce000000, 0x00000000ce000000|100%| O|  |TAMS 0x00000000cdf00000, 0x00000000ce000000| Untracked 
| 136|0x00000000ce000000, 0x00000000ce100000, 0x00000000ce100000|100%| O|  |TAMS 0x00000000ce000000, 0x00000000ce100000| Untracked 
| 137|0x00000000ce100000, 0x00000000ce200000, 0x00000000ce200000|100%| O|  |TAMS 0x00000000ce100000, 0x00000000ce200000| Untracked 
| 138|0x00000000ce200000, 0x00000000ce300000, 0x00000000ce300000|100%| O|  |TAMS 0x00000000ce200000, 0x00000000ce300000| Untracked 
| 139|0x00000000ce300000, 0x00000000ce400000, 0x00000000ce400000|100%| O|  |TAMS 0x00000000ce300000, 0x00000000ce400000| Untracked 
| 140|0x00000000ce400000, 0x00000000ce500000, 0x00000000ce500000|100%| O|  |TAMS 0x00000000ce400000, 0x00000000ce500000| Untracked 
| 141|0x00000000ce500000, 0x00000000ce600000, 0x00000000ce600000|100%| O|  |TAMS 0x00000000ce500000, 0x00000000ce600000| Untracked 
| 142|0x00000000ce600000, 0x00000000ce700000, 0x00000000ce700000|100%| O|  |TAMS 0x00000000ce600000, 0x00000000ce700000| Untracked 
| 143|0x00000000ce700000, 0x00000000ce800000, 0x00000000ce800000|100%| O|  |TAMS 0x00000000ce700000, 0x00000000ce800000| Untracked 
| 144|0x00000000ce800000, 0x00000000ce900000, 0x00000000ce900000|100%| O|  |TAMS 0x00000000ce800000, 0x00000000ce900000| Untracked 
| 145|0x00000000ce900000, 0x00000000cea00000, 0x00000000cea00000|100%| O|  |TAMS 0x00000000ce900000, 0x00000000cea00000| Untracked 
| 146|0x00000000cea00000, 0x00000000ceb00000, 0x00000000ceb00000|100%| O|  |TAMS 0x00000000cea00000, 0x00000000ceb00000| Untracked 
| 147|0x00000000ceb00000, 0x00000000cec00000, 0x00000000cec00000|100%| O|  |TAMS 0x00000000ceb00000, 0x00000000cec00000| Untracked 
| 148|0x00000000cec00000, 0x00000000ced00000, 0x00000000ced00000|100%| O|  |TAMS 0x00000000cec00000, 0x00000000ced00000| Untracked 
| 149|0x00000000ced00000, 0x00000000cee00000, 0x00000000cee00000|100%| O|  |TAMS 0x00000000ced00000, 0x00000000cee00000| Untracked 
| 150|0x00000000cee00000, 0x00000000cef00000, 0x00000000cef00000|100%| O|  |TAMS 0x00000000cee00000, 0x00000000cef00000| Untracked 
| 151|0x00000000cef00000, 0x00000000cf000000, 0x00000000cf000000|100%| O|  |TAMS 0x00000000cef00000, 0x00000000cf000000| Untracked 
| 152|0x00000000cf000000, 0x00000000cf100000, 0x00000000cf100000|100%| O|  |TAMS 0x00000000cf000000, 0x00000000cf100000| Untracked 
| 153|0x00000000cf100000, 0x00000000cf200000, 0x00000000cf200000|100%| O|  |TAMS 0x00000000cf100000, 0x00000000cf200000| Untracked 
| 154|0x00000000cf200000, 0x00000000cf300000, 0x00000000cf300000|100%| O|  |TAMS 0x00000000cf200000, 0x00000000cf300000| Untracked 
| 155|0x00000000cf300000, 0x00000000cf400000, 0x00000000cf400000|100%| O|  |TAMS 0x00000000cf300000, 0x00000000cf400000| Untracked 
| 156|0x00000000cf400000, 0x00000000cf500000, 0x00000000cf500000|100%| O|  |TAMS 0x00000000cf400000, 0x00000000cf500000| Untracked 
| 157|0x00000000cf500000, 0x00000000cf600000, 0x00000000cf600000|100%| O|  |TAMS 0x00000000cf500000, 0x00000000cf600000| Untracked 
| 158|0x00000000cf600000, 0x00000000cf700000, 0x00000000cf700000|100%| O|  |TAMS 0x00000000cf600000, 0x00000000cf700000| Untracked 
| 159|0x00000000cf700000, 0x00000000cf800000, 0x00000000cf800000|100%| O|  |TAMS 0x00000000cf700000, 0x00000000cf800000| Untracked 
| 160|0x00000000cf800000, 0x00000000cf900000, 0x00000000cf900000|100%| O|  |TAMS 0x00000000cf800000, 0x00000000cf900000| Untracked 
| 161|0x00000000cf900000, 0x00000000cfa00000, 0x00000000cfa00000|100%| O|  |TAMS 0x00000000cf900000, 0x00000000cfa00000| Untracked 
| 162|0x00000000cfa00000, 0x00000000cfb00000, 0x00000000cfb00000|100%| O|  |TAMS 0x00000000cfa00000, 0x00000000cfb00000| Untracked 
| 163|0x00000000cfb00000, 0x00000000cfc00000, 0x00000000cfc00000|100%| O|  |TAMS 0x00000000cfb00000, 0x00000000cfc00000| Untracked 
| 164|0x00000000cfc00000, 0x00000000cfd00000, 0x00000000cfd00000|100%| O|  |TAMS 0x00000000cfc00000, 0x00000000cfd00000| Untracked 
| 165|0x00000000cfd00000, 0x00000000cfe00000, 0x00000000cfe00000|100%| O|  |TAMS 0x00000000cfd00000, 0x00000000cfe00000| Untracked 
| 166|0x00000000cfe00000, 0x00000000cff00000, 0x00000000cff00000|100%| O|  |TAMS 0x00000000cfe00000, 0x00000000cff00000| Untracked 
| 167|0x00000000cff00000, 0x00000000d0000000, 0x00000000d0000000|100%| O|  |TAMS 0x00000000cff00000, 0x00000000d0000000| Untracked 
| 168|0x00000000d0000000, 0x00000000d0100000, 0x00000000d0100000|100%| O|  |TAMS 0x00000000d0000000, 0x00000000d0100000| Untracked 
| 169|0x00000000d0100000, 0x00000000d0200000, 0x00000000d0200000|100%| O|  |TAMS 0x00000000d0100000, 0x00000000d0200000| Untracked 
| 170|0x00000000d0200000, 0x00000000d0300000, 0x00000000d0300000|100%| O|  |TAMS 0x00000000d0200000, 0x00000000d0300000| Untracked 
| 171|0x00000000d0300000, 0x00000000d0400000, 0x00000000d0400000|100%| O|  |TAMS 0x00000000d0300000, 0x00000000d0400000| Untracked 
| 172|0x00000000d0400000, 0x00000000d0500000, 0x00000000d0500000|100%| O|  |TAMS 0x00000000d0400000, 0x00000000d0500000| Untracked 
| 173|0x00000000d0500000, 0x00000000d0600000, 0x00000000d0600000|100%| O|  |TAMS 0x00000000d0500000, 0x00000000d0600000| Untracked 
| 174|0x00000000d0600000, 0x00000000d0700000, 0x00000000d0700000|100%| O|  |TAMS 0x00000000d0600000, 0x00000000d0700000| Untracked 
| 175|0x00000000d0700000, 0x00000000d0800000, 0x00000000d0800000|100%| O|  |TAMS 0x00000000d0700000, 0x00000000d0800000| Untracked 
| 176|0x00000000d0800000, 0x00000000d0900000, 0x00000000d0900000|100%| O|  |TAMS 0x00000000d0800000, 0x00000000d0900000| Untracked 
| 177|0x00000000d0900000, 0x00000000d0a00000, 0x00000000d0a00000|100%| O|  |TAMS 0x00000000d0900000, 0x00000000d0a00000| Untracked 
| 178|0x00000000d0a00000, 0x00000000d0b00000, 0x00000000d0b00000|100%| O|  |TAMS 0x00000000d0a00000, 0x00000000d0b00000| Untracked 
| 179|0x00000000d0b00000, 0x00000000d0c00000, 0x00000000d0c00000|100%| O|  |TAMS 0x00000000d0b00000, 0x00000000d0c00000| Untracked 
| 180|0x00000000d0c00000, 0x00000000d0d00000, 0x00000000d0d00000|100%| O|  |TAMS 0x00000000d0c00000, 0x00000000d0d00000| Untracked 
| 181|0x00000000d0d00000, 0x00000000d0e00000, 0x00000000d0e00000|100%| O|  |TAMS 0x00000000d0d00000, 0x00000000d0e00000| Untracked 
| 182|0x00000000d0e00000, 0x00000000d0f00000, 0x00000000d0f00000|100%| O|  |TAMS 0x00000000d0e00000, 0x00000000d0f00000| Untracked 
| 183|0x00000000d0f00000, 0x00000000d1000000, 0x00000000d1000000|100%| O|  |TAMS 0x00000000d0f00000, 0x00000000d1000000| Untracked 
| 184|0x00000000d1000000, 0x00000000d1100000, 0x00000000d1100000|100%| O|  |TAMS 0x00000000d1000000, 0x00000000d1100000| Untracked 
| 185|0x00000000d1100000, 0x00000000d1200000, 0x00000000d1200000|100%| O|  |TAMS 0x00000000d1100000, 0x00000000d1200000| Untracked 
| 186|0x00000000d1200000, 0x00000000d1300000, 0x00000000d1300000|100%| O|  |TAMS 0x00000000d1200000, 0x00000000d1300000| Untracked 
| 187|0x00000000d1300000, 0x00000000d1400000, 0x00000000d1400000|100%| O|  |TAMS 0x00000000d1300000, 0x00000000d1400000| Untracked 
| 188|0x00000000d1400000, 0x00000000d1500000, 0x00000000d1500000|100%| O|  |TAMS 0x00000000d1400000, 0x00000000d1500000| Untracked 
| 189|0x00000000d1500000, 0x00000000d1600000, 0x00000000d1600000|100%| O|  |TAMS 0x00000000d1500000, 0x00000000d1600000| Untracked 
| 190|0x00000000d1600000, 0x00000000d1700000, 0x00000000d1700000|100%| O|  |TAMS 0x00000000d1600000, 0x00000000d1700000| Untracked 
| 191|0x00000000d1700000, 0x00000000d1800000, 0x00000000d1800000|100%| O|  |TAMS 0x00000000d1700000, 0x00000000d1800000| Untracked 
| 192|0x00000000d1800000, 0x00000000d1900000, 0x00000000d1900000|100%| O|  |TAMS 0x00000000d1800000, 0x00000000d1900000| Untracked 
| 193|0x00000000d1900000, 0x00000000d1a00000, 0x00000000d1a00000|100%| O|  |TAMS 0x00000000d1900000, 0x00000000d1a00000| Untracked 
| 194|0x00000000d1a00000, 0x00000000d1b00000, 0x00000000d1b00000|100%| O|  |TAMS 0x00000000d1a00000, 0x00000000d1b00000| Untracked 
| 195|0x00000000d1b00000, 0x00000000d1c00000, 0x00000000d1c00000|100%| O|  |TAMS 0x00000000d1b00000, 0x00000000d1c00000| Untracked 
| 196|0x00000000d1c00000, 0x00000000d1d00000, 0x00000000d1d00000|100%| O|  |TAMS 0x00000000d1c00000, 0x00000000d1d00000| Untracked 
| 197|0x00000000d1d00000, 0x00000000d1e00000, 0x00000000d1e00000|100%| O|  |TAMS 0x00000000d1d00000, 0x00000000d1e00000| Untracked 
| 198|0x00000000d1e00000, 0x00000000d1f00000, 0x00000000d1f00000|100%| O|  |TAMS 0x00000000d1e00000, 0x00000000d1f00000| Untracked 
| 199|0x00000000d1f00000, 0x00000000d2000000, 0x00000000d2000000|100%| O|  |TAMS 0x00000000d1f00000, 0x00000000d2000000| Untracked 
| 200|0x00000000d2000000, 0x00000000d2100000, 0x00000000d2100000|100%| O|  |TAMS 0x00000000d2000000, 0x00000000d2100000| Untracked 
| 201|0x00000000d2100000, 0x00000000d2200000, 0x00000000d2200000|100%| O|  |TAMS 0x00000000d2100000, 0x00000000d2200000| Untracked 
| 202|0x00000000d2200000, 0x00000000d2300000, 0x00000000d2300000|100%| O|  |TAMS 0x00000000d2200000, 0x00000000d2300000| Untracked 
| 203|0x00000000d2300000, 0x00000000d2400000, 0x00000000d2400000|100%| O|  |TAMS 0x00000000d2300000, 0x00000000d2400000| Untracked 
| 204|0x00000000d2400000, 0x00000000d2500000, 0x00000000d2500000|100%| O|  |TAMS 0x00000000d2400000, 0x00000000d2500000| Untracked 
| 205|0x00000000d2500000, 0x00000000d2600000, 0x00000000d2600000|100%| O|  |TAMS 0x00000000d2500000, 0x00000000d2600000| Untracked 
| 206|0x00000000d2600000, 0x00000000d2700000, 0x00000000d2700000|100%| O|  |TAMS 0x00000000d2600000, 0x00000000d2700000| Untracked 
| 207|0x00000000d2700000, 0x00000000d2800000, 0x00000000d2800000|100%| O|  |TAMS 0x00000000d2700000, 0x00000000d2800000| Untracked 
| 208|0x00000000d2800000, 0x00000000d2900000, 0x00000000d2900000|100%| O|  |TAMS 0x00000000d2800000, 0x00000000d2900000| Untracked 
| 209|0x00000000d2900000, 0x00000000d2a00000, 0x00000000d2a00000|100%| O|  |TAMS 0x00000000d2900000, 0x00000000d2a00000| Untracked 
| 210|0x00000000d2a00000, 0x00000000d2b00000, 0x00000000d2b00000|100%| O|  |TAMS 0x00000000d2a00000, 0x00000000d2b00000| Untracked 
| 211|0x00000000d2b00000, 0x00000000d2c00000, 0x00000000d2c00000|100%| O|  |TAMS 0x00000000d2b00000, 0x00000000d2c00000| Untracked 
| 212|0x00000000d2c00000, 0x00000000d2d00000, 0x00000000d2d00000|100%| O|  |TAMS 0x00000000d2c00000, 0x00000000d2d00000| Untracked 
| 213|0x00000000d2d00000, 0x00000000d2e00000, 0x00000000d2e00000|100%| O|  |TAMS 0x00000000d2d00000, 0x00000000d2e00000| Untracked 
| 214|0x00000000d2e00000, 0x00000000d2f00000, 0x00000000d2f00000|100%| O|  |TAMS 0x00000000d2e00000, 0x00000000d2f00000| Untracked 
| 215|0x00000000d2f00000, 0x00000000d3000000, 0x00000000d3000000|100%| O|  |TAMS 0x00000000d2f00000, 0x00000000d3000000| Untracked 
| 216|0x00000000d3000000, 0x00000000d3100000, 0x00000000d3100000|100%| O|  |TAMS 0x00000000d3000000, 0x00000000d3100000| Untracked 
| 217|0x00000000d3100000, 0x00000000d3200000, 0x00000000d3200000|100%| O|  |TAMS 0x00000000d3100000, 0x00000000d3200000| Untracked 
| 218|0x00000000d3200000, 0x00000000d3300000, 0x00000000d3300000|100%| O|  |TAMS 0x00000000d3200000, 0x00000000d3300000| Untracked 
| 219|0x00000000d3300000, 0x00000000d3400000, 0x00000000d3400000|100%| O|  |TAMS 0x00000000d3300000, 0x00000000d3400000| Untracked 
| 220|0x00000000d3400000, 0x00000000d3500000, 0x00000000d3500000|100%| O|  |TAMS 0x00000000d3400000, 0x00000000d3500000| Untracked 
| 221|0x00000000d3500000, 0x00000000d3600000, 0x00000000d3600000|100%| O|  |TAMS 0x00000000d3500000, 0x00000000d3600000| Untracked 
| 222|0x00000000d3600000, 0x00000000d3700000, 0x00000000d3700000|100%| O|  |TAMS 0x00000000d3600000, 0x00000000d3700000| Untracked 
| 223|0x00000000d3700000, 0x00000000d3800000, 0x00000000d3800000|100%| O|  |TAMS 0x00000000d3700000, 0x00000000d3800000| Untracked 
| 224|0x00000000d3800000, 0x00000000d3900000, 0x00000000d3900000|100%| O|  |TAMS 0x00000000d3800000, 0x00000000d3900000| Untracked 
| 225|0x00000000d3900000, 0x00000000d3a00000, 0x00000000d3a00000|100%| O|  |TAMS 0x00000000d3900000, 0x00000000d3a00000| Untracked 
| 226|0x00000000d3a00000, 0x00000000d3b00000, 0x00000000d3b00000|100%| O|  |TAMS 0x00000000d3a00000, 0x00000000d3b00000| Untracked 
| 227|0x00000000d3b00000, 0x00000000d3c00000, 0x00000000d3c00000|100%| O|  |TAMS 0x00000000d3b00000, 0x00000000d3c00000| Untracked 
| 228|0x00000000d3c00000, 0x00000000d3d00000, 0x00000000d3d00000|100%| O|  |TAMS 0x00000000d3c00000, 0x00000000d3d00000| Untracked 
| 229|0x00000000d3d00000, 0x00000000d3e00000, 0x00000000d3e00000|100%| O|  |TAMS 0x00000000d3d00000, 0x00000000d3e00000| Untracked 
| 230|0x00000000d3e00000, 0x00000000d3f00000, 0x00000000d3f00000|100%| O|  |TAMS 0x00000000d3e00000, 0x00000000d3f00000| Untracked 
| 231|0x00000000d3f00000, 0x00000000d4000000, 0x00000000d4000000|100%| O|  |TAMS 0x00000000d3f00000, 0x00000000d4000000| Untracked 
| 232|0x00000000d4000000, 0x00000000d4100000, 0x00000000d4100000|100%| O|  |TAMS 0x00000000d4000000, 0x00000000d4100000| Untracked 
| 233|0x00000000d4100000, 0x00000000d4200000, 0x00000000d4200000|100%| O|  |TAMS 0x00000000d4100000, 0x00000000d4200000| Untracked 
| 234|0x00000000d4200000, 0x00000000d4300000, 0x00000000d4300000|100%| O|  |TAMS 0x00000000d4200000, 0x00000000d4280000| Untracked 
| 235|0x00000000d4300000, 0x00000000d4400000, 0x00000000d4400000|100%| O|  |TAMS 0x00000000d4300000, 0x00000000d4300000| Untracked 
| 236|0x00000000d4400000, 0x00000000d4500000, 0x00000000d4500000|100%| O|  |TAMS 0x00000000d4400000, 0x00000000d4400000| Untracked 
| 237|0x00000000d4500000, 0x00000000d4600000, 0x00000000d4600000|100%| O|  |TAMS 0x00000000d4500000, 0x00000000d4500000| Untracked 
| 238|0x00000000d4600000, 0x00000000d4700000, 0x00000000d4700000|100%| O|  |TAMS 0x00000000d4600000, 0x00000000d4600000| Untracked 
| 239|0x00000000d4700000, 0x00000000d4800000, 0x00000000d4800000|100%| O|  |TAMS 0x00000000d4700000, 0x00000000d4700000| Untracked 
| 240|0x00000000d4800000, 0x00000000d4900000, 0x00000000d4900000|100%| O|  |TAMS 0x00000000d4800000, 0x00000000d4800000| Untracked 
| 241|0x00000000d4900000, 0x00000000d4a00000, 0x00000000d4a00000|100%| O|  |TAMS 0x00000000d4900000, 0x00000000d4900000| Untracked 
| 242|0x00000000d4a00000, 0x00000000d4b00000, 0x00000000d4b00000|100%| O|  |TAMS 0x00000000d4a00000, 0x00000000d4a00000| Untracked 
| 243|0x00000000d4b00000, 0x00000000d4c00000, 0x00000000d4c00000|100%| O|  |TAMS 0x00000000d4b00000, 0x00000000d4b00000| Untracked 
| 244|0x00000000d4c00000, 0x00000000d4d00000, 0x00000000d4d00000|100%| O|  |TAMS 0x00000000d4c00000, 0x00000000d4c00000| Untracked 
| 245|0x00000000d4d00000, 0x00000000d4e00000, 0x00000000d4e00000|100%| O|  |TAMS 0x00000000d4d00000, 0x00000000d4d00000| Untracked 
| 246|0x00000000d4e00000, 0x00000000d4f00000, 0x00000000d4f00000|100%| O|  |TAMS 0x00000000d4e00000, 0x00000000d4e00000| Untracked 
| 247|0x00000000d4f00000, 0x00000000d5000000, 0x00000000d5000000|100%| O|  |TAMS 0x00000000d4f00000, 0x00000000d4f00000| Untracked 
| 248|0x00000000d5000000, 0x00000000d5100000, 0x00000000d5100000|100%| O|  |TAMS 0x00000000d5000000, 0x00000000d5000000| Untracked 
| 249|0x00000000d5100000, 0x00000000d5200000, 0x00000000d5200000|100%| O|  |TAMS 0x00000000d5100000, 0x00000000d5100000| Untracked 
| 250|0x00000000d5200000, 0x00000000d5300000, 0x00000000d5300000|100%| O|  |TAMS 0x00000000d5200000, 0x00000000d5200000| Untracked 
| 251|0x00000000d5300000, 0x00000000d5400000, 0x00000000d5400000|100%| O|  |TAMS 0x00000000d5300000, 0x00000000d5300000| Untracked 
| 252|0x00000000d5400000, 0x00000000d5500000, 0x00000000d5500000|100%| O|  |TAMS 0x00000000d5400000, 0x00000000d5400000| Untracked 
| 253|0x00000000d5500000, 0x00000000d5600000, 0x00000000d5600000|100%| O|  |TAMS 0x00000000d5500000, 0x00000000d5500000| Untracked 
| 254|0x00000000d5600000, 0x00000000d5700000, 0x00000000d5700000|100%| O|  |TAMS 0x00000000d5600000, 0x00000000d5600000| Untracked 
| 255|0x00000000d5700000, 0x00000000d5800000, 0x00000000d5800000|100%| O|  |TAMS 0x00000000d5700000, 0x00000000d5700000| Untracked 
| 256|0x00000000d5800000, 0x00000000d5900000, 0x00000000d5900000|100%| O|  |TAMS 0x00000000d5800000, 0x00000000d5800000| Untracked 
| 257|0x00000000d5900000, 0x00000000d5a00000, 0x00000000d5a00000|100%| O|  |TAMS 0x00000000d5900000, 0x00000000d5900000| Untracked 
| 258|0x00000000d5a00000, 0x00000000d5b00000, 0x00000000d5b00000|100%| O|  |TAMS 0x00000000d5a00000, 0x00000000d5a00000| Untracked 
| 259|0x00000000d5b00000, 0x00000000d5c00000, 0x00000000d5c00000|100%| O|  |TAMS 0x00000000d5b00000, 0x00000000d5b00000| Untracked 
| 260|0x00000000d5c00000, 0x00000000d5d00000, 0x00000000d5d00000|100%| O|  |TAMS 0x00000000d5c00000, 0x00000000d5c00000| Untracked 
| 261|0x00000000d5d00000, 0x00000000d5e00000, 0x00000000d5e00000|100%| O|  |TAMS 0x00000000d5d00000, 0x00000000d5d00000| Untracked 
| 262|0x00000000d5e00000, 0x00000000d5f00000, 0x00000000d5f00000|100%| O|  |TAMS 0x00000000d5e00000, 0x00000000d5e00000| Untracked 
| 263|0x00000000d5f00000, 0x00000000d6000000, 0x00000000d6000000|100%| O|  |TAMS 0x00000000d5f00000, 0x00000000d5f00000| Untracked 
| 264|0x00000000d6000000, 0x00000000d6100000, 0x00000000d6100000|100%| O|  |TAMS 0x00000000d6000000, 0x00000000d6000000| Untracked 
| 265|0x00000000d6100000, 0x00000000d6200000, 0x00000000d6200000|100%| O|  |TAMS 0x00000000d6100000, 0x00000000d6100000| Untracked 
| 266|0x00000000d6200000, 0x00000000d6300000, 0x00000000d6300000|100%| O|  |TAMS 0x00000000d6200000, 0x00000000d6200000| Untracked 
| 267|0x00000000d6300000, 0x00000000d6400000, 0x00000000d6400000|100%|HS|  |TAMS 0x00000000d6300000, 0x00000000d6300000| Complete 
| 268|0x00000000d6400000, 0x00000000d6500000, 0x00000000d6500000|100%|HC|  |TAMS 0x00000000d6400000, 0x00000000d6400000| Complete 
| 269|0x00000000d6500000, 0x00000000d6600000, 0x00000000d6600000|100%| O|  |TAMS 0x00000000d6500000, 0x00000000d6500000| Untracked 
| 270|0x00000000d6600000, 0x00000000d6700000, 0x00000000d6700000|100%| O|  |TAMS 0x00000000d6600000, 0x00000000d6600000| Untracked 
| 271|0x00000000d6700000, 0x00000000d6800000, 0x00000000d6800000|100%| O|  |TAMS 0x00000000d6700000, 0x00000000d6700000| Untracked 
| 272|0x00000000d6800000, 0x00000000d6900000, 0x00000000d6900000|100%| O|  |TAMS 0x00000000d6800000, 0x00000000d6800000| Untracked 
| 273|0x00000000d6900000, 0x00000000d6a00000, 0x00000000d6a00000|100%| O|  |TAMS 0x00000000d6900000, 0x00000000d6900000| Untracked 
| 274|0x00000000d6a00000, 0x00000000d6b00000, 0x00000000d6b00000|100%| O|  |TAMS 0x00000000d6a00000, 0x00000000d6a00000| Untracked 
| 275|0x00000000d6b00000, 0x00000000d6c00000, 0x00000000d6c00000|100%| O|  |TAMS 0x00000000d6b00000, 0x00000000d6b00000| Untracked 
| 276|0x00000000d6c00000, 0x00000000d6d00000, 0x00000000d6d00000|100%| O|  |TAMS 0x00000000d6c00000, 0x00000000d6c00000| Untracked 
| 277|0x00000000d6d00000, 0x00000000d6e00000, 0x00000000d6e00000|100%| O|  |TAMS 0x00000000d6d00000, 0x00000000d6d00000| Untracked 
| 278|0x00000000d6e00000, 0x00000000d6f00000, 0x00000000d6f00000|100%| O|  |TAMS 0x00000000d6e00000, 0x00000000d6e00000| Untracked 
| 279|0x00000000d6f00000, 0x00000000d7000000, 0x00000000d7000000|100%| O|  |TAMS 0x00000000d6f00000, 0x00000000d6f00000| Untracked 
| 280|0x00000000d7000000, 0x00000000d7100000, 0x00000000d7100000|100%| O|  |TAMS 0x00000000d7000000, 0x00000000d7000000| Untracked 
| 281|0x00000000d7100000, 0x00000000d7200000, 0x00000000d7200000|100%| O|  |TAMS 0x00000000d7100000, 0x00000000d7100000| Untracked 
| 282|0x00000000d7200000, 0x00000000d7300000, 0x00000000d7300000|100%| O|  |TAMS 0x00000000d7200000, 0x00000000d7200000| Untracked 
| 283|0x00000000d7300000, 0x00000000d7400000, 0x00000000d7400000|100%| O|  |TAMS 0x00000000d7300000, 0x00000000d7300000| Untracked 
| 284|0x00000000d7400000, 0x00000000d7500000, 0x00000000d7500000|100%| O|  |TAMS 0x00000000d7400000, 0x00000000d7400000| Untracked 
| 285|0x00000000d7500000, 0x00000000d7600000, 0x00000000d7600000|100%| O|  |TAMS 0x00000000d7500000, 0x00000000d7500000| Untracked 
| 286|0x00000000d7600000, 0x00000000d7700000, 0x00000000d7700000|100%| O|  |TAMS 0x00000000d7600000, 0x00000000d7600000| Untracked 
| 287|0x00000000d7700000, 0x00000000d7800000, 0x00000000d7800000|100%| O|  |TAMS 0x00000000d7700000, 0x00000000d7700000| Untracked 
| 288|0x00000000d7800000, 0x00000000d7900000, 0x00000000d7900000|100%| O|  |TAMS 0x00000000d7800000, 0x00000000d7800000| Untracked 
| 289|0x00000000d7900000, 0x00000000d793ca00, 0x00000000d7a00000| 23%| O|  |TAMS 0x00000000d7900000, 0x00000000d7900000| Untracked 
| 290|0x00000000d7a00000, 0x00000000d7a00000, 0x00000000d7b00000|  0%| F|  |TAMS 0x00000000d7a00000, 0x00000000d7a00000| Untracked 
| 291|0x00000000d7b00000, 0x00000000d7b00000, 0x00000000d7c00000|  0%| F|  |TAMS 0x00000000d7b00000, 0x00000000d7b00000| Untracked 
| 292|0x00000000d7c00000, 0x00000000d7c00000, 0x00000000d7d00000|  0%| F|  |TAMS 0x00000000d7c00000, 0x00000000d7c00000| Untracked 
| 293|0x00000000d7d00000, 0x00000000d7d00000, 0x00000000d7e00000|  0%| F|  |TAMS 0x00000000d7d00000, 0x00000000d7d00000| Untracked 
| 294|0x00000000d7e00000, 0x00000000d7e00000, 0x00000000d7f00000|  0%| F|  |TAMS 0x00000000d7e00000, 0x00000000d7e00000| Untracked 
| 295|0x00000000d7f00000, 0x00000000d7f00000, 0x00000000d8000000|  0%| F|  |TAMS 0x00000000d7f00000, 0x00000000d7f00000| Untracked 
| 296|0x00000000d8000000, 0x00000000d8000000, 0x00000000d8100000|  0%| F|  |TAMS 0x00000000d8000000, 0x00000000d8000000| Untracked 
| 297|0x00000000d8100000, 0x00000000d8100000, 0x00000000d8200000|  0%| F|  |TAMS 0x00000000d8100000, 0x00000000d8100000| Untracked 
| 298|0x00000000d8200000, 0x00000000d8200000, 0x00000000d8300000|  0%| F|  |TAMS 0x00000000d8200000, 0x00000000d8200000| Untracked 
| 299|0x00000000d8300000, 0x00000000d8300000, 0x00000000d8400000|  0%| F|  |TAMS 0x00000000d8300000, 0x00000000d8300000| Untracked 
| 300|0x00000000d8400000, 0x00000000d8400000, 0x00000000d8500000|  0%| F|  |TAMS 0x00000000d8400000, 0x00000000d8400000| Untracked 
| 301|0x00000000d8500000, 0x00000000d8500000, 0x00000000d8600000|  0%| F|  |TAMS 0x00000000d8500000, 0x00000000d8500000| Untracked 
| 302|0x00000000d8600000, 0x00000000d8600000, 0x00000000d8700000|  0%| F|  |TAMS 0x00000000d8600000, 0x00000000d8600000| Untracked 
| 303|0x00000000d8700000, 0x00000000d8700000, 0x00000000d8800000|  0%| F|  |TAMS 0x00000000d8700000, 0x00000000d8700000| Untracked 
| 304|0x00000000d8800000, 0x00000000d8800000, 0x00000000d8900000|  0%| F|  |TAMS 0x00000000d8800000, 0x00000000d8800000| Untracked 
| 305|0x00000000d8900000, 0x00000000d8900000, 0x00000000d8a00000|  0%| F|  |TAMS 0x00000000d8900000, 0x00000000d8900000| Untracked 
| 306|0x00000000d8a00000, 0x00000000d8a00000, 0x00000000d8b00000|  0%| F|  |TAMS 0x00000000d8a00000, 0x00000000d8a00000| Untracked 
| 307|0x00000000d8b00000, 0x00000000d8b00000, 0x00000000d8c00000|  0%| F|  |TAMS 0x00000000d8b00000, 0x00000000d8b00000| Untracked 
| 308|0x00000000d8c00000, 0x00000000d8c00000, 0x00000000d8d00000|  0%| F|  |TAMS 0x00000000d8c00000, 0x00000000d8c00000| Untracked 
| 309|0x00000000d8d00000, 0x00000000d8d00000, 0x00000000d8e00000|  0%| F|  |TAMS 0x00000000d8d00000, 0x00000000d8d00000| Untracked 
| 310|0x00000000d8e00000, 0x00000000d8e00000, 0x00000000d8f00000|  0%| F|  |TAMS 0x00000000d8e00000, 0x00000000d8e00000| Untracked 
| 311|0x00000000d8f00000, 0x00000000d8f00000, 0x00000000d9000000|  0%| F|  |TAMS 0x00000000d8f00000, 0x00000000d8f00000| Untracked 
| 312|0x00000000d9000000, 0x00000000d9000000, 0x00000000d9100000|  0%| F|  |TAMS 0x00000000d9000000, 0x00000000d9000000| Untracked 
| 313|0x00000000d9100000, 0x00000000d9100000, 0x00000000d9200000|  0%| F|  |TAMS 0x00000000d9100000, 0x00000000d9100000| Untracked 
| 314|0x00000000d9200000, 0x00000000d9200000, 0x00000000d9300000|  0%| F|  |TAMS 0x00000000d9200000, 0x00000000d9200000| Untracked 
| 315|0x00000000d9300000, 0x00000000d9300000, 0x00000000d9400000|  0%| F|  |TAMS 0x00000000d9300000, 0x00000000d9300000| Untracked 
| 316|0x00000000d9400000, 0x00000000d9400000, 0x00000000d9500000|  0%| F|  |TAMS 0x00000000d9400000, 0x00000000d9400000| Untracked 
| 317|0x00000000d9500000, 0x00000000d9500000, 0x00000000d9600000|  0%| F|  |TAMS 0x00000000d9500000, 0x00000000d9500000| Untracked 
| 318|0x00000000d9600000, 0x00000000d9600000, 0x00000000d9700000|  0%| F|  |TAMS 0x00000000d9600000, 0x00000000d9600000| Untracked 
| 319|0x00000000d9700000, 0x00000000d9700000, 0x00000000d9800000|  0%| F|  |TAMS 0x00000000d9700000, 0x00000000d9700000| Untracked 
| 320|0x00000000d9800000, 0x00000000d9800000, 0x00000000d9900000|  0%| F|  |TAMS 0x00000000d9800000, 0x00000000d9800000| Untracked 
| 321|0x00000000d9900000, 0x00000000d9900000, 0x00000000d9a00000|  0%| F|  |TAMS 0x00000000d9900000, 0x00000000d9900000| Untracked 
| 322|0x00000000d9a00000, 0x00000000d9a00000, 0x00000000d9b00000|  0%| F|  |TAMS 0x00000000d9a00000, 0x00000000d9a00000| Untracked 
| 323|0x00000000d9b00000, 0x00000000d9b00000, 0x00000000d9c00000|  0%| F|  |TAMS 0x00000000d9b00000, 0x00000000d9b00000| Untracked 
| 324|0x00000000d9c00000, 0x00000000d9c00000, 0x00000000d9d00000|  0%| F|  |TAMS 0x00000000d9c00000, 0x00000000d9c00000| Untracked 
| 325|0x00000000d9d00000, 0x00000000d9d00000, 0x00000000d9e00000|  0%| F|  |TAMS 0x00000000d9d00000, 0x00000000d9d00000| Untracked 
| 326|0x00000000d9e00000, 0x00000000d9e00000, 0x00000000d9f00000|  0%| F|  |TAMS 0x00000000d9e00000, 0x00000000d9e00000| Untracked 
| 327|0x00000000d9f00000, 0x00000000d9f00000, 0x00000000da000000|  0%| F|  |TAMS 0x00000000d9f00000, 0x00000000d9f00000| Untracked 
| 328|0x00000000da000000, 0x00000000da000000, 0x00000000da100000|  0%| F|  |TAMS 0x00000000da000000, 0x00000000da000000| Untracked 
| 329|0x00000000da100000, 0x00000000da100000, 0x00000000da200000|  0%| F|  |TAMS 0x00000000da100000, 0x00000000da100000| Untracked 
| 330|0x00000000da200000, 0x00000000da200000, 0x00000000da300000|  0%| F|  |TAMS 0x00000000da200000, 0x00000000da200000| Untracked 
| 331|0x00000000da300000, 0x00000000da300000, 0x00000000da400000|  0%| F|  |TAMS 0x00000000da300000, 0x00000000da300000| Untracked 
| 332|0x00000000da400000, 0x00000000da400000, 0x00000000da500000|  0%| F|  |TAMS 0x00000000da400000, 0x00000000da400000| Untracked 
| 333|0x00000000da500000, 0x00000000da500000, 0x00000000da600000|  0%| F|  |TAMS 0x00000000da500000, 0x00000000da500000| Untracked 
| 334|0x00000000da600000, 0x00000000da600000, 0x00000000da700000|  0%| F|  |TAMS 0x00000000da600000, 0x00000000da600000| Untracked 
| 335|0x00000000da700000, 0x00000000da700000, 0x00000000da800000|  0%| F|  |TAMS 0x00000000da700000, 0x00000000da700000| Untracked 
| 336|0x00000000da800000, 0x00000000da800000, 0x00000000da900000|  0%| F|  |TAMS 0x00000000da800000, 0x00000000da800000| Untracked 
| 337|0x00000000da900000, 0x00000000da900000, 0x00000000daa00000|  0%| F|  |TAMS 0x00000000da900000, 0x00000000da900000| Untracked 
| 338|0x00000000daa00000, 0x00000000daa774e8, 0x00000000dab00000| 46%| S|CS|TAMS 0x00000000daa00000, 0x00000000daa00000| Complete 
| 339|0x00000000dab00000, 0x00000000dab00000, 0x00000000dac00000|  0%| F|  |TAMS 0x00000000dab00000, 0x00000000dab00000| Untracked 
| 340|0x00000000dac00000, 0x00000000dac00000, 0x00000000dad00000|  0%| F|  |TAMS 0x00000000dac00000, 0x00000000dac00000| Untracked 
| 341|0x00000000dad00000, 0x00000000dae00000, 0x00000000dae00000|100%| S|CS|TAMS 0x00000000dad00000, 0x00000000dad00000| Complete 
| 342|0x00000000dae00000, 0x00000000daf00000, 0x00000000daf00000|100%| S|CS|TAMS 0x00000000dae00000, 0x00000000dae00000| Complete 
| 343|0x00000000daf00000, 0x00000000daf00000, 0x00000000db000000|  0%| F|  |TAMS 0x00000000daf00000, 0x00000000daf00000| Untracked 
| 344|0x00000000db000000, 0x00000000db000000, 0x00000000db100000|  0%| F|  |TAMS 0x00000000db000000, 0x00000000db000000| Untracked 
| 345|0x00000000db100000, 0x00000000db100000, 0x00000000db200000|  0%| F|  |TAMS 0x00000000db100000, 0x00000000db100000| Untracked 
| 346|0x00000000db200000, 0x00000000db200000, 0x00000000db300000|  0%| F|  |TAMS 0x00000000db200000, 0x00000000db200000| Untracked 
| 347|0x00000000db300000, 0x00000000db300000, 0x00000000db400000|  0%| F|  |TAMS 0x00000000db300000, 0x00000000db300000| Untracked 
| 348|0x00000000db400000, 0x00000000db400000, 0x00000000db500000|  0%| F|  |TAMS 0x00000000db400000, 0x00000000db400000| Untracked 
| 349|0x00000000db500000, 0x00000000db500000, 0x00000000db600000|  0%| F|  |TAMS 0x00000000db500000, 0x00000000db500000| Untracked 
| 350|0x00000000db600000, 0x00000000db600000, 0x00000000db700000|  0%| F|  |TAMS 0x00000000db600000, 0x00000000db600000| Untracked 
| 351|0x00000000db700000, 0x00000000db700000, 0x00000000db800000|  0%| F|  |TAMS 0x00000000db700000, 0x00000000db700000| Untracked 
| 352|0x00000000db800000, 0x00000000db800000, 0x00000000db900000|  0%| F|  |TAMS 0x00000000db800000, 0x00000000db800000| Untracked 
| 353|0x00000000db900000, 0x00000000db900000, 0x00000000dba00000|  0%| F|  |TAMS 0x00000000db900000, 0x00000000db900000| Untracked 
| 354|0x00000000dba00000, 0x00000000dba00000, 0x00000000dbb00000|  0%| F|  |TAMS 0x00000000dba00000, 0x00000000dba00000| Untracked 
| 355|0x00000000dbb00000, 0x00000000dbb00000, 0x00000000dbc00000|  0%| F|  |TAMS 0x00000000dbb00000, 0x00000000dbb00000| Untracked 
| 356|0x00000000dbc00000, 0x00000000dbc00000, 0x00000000dbd00000|  0%| F|  |TAMS 0x00000000dbc00000, 0x00000000dbc00000| Untracked 
| 357|0x00000000dbd00000, 0x00000000dbd00000, 0x00000000dbe00000|  0%| F|  |TAMS 0x00000000dbd00000, 0x00000000dbd00000| Untracked 

Card table byte_map: [0x00000290d3c40000,0x00000290d3e20000] _byte_map_base: 0x00000290d3614000

Marking Bits (Prev, Next): (CMBitMap*) 0x00000290bb3a7f40, (CMBitMap*) 0x00000290bb3a7f00
 Prev Bits: [0x00000290d4ea0000, 0x00000290d5d40000)
 Next Bits: [0x00000290d4000000, 0x00000290d4ea0000)

Polling page: 0x00000290bb060000

Metaspace:

Usage:
  Non-class:     61.67 MB used.
      Class:      8.09 MB used.
       Both:     69.76 MB used.

Virtual space:
  Non-class space:       64.00 MB reserved,      61.88 MB ( 97%) committed,  1 nodes.
      Class space:        1.00 GB reserved,       8.25 MB ( <1%) committed,  1 nodes.
             Both:        1.06 GB reserved,      70.12 MB (  6%) committed. 

Chunk freelists:
   Non-Class:  2.17 MB
       Class:  7.76 MB
        Both:  9.94 MB

MaxMetaspaceSize: unlimited
CompressedClassSpaceSize: 1.00 GB
Initial GC threshold: 21.00 MB
Current GC threshold: 95.62 MB
CDS: on
MetaspaceReclaimPolicy: balanced
 - commit_granule_bytes: 65536.
 - commit_granule_words: 8192.
 - virtual_space_node_default_size: 8388608.
 - enlarge_chunks_in_place: 1.
 - new_chunks_are_fully_committed: 0.
 - uncommit_free_chunks: 1.
 - use_allocation_guard: 0.
 - handle_deallocations: 1.


Internal statistics:

num_allocs_failed_limit: 6.
num_arena_births: 490.
num_arena_deaths: 66.
num_vsnodes_births: 2.
num_vsnodes_deaths: 0.
num_space_committed: 1120.
num_space_uncommitted: 0.
num_chunks_returned_to_freelist: 73.
num_chunks_taken_from_freelist: 3019.
num_chunk_merges: 25.
num_chunk_splits: 2339.
num_chunks_enlarged: 2018.
num_inconsistent_stats: 0.

CodeHeap 'non-profiled nmethods': size=120000Kb used=7960Kb max_used=8103Kb free=112039Kb
 bounds [0x00000290cbf10000, 0x00000290cc700000, 0x00000290d3440000]
CodeHeap 'profiled nmethods': size=120000Kb used=21232Kb max_used=22576Kb free=98767Kb
 bounds [0x00000290c4440000, 0x00000290c5a90000, 0x00000290cb970000]
CodeHeap 'non-nmethods': size=5760Kb used=1393Kb max_used=1455Kb free=4366Kb
 bounds [0x00000290cb970000, 0x00000290cbbe0000, 0x00000290cbf10000]
 total_blobs=9891 nmethods=9173 adapters=628
 compilation: enabled
              stopped_count=0, restarted_count=0
 full_count=0

Compilation events (20 events):
Event: 1274.349 Thread 0x00000290d8301690 nmethod 11703 0x00000290cc30cb10 code [0x00000290cc30cca0, 0x00000290cc30cfc8]
Event: 1274.349 Thread 0x00000290d8301690 11704       4       java.lang.String::toUpperCase (29 bytes)
Event: 1274.433 Thread 0x00000290d8301690 nmethod 11704 0x00000290cc4dc710 code [0x00000290cc4dc8e0, 0x00000290cc4dd2f8]
Event: 1274.941 Thread 0x00000290d8302090 11707       3       com.intellij.psi.impl.cache.TypeInfo::arrayOf (12 bytes)
Event: 1274.972 Thread 0x00000290d8301690 11708       4       com.intellij.psi.impl.compiled.ClsRepositoryPsiElement::<init> (10 bytes)
Event: 1274.973 Thread 0x00000290d8302090 nmethod 11707 0x00000290c4a3be90 code [0x00000290c4a3c040, 0x00000290c4a3c1e8]
Event: 1275.489 Thread 0x00000290d8301690 nmethod 11708 0x00000290cc4dc310 code [0x00000290cc4dc480, 0x00000290cc4dc6b8]
Event: 1275.489 Thread 0x00000290d8301690 11709       4       com.intellij.openapi.util.text.StringUtil::isPrintableUnicode (70 bytes)
Event: 1275.495 Thread 0x00000290d8301690 nmethod 11709 0x00000290cc4dbb10 code [0x00000290cc4dbcc0, 0x00000290cc4dbfb8]
Event: 1275.495 Thread 0x00000290d8301690 11710       4       java.lang.CharacterData00::getProperties (32 bytes)
Event: 1275.496 Thread 0x00000290d8301690 nmethod 11710 0x00000290cc4db790 code [0x00000290cc4db920, 0x00000290cc4dba18]
Event: 1275.649 Thread 0x00000290d8301690 11711       4       org.jetbrains.kotlin.utils.SmartList::toArray (157 bytes)
Event: 1275.720 Thread 0x00000290d8301690 nmethod 11711 0x00000290cc4dab10 code [0x00000290cc4dacc0, 0x00000290cc4db438]
Event: 1278.203 Thread 0x00000290d8301690 11712       4       com.intellij.util.containers.ImmutableList::iterator (10 bytes)
Event: 1278.458 Thread 0x00000290d8301690 nmethod 11712 0x00000290cc4da790 code [0x00000290cc4da920, 0x00000290cc4daa48]
Event: 1278.458 Thread 0x00000290d8301690 11713       4       org.jetbrains.kotlin.descriptors.impl.ModuleDescriptorImpl::getContainingDeclaration (5 bytes)
Event: 1278.511 Thread 0x00000290d8301690 nmethod 11713 0x00000290cc46de10 code [0x00000290cc46df80, 0x00000290cc46dff8]
Event: 1278.943 Thread 0x00000290d8301690 11714       4       com.intellij.openapi.project.DumbService::filterByDumbAwareness (105 bytes)
Event: 1279.133 Thread 0x00000290d8301690 nmethod 11714 0x00000290cc4da410 code [0x00000290cc4da580, 0x00000290cc4da638]
Event: 1279.448 Thread 0x00000290d8301690 11715       4       org.jetbrains.kotlin.resolve.scopes.ChainedMemberScope::getContributedDescriptors (151 bytes)

GC Heap History (20 events):
Event: 1265.047 GC heap after
{Heap after GC invocations=59 (full 0):
 garbage-first heap   total 366592K, used 258048K [0x00000000c5800000, 0x0000000100000000)
  region size 1024K, 8 young (8192K), 8 survivors (8192K)
 Metaspace       used 71431K, committed 71808K, reserved 1114112K
  class space    used 8286K, committed 8448K, reserved 1048576K
}
Event: 1267.902 GC heap before
{Heap before GC invocations=59 (full 0):
 garbage-first heap   total 366592K, used 267264K [0x00000000c5800000, 0x0000000100000000)
  region size 1024K, 17 young (17408K), 8 survivors (8192K)
 Metaspace       used 71431K, committed 71808K, reserved 1114112K
  class space    used 8286K, committed 8448K, reserved 1048576K
}
Event: 1267.935 GC heap after
{Heap after GC invocations=60 (full 0):
 garbage-first heap   total 366592K, used 259898K [0x00000000c5800000, 0x0000000100000000)
  region size 1024K, 2 young (2048K), 2 survivors (2048K)
 Metaspace       used 71431K, committed 71808K, reserved 1114112K
  class space    used 8286K, committed 8448K, reserved 1048576K
}
Event: 1268.197 GC heap before
{Heap before GC invocations=60 (full 0):
 garbage-first heap   total 366592K, used 275258K [0x00000000c5800000, 0x0000000100000000)
  region size 1024K, 17 young (17408K), 2 survivors (2048K)
 Metaspace       used 71431K, committed 71808K, reserved 1114112K
  class space    used 8286K, committed 8448K, reserved 1048576K
}
Event: 1268.206 GC heap after
{Heap after GC invocations=61 (full 0):
 garbage-first heap   total 366592K, used 261541K [0x00000000c5800000, 0x0000000100000000)
  region size 1024K, 3 young (3072K), 3 survivors (3072K)
 Metaspace       used 71431K, committed 71808K, reserved 1114112K
  class space    used 8286K, committed 8448K, reserved 1048576K
}
Event: 1268.949 GC heap before
{Heap before GC invocations=61 (full 0):
 garbage-first heap   total 366592K, used 274853K [0x00000000c5800000, 0x0000000100000000)
  region size 1024K, 17 young (17408K), 3 survivors (3072K)
 Metaspace       used 71431K, committed 71808K, reserved 1114112K
  class space    used 8286K, committed 8448K, reserved 1048576K
}
Event: 1268.965 GC heap after
{Heap after GC invocations=62 (full 0):
 garbage-first heap   total 366592K, used 263876K [0x00000000c5800000, 0x0000000100000000)
  region size 1024K, 3 young (3072K), 3 survivors (3072K)
 Metaspace       used 71431K, committed 71808K, reserved 1114112K
  class space    used 8286K, committed 8448K, reserved 1048576K
}
Event: 1270.677 GC heap before
{Heap before GC invocations=62 (full 0):
 garbage-first heap   total 366592K, used 307908K [0x00000000c5800000, 0x0000000100000000)
  region size 1024K, 46 young (47104K), 3 survivors (3072K)
 Metaspace       used 71432K, committed 71808K, reserved 1114112K
  class space    used 8286K, committed 8448K, reserved 1048576K
}
Event: 1270.740 GC heap after
{Heap after GC invocations=63 (full 0):
 garbage-first heap   total 366592K, used 271147K [0x00000000c5800000, 0x0000000100000000)
  region size 1024K, 6 young (6144K), 6 survivors (6144K)
 Metaspace       used 71432K, committed 71808K, reserved 1114112K
  class space    used 8286K, committed 8448K, reserved 1048576K
}
Event: 1271.193 GC heap before
{Heap before GC invocations=63 (full 0):
 garbage-first heap   total 366592K, used 311083K [0x00000000c5800000, 0x0000000100000000)
  region size 1024K, 45 young (46080K), 6 survivors (6144K)
 Metaspace       used 71432K, committed 71808K, reserved 1114112K
  class space    used 8286K, committed 8448K, reserved 1048576K
}
Event: 1271.230 GC heap after
{Heap after GC invocations=64 (full 0):
 garbage-first heap   total 366592K, used 278966K [0x00000000c5800000, 0x0000000100000000)
  region size 1024K, 6 young (6144K), 6 survivors (6144K)
 Metaspace       used 71432K, committed 71808K, reserved 1114112K
  class space    used 8286K, committed 8448K, reserved 1048576K
}
Event: 1271.522 GC heap before
{Heap before GC invocations=64 (full 0):
 garbage-first heap   total 366592K, used 314806K [0x00000000c5800000, 0x0000000100000000)
  region size 1024K, 39 young (39936K), 6 survivors (6144K)
 Metaspace       used 71432K, committed 71808K, reserved 1114112K
  class space    used 8286K, committed 8448K, reserved 1048576K
}
Event: 1271.560 GC heap after
{Heap after GC invocations=65 (full 0):
 garbage-first heap   total 366592K, used 287360K [0x00000000c5800000, 0x0000000100000000)
  region size 1024K, 5 young (5120K), 5 survivors (5120K)
 Metaspace       used 71432K, committed 71808K, reserved 1114112K
  class space    used 8286K, committed 8448K, reserved 1048576K
}
Event: 1273.431 GC heap before
{Heap before GC invocations=65 (full 0):
 garbage-first heap   total 366592K, used 315008K [0x00000000c5800000, 0x0000000100000000)
  region size 1024K, 33 young (33792K), 5 survivors (5120K)
 Metaspace       used 71434K, committed 71808K, reserved 1114112K
  class space    used 8286K, committed 8448K, reserved 1048576K
}
Event: 1274.344 GC heap after
{Heap after GC invocations=66 (full 0):
 garbage-first heap   total 366592K, used 291840K [0x00000000c5800000, 0x0000000100000000)
  region size 1024K, 4 young (4096K), 4 survivors (4096K)
 Metaspace       used 71434K, committed 71808K, reserved 1114112K
  class space    used 8286K, committed 8448K, reserved 1048576K
}
Event: 1275.736 GC heap before
{Heap before GC invocations=66 (full 0):
 garbage-first heap   total 366592K, used 305152K [0x00000000c5800000, 0x0000000100000000)
  region size 1024K, 17 young (17408K), 4 survivors (4096K)
 Metaspace       used 71434K, committed 71808K, reserved 1114112K
  class space    used 8286K, committed 8448K, reserved 1048576K
}
Event: 1276.629 GC heap after
{Heap after GC invocations=67 (full 0):
 garbage-first heap   total 366592K, used 294273K [0x00000000c5800000, 0x0000000100000000)
  region size 1024K, 3 young (3072K), 3 survivors (3072K)
 Metaspace       used 71434K, committed 71808K, reserved 1114112K
  class space    used 8286K, committed 8448K, reserved 1048576K
}
Event: 1277.306 GC heap before
{Heap before GC invocations=67 (full 0):
 garbage-first heap   total 366592K, used 308609K [0x00000000c5800000, 0x0000000100000000)
  region size 1024K, 17 young (17408K), 3 survivors (3072K)
 Metaspace       used 71434K, committed 71808K, reserved 1114112K
  class space    used 8286K, committed 8448K, reserved 1048576K
}
Event: 1277.828 GC heap after
{Heap after GC invocations=68 (full 0):
 garbage-first heap   total 366592K, used 296278K [0x00000000c5800000, 0x0000000100000000)
  region size 1024K, 2 young (2048K), 2 survivors (2048K)
 Metaspace       used 71434K, committed 71808K, reserved 1114112K
  class space    used 8286K, committed 8448K, reserved 1048576K
}
Event: 1279.759 GC heap before
{Heap before GC invocations=68 (full 0):
 garbage-first heap   total 366592K, used 310614K [0x00000000c5800000, 0x0000000100000000)
  region size 1024K, 17 young (17408K), 2 survivors (2048K)
 Metaspace       used 71434K, committed 71808K, reserved 1114112K
  class space    used 8286K, committed 8448K, reserved 1048576K
}

Dll operation events (8 events):
Event: 2.895 Loaded shared library C:\Program Files\Microsoft\jdk-17.0.11.9-hotspot\bin\java.dll
Event: 6.324 Loaded shared library C:\Program Files\Microsoft\jdk-17.0.11.9-hotspot\bin\jsvml.dll
Event: 12.491 Loaded shared library C:\Program Files\Microsoft\jdk-17.0.11.9-hotspot\bin\net.dll
Event: 12.531 Loaded shared library C:\Program Files\Microsoft\jdk-17.0.11.9-hotspot\bin\nio.dll
Event: 12.557 Loaded shared library C:\Program Files\Microsoft\jdk-17.0.11.9-hotspot\bin\zip.dll
Event: 12.929 Loaded shared library C:\Program Files\Microsoft\jdk-17.0.11.9-hotspot\bin\jimage.dll
Event: 18.790 Loaded shared library C:\Program Files\Microsoft\jdk-17.0.11.9-hotspot\bin\verify.dll
Event: 27.665 Loaded shared library C:\Users\imher\AppData\Local\Temp\sqlite-3.41.2.1-da023567-9193-476a-8cb5-922cb4647b2a-sqlitejdbc.dll

Deoptimization events (20 events):
Event: 1270.999 Thread 0x0000029129415340 Uncommon trap: trap_request=0xffffffbe fr.pc=0x00000290cc3aeff8 relative=0x0000000000000558
Event: 1270.999 Thread 0x0000029129415340 Uncommon trap: reason=profile_predicate action=maybe_recompile pc=0x00000290cc3aeff8 method=jdk.internal.jimage.ImageStringsReader.stringFromByteBufferMatches(Ljava/nio/ByteBuffer;ILjava/lang/String;I)I @ 19 c2
Event: 1270.999 Thread 0x0000029129415340 DEOPT PACKING pc=0x00000290cc3aeff8 sp=0x000000a5484fbf90
Event: 1270.999 Thread 0x0000029129415340 DEOPT UNPACKING pc=0x00000290cb9ca1a3 sp=0x000000a5484fbf08 mode 2
Event: 1270.999 Thread 0x0000029129415340 Uncommon trap: trap_request=0xffffffbe fr.pc=0x00000290cc3aeff8 relative=0x0000000000000558
Event: 1270.999 Thread 0x0000029129415340 Uncommon trap: reason=profile_predicate action=maybe_recompile pc=0x00000290cc3aeff8 method=jdk.internal.jimage.ImageStringsReader.stringFromByteBufferMatches(Ljava/nio/ByteBuffer;ILjava/lang/String;I)I @ 19 c2
Event: 1270.999 Thread 0x0000029129415340 DEOPT PACKING pc=0x00000290cc3aeff8 sp=0x000000a5484fbea0
Event: 1270.999 Thread 0x0000029129415340 DEOPT UNPACKING pc=0x00000290cb9ca1a3 sp=0x000000a5484fbe18 mode 2
Event: 1271.829 Thread 0x0000029129415340 Uncommon trap: trap_request=0xffffff45 fr.pc=0x00000290cc5db970 relative=0x0000000000002530
Event: 1271.829 Thread 0x0000029129415340 Uncommon trap: reason=unstable_if action=reinterpret pc=0x00000290cc5db970 method=com.intellij.openapi.util.text.StringUtil.escapeStringCharacters(ILjava/lang/String;Ljava/lang/String;ZZLjava/lang/StringBuilder;)Ljava/lang/StringBuilder; @ 41 c2
Event: 1271.829 Thread 0x0000029129415340 DEOPT PACKING pc=0x00000290cc5db970 sp=0x000000a5484fd3e0
Event: 1271.829 Thread 0x0000029129415340 DEOPT UNPACKING pc=0x00000290cb9ca1a3 sp=0x000000a5484fd3b8 mode 2
Event: 1271.869 Thread 0x0000029129415340 Uncommon trap: trap_request=0xffffff45 fr.pc=0x00000290cc5bc728 relative=0x0000000000000268
Event: 1271.869 Thread 0x0000029129415340 Uncommon trap: reason=unstable_if action=reinterpret pc=0x00000290cc5bc728 method=com.intellij.openapi.util.text.StringUtil.isPrintableUnicode(C)Z @ 17 c2
Event: 1271.869 Thread 0x0000029129415340 DEOPT PACKING pc=0x00000290cc5bc728 sp=0x000000a5484fd620
Event: 1271.870 Thread 0x0000029129415340 DEOPT UNPACKING pc=0x00000290cb9ca1a3 sp=0x000000a5484fd5b0 mode 2
Event: 1276.668 Thread 0x0000029129415340 Uncommon trap: trap_request=0xffffffdc fr.pc=0x00000290cc4dae90 relative=0x00000000000001d0
Event: 1276.668 Thread 0x0000029129415340 Uncommon trap: reason=class_check action=make_not_entrant pc=0x00000290cc4dae90 method=org.jetbrains.kotlin.utils.SmartList.toArray([Ljava/lang/Object;)[Ljava/lang/Object; @ 94 c2
Event: 1276.668 Thread 0x0000029129415340 DEOPT PACKING pc=0x00000290cc4dae90 sp=0x000000a5484fd2f0
Event: 1276.668 Thread 0x0000029129415340 DEOPT UNPACKING pc=0x00000290cb9ca1a3 sp=0x000000a5484fd2a0 mode 2

Classes unloaded (20 events):
Event: 1056.869 Thread 0x00000290d82c4c40 Unloading class 0x00000290da3b8c00 'java/lang/invoke/LambdaForm$MH+0x00000290da3b8c00'
Event: 1056.869 Thread 0x00000290d82c4c40 Unloading class 0x00000290da359c00 'java/lang/invoke/LambdaForm$MH+0x00000290da359c00'
Event: 1056.869 Thread 0x00000290d82c4c40 Unloading class 0x00000290da359800 'java/lang/invoke/LambdaForm$MH+0x00000290da359800'
Event: 1056.869 Thread 0x00000290d82c4c40 Unloading class 0x00000290da359400 'java/lang/invoke/LambdaForm$MH+0x00000290da359400'
Event: 1056.869 Thread 0x00000290d82c4c40 Unloading class 0x00000290da359000 'java/lang/invoke/LambdaForm$MH+0x00000290da359000'
Event: 1056.869 Thread 0x00000290d82c4c40 Unloading class 0x00000290da358c00 'java/lang/invoke/LambdaForm$MH+0x00000290da358c00'
Event: 1056.869 Thread 0x00000290d82c4c40 Unloading class 0x00000290da358800 'java/lang/invoke/LambdaForm$MH+0x00000290da358800'
Event: 1056.869 Thread 0x00000290d82c4c40 Unloading class 0x00000290da358400 'java/lang/invoke/LambdaForm$MH+0x00000290da358400'
Event: 1056.869 Thread 0x00000290d82c4c40 Unloading class 0x00000290da358000 'java/lang/invoke/LambdaForm$MH+0x00000290da358000'
Event: 1056.869 Thread 0x00000290d82c4c40 Unloading class 0x00000290da0dc800 'java/lang/invoke/LambdaForm$DMH+0x00000290da0dc800'
Event: 1056.869 Thread 0x00000290d82c4c40 Unloading class 0x00000290da0ce800 'java/lang/invoke/LambdaForm$BMH+0x00000290da0ce800'
Event: 1056.869 Thread 0x00000290d82c4c40 Unloading class 0x00000290da0cc400 'java/lang/invoke/LambdaForm$BMH+0x00000290da0cc400'
Event: 1056.869 Thread 0x00000290d82c4c40 Unloading class 0x00000290da0cb400 'java/lang/invoke/LambdaForm$BMH+0x00000290da0cb400'
Event: 1056.869 Thread 0x00000290d82c4c40 Unloading class 0x00000290da0ca400 'java/lang/invoke/LambdaForm$BMH+0x00000290da0ca400'
Event: 1056.869 Thread 0x00000290d82c4c40 Unloading class 0x00000290da0c9400 'java/lang/invoke/LambdaForm$BMH+0x00000290da0c9400'
Event: 1056.869 Thread 0x00000290d82c4c40 Unloading class 0x00000290da0c4c00 'java/lang/invoke/LambdaForm$BMH+0x00000290da0c4c00'
Event: 1056.870 Thread 0x00000290d82c4c40 Unloading class 0x00000290da0ac000 'java/lang/invoke/LambdaForm$DMH+0x00000290da0ac000'
Event: 1056.870 Thread 0x00000290d82c4c40 Unloading class 0x00000290da010800 'java/lang/invoke/LambdaForm$DMH+0x00000290da010800'
Event: 1056.870 Thread 0x00000290d82c4c40 Unloading class 0x00000290da010000 'java/lang/invoke/LambdaForm$DMH+0x00000290da010000'
Event: 1060.405 Thread 0x00000290d82c4c40 Unloading class 0x00000290da3c9c00 'java/lang/invoke/LambdaForm$DMH+0x00000290da3c9c00'

Classes redefined (0 events):
No events

Internal exceptions (20 events):
Event: 1067.356 Thread 0x000002911f2a65e0 Exception <a 'java/lang/NoSuchMethodError'{0x00000000ccf3e4c0}: 'java.lang.Object java.lang.invoke.DirectMethodHandle$Holder.invokeSpecial(java.lang.Object, java.lang.Object, java.lang.Object, java.lang.Object, java.lang.Object, java.lang.Object, java.lang.Object, java.lang.Object, java.lang.Object, java.lang.Object)'> (0x00000000ccf3e4c0) 
thrown [s\src\hotspot\share\interpreter\linkResolver.cpp, line 759]
Event: 1067.357 Thread 0x000002911f2a65e0 Exception <a 'java/lang/NoSuchMethodError'{0x00000000ccf42a88}: 'java.lang.Object java.lang.invoke.Invokers$Holder.linkToTargetMethod(java.lang.Object, java.lang.Object, java.lang.Object, java.lang.Object, java.lang.Object, java.lang.Object, java.lang.Object, java.lang.Object, java.lang.Object)'> (0x00000000ccf42a88) 
thrown [s\src\hotspot\share\interpreter\linkResolver.cpp, line 759]
Event: 1068.733 Thread 0x000002911f2a5bc0 Exception <a 'java/lang/NoSuchMethodError'{0x00000000cca172e8}: 'java.lang.Object java.lang.invoke.DirectMethodHandle$Holder.newInvokeSpecial(java.lang.Object, java.lang.Object, java.lang.Object, java.lang.Object, long)'> (0x00000000cca172e8) 
thrown [s\src\hotspot\share\interpreter\linkResolver.cpp, line 759]
Event: 1068.735 Thread 0x000002911f2a5bc0 Exception <a 'java/lang/NoSuchMethodError'{0x00000000cca1b378}: 'java.lang.Object java.lang.invoke.DirectMethodHandle$Holder.invokeSpecial(java.lang.Object, java.lang.Object, java.lang.Object, java.lang.Object, java.lang.Object, long)'> (0x00000000cca1b378) 
thrown [s\src\hotspot\share\interpreter\linkResolver.cpp, line 759]
Event: 1068.736 Thread 0x000002911f2a5bc0 Exception <a 'java/lang/NoSuchMethodError'{0x00000000cca1edb8}: 'java.lang.Object java.lang.invoke.Invokers$Holder.linkToTargetMethod(java.lang.Object, java.lang.Object, java.lang.Object, long, java.lang.Object)'> (0x00000000cca1edb8) 
thrown [s\src\hotspot\share\interpreter\linkResolver.cpp, line 759]
Event: 1069.028 Thread 0x000002911f2a5bc0 Implicit null exception at 0x00000290cc015261 to 0x00000290cc0175d8
Event: 1069.045 Thread 0x000002911f2a5bc0 Implicit null exception at 0x00000290cc0a5a35 to 0x00000290cc0a5c52
Event: 1069.488 Thread 0x000002911f2a65e0 Exception <a 'java/lang/NoSuchMethodError'{0x00000000cbf5ab40}: 'java.lang.Object java.lang.invoke.DirectMethodHandle$Holder.invokeStatic(java.lang.Object, java.lang.Object, java.lang.Object, java.lang.Object, int)'> (0x00000000cbf5ab40) 
thrown [s\src\hotspot\share\interpreter\linkResolver.cpp, line 759]
Event: 1070.129 Thread 0x000002911f2a65e0 Exception <a 'java/lang/IncompatibleClassChangeError'{0x00000000cb04ece8}: Found class java.lang.Object, but interface was expected> (0x00000000cb04ece8) 
thrown [s\src\hotspot\share\interpreter\linkResolver.cpp, line 826]
Event: 1070.410 Thread 0x000002911f2a65e0 Exception <a 'java/lang/NoSuchMethodError'{0x00000000cad5c1d0}: 'int java.lang.invoke.DirectMethodHandle$Holder.invokeSpecialIFC(java.lang.Object, java.lang.Object, java.lang.Object, java.lang.Object, java.lang.Object)'> (0x00000000cad5c1d0) 
thrown [s\src\hotspot\share\interpreter\linkResolver.cpp, line 759]
Event: 1070.434 Thread 0x000002911f2a65e0 Exception <a 'java/lang/NoSuchMethodError'{0x00000000cad7c858}: 'void java.lang.invoke.DirectMethodHandle$Holder.invokeInterface(java.lang.Object, java.lang.Object, java.lang.Object)'> (0x00000000cad7c858) 
thrown [s\src\hotspot\share\interpreter\linkResolver.cpp, line 759]
Event: 1104.693 Thread 0x000002911f2a65e0 Implicit null exception at 0x00000290cc2e7426 to 0x00000290cc2e78f4
Event: 1129.353 Thread 0x0000029129415340 Implicit null exception at 0x00000290cc55a0b0 to 0x00000290cc56031c
Event: 1157.724 Thread 0x0000029129415340 Exception <a 'java/lang/NoSuchMethodError'{0x00000000dab8c570}: 'java.lang.Object java.lang.invoke.DirectMethodHandle$Holder.invokeStatic(java.lang.Object, java.lang.Object, int, java.lang.Object)'> (0x00000000dab8c570) 
thrown [s\src\hotspot\share\interpreter\linkResolver.cpp, line 759]
Event: 1157.764 Thread 0x0000029129415340 Exception <a 'java/lang/NoSuchMethodError'{0x00000000dab93c40}: 'java.lang.Object java.lang.invoke.DirectMethodHandle$Holder.newInvokeSpecial(java.lang.Object, java.lang.Object, int, java.lang.Object)'> (0x00000000dab93c40) 
thrown [s\src\hotspot\share\interpreter\linkResolver.cpp, line 759]
Event: 1157.768 Thread 0x0000029129415340 Exception <a 'java/lang/NoSuchMethodError'{0x00000000dab97d00}: 'java.lang.Object java.lang.invoke.DirectMethodHandle$Holder.invokeSpecial(java.lang.Object, java.lang.Object, java.lang.Object, int, java.lang.Object)'> (0x00000000dab97d00) 
thrown [s\src\hotspot\share\interpreter\linkResolver.cpp, line 759]
Event: 1239.705 Thread 0x0000029129415340 Exception <a 'java/lang/NoSuchMethodError'{0x00000000d89336f0}: 'java.lang.Object java.lang.invoke.DirectMethodHandle$Holder.invokeStatic(java.lang.Object, java.lang.Object, java.lang.Object, java.lang.Object, java.lang.Object, int, java.lang.Object)'> (0x00000000d89336f0) 
thrown [s\src\hotspot\share\interpreter\linkResolver.cpp, line 759]
Event: 1239.774 Thread 0x0000029129415340 Exception <a 'java/lang/NoSuchMethodError'{0x00000000d893d358}: 'java.lang.Object java.lang.invoke.DirectMethodHandle$Holder.newInvokeSpecial(java.lang.Object, java.lang.Object, java.lang.Object, java.lang.Object, java.lang.Object, int, java.lang.Object)'> (0x00000000d893d358) 
thrown [s\src\hotspot\share\interpreter\linkResolver.cpp, line 759]
Event: 1239.787 Thread 0x0000029129415340 Exception <a 'java/lang/NoSuchMethodError'{0x00000000d8941fb0}: 'java.lang.Object java.lang.invoke.DirectMethodHandle$Holder.invokeSpecial(java.lang.Object, java.lang.Object, java.lang.Object, java.lang.Object, java.lang.Object, java.lang.Object, int, java.lang.Object)'> (0x00000000d8941fb0) 
thrown [s\src\hotspot\share\interpreter\linkResolver.cpp, line 759]
Event: 1239.793 Thread 0x0000029129415340 Exception <a 'java/lang/NoSuchMethodError'{0x00000000d8946590}: 'java.lang.Object java.lang.invoke.Invokers$Holder.linkToTargetMethod(java.lang.Object, java.lang.Object, java.lang.Object, java.lang.Object, int, java.lang.Object, java.lang.Object)'> (0x00000000d8946590) 
thrown [s\src\hotspot\share\interpreter\linkResolver.cpp, line 759]

VM Operations (20 events):
Event: 1268.207 Executing VM operation: G1CollectForAllocation done
Event: 1268.948 Executing VM operation: G1CollectForAllocation
Event: 1268.965 Executing VM operation: G1CollectForAllocation done
Event: 1269.980 Executing VM operation: Cleanup
Event: 1270.057 Executing VM operation: Cleanup done
Event: 1270.574 Executing VM operation: G1CollectForAllocation
Event: 1270.740 Executing VM operation: G1CollectForAllocation done
Event: 1271.174 Executing VM operation: G1CollectForAllocation
Event: 1271.230 Executing VM operation: G1CollectForAllocation done
Event: 1271.521 Executing VM operation: G1CollectForAllocation
Event: 1271.560 Executing VM operation: G1CollectForAllocation done
Event: 1273.230 Executing VM operation: G1CollectForAllocation
Event: 1274.344 Executing VM operation: G1CollectForAllocation done
Event: 1275.711 Executing VM operation: G1CollectForAllocation
Event: 1276.630 Executing VM operation: G1CollectForAllocation done
Event: 1277.306 Executing VM operation: G1CollectForAllocation
Event: 1277.828 Executing VM operation: G1CollectForAllocation done
Event: 1278.828 Executing VM operation: Cleanup
Event: 1278.891 Executing VM operation: Cleanup done
Event: 1279.552 Executing VM operation: G1CollectForAllocation

Events (20 events):
Event: 1247.181 Thread 0x00000290d8309260 flushing nmethod 0x00000290c589be90
Event: 1247.181 Thread 0x00000290d8309260 flushing nmethod 0x00000290c58cb610
Event: 1247.181 Thread 0x00000290d8309260 flushing nmethod 0x00000290c58ce690
Event: 1247.181 Thread 0x00000290d8309260 flushing nmethod 0x00000290c58e4690
Event: 1247.182 Thread 0x00000290d8309260 flushing nmethod 0x00000290c58e9d10
Event: 1247.182 Thread 0x00000290d8309260 flushing nmethod 0x00000290c58f3a90
Event: 1247.182 Thread 0x00000290d8309260 flushing nmethod 0x00000290c58f5710
Event: 1247.182 Thread 0x00000290d8309260 flushing nmethod 0x00000290c58f7d10
Event: 1247.182 Thread 0x00000290d8309260 flushing nmethod 0x00000290c5906a10
Event: 1247.182 Thread 0x00000290d8309260 flushing nmethod 0x00000290c5923b90
Event: 1247.182 Thread 0x00000290d8309260 flushing nmethod 0x00000290c5928510
Event: 1247.182 Thread 0x00000290d8309260 flushing nmethod 0x00000290c5929b10
Event: 1247.182 Thread 0x00000290d8309260 flushing nmethod 0x00000290c592a010
Event: 1247.182 Thread 0x00000290d8309260 flushing nmethod 0x00000290c599ff10
Event: 1247.182 Thread 0x00000290d8309260 flushing nmethod 0x00000290c59a0a90
Event: 1247.182 Thread 0x00000290d8309260 flushing nmethod 0x00000290c59a1610
Event: 1247.182 Thread 0x00000290d8309260 flushing nmethod 0x00000290c59a1e10
Event: 1247.182 Thread 0x00000290d8309260 flushing nmethod 0x00000290c59a2610
Event: 1247.182 Thread 0x00000290d8309260 flushing nmethod 0x00000290c59d0310
Event: 1247.183 Thread 0x00000290d8309260 flushing nmethod 0x00000290c5a05210


Dynamic libraries:
0x00007ff6ecfe0000 - 0x00007ff6ecfee000 	C:\Program Files\Microsoft\jdk-17.0.11.9-hotspot\bin\java.exe
0x00007ff9df100000 - 0x00007ff9df367000 	C:\WINDOWS\SYSTEM32\ntdll.dll
0x00007ff9ddca0000 - 0x00007ff9ddd69000 	C:\WINDOWS\System32\KERNEL32.DLL
0x00007ff9dbda0000 - 0x00007ff9dc197000 	C:\WINDOWS\System32\KERNELBASE.dll
0x00007ff9dc1a0000 - 0x00007ff9dc2eb000 	C:\WINDOWS\System32\ucrtbase.dll
0x00007ff99c2e0000 - 0x00007ff99c2f7000 	C:\Program Files\Microsoft\jdk-17.0.11.9-hotspot\bin\jli.dll
0x00007ff9dd8e0000 - 0x00007ff9ddaa6000 	C:\WINDOWS\System32\USER32.dll
0x00007ff9dc530000 - 0x00007ff9dc557000 	C:\WINDOWS\System32\win32u.dll
0x00007ff9dd730000 - 0x00007ff9dd75b000 	C:\WINDOWS\System32\GDI32.dll
0x00007ff9dbc70000 - 0x00007ff9dbd9c000 	C:\WINDOWS\System32\gdi32full.dll
0x00007ff9dbbc0000 - 0x00007ff9dbc63000 	C:\WINDOWS\System32\msvcp_win.dll
0x00007ff9be8d0000 - 0x00007ff9beb62000 	C:\WINDOWS\WinSxS\amd64_microsoft.windows.common-controls_6595b64144ccf1df_6.0.26100.8457_none_3e0b2faee331e92d\COMCTL32.dll
0x00007ff9dd030000 - 0x00007ff9dd0d9000 	C:\WINDOWS\System32\msvcrt.dll
0x00007ff99c410000 - 0x00007ff99c42b000 	C:\Program Files\Microsoft\jdk-17.0.11.9-hotspot\bin\VCRUNTIME140.dll
0x00007ff9def90000 - 0x00007ff9defc2000 	C:\WINDOWS\System32\IMM32.DLL
0x00007ff9bb100000 - 0x00007ff9bb10c000 	C:\Program Files\Microsoft\jdk-17.0.11.9-hotspot\bin\vcruntime140_1.dll
0x00007ff9993d0000 - 0x00007ff99945d000 	C:\Program Files\Microsoft\jdk-17.0.11.9-hotspot\bin\msvcp140.dll
0x00007ff940310000 - 0x00007ff940f76000 	C:\Program Files\Microsoft\jdk-17.0.11.9-hotspot\bin\server\jvm.dll
0x00007ff9de930000 - 0x00007ff9de9e6000 	C:\WINDOWS\System32\ADVAPI32.dll
0x00007ff9dce80000 - 0x00007ff9dcf27000 	C:\WINDOWS\System32\sechost.dll
0x00007ff9dd7c0000 - 0x00007ff9dd8d8000 	C:\WINDOWS\System32\RPCRT4.dll
0x00007ff9db990000 - 0x00007ff9db9ee000 	C:\WINDOWS\SYSTEM32\POWRPROF.dll
0x00007ff9d7290000 - 0x00007ff9d729a000 	C:\WINDOWS\SYSTEM32\WSOCK32.dll
0x00007ff9ddc10000 - 0x00007ff9ddc90000 	C:\WINDOWS\System32\WS2_32.dll
0x00007ff9d4340000 - 0x00007ff9d4376000 	C:\WINDOWS\SYSTEM32\WINMM.dll
0x00007ff9c9bc0000 - 0x00007ff9c9bcb000 	C:\WINDOWS\SYSTEM32\VERSION.dll
0x00007ff9db970000 - 0x00007ff9db984000 	C:\WINDOWS\SYSTEM32\UMPDC.dll
0x00007ff9da8c0000 - 0x00007ff9da8db000 	C:\WINDOWS\SYSTEM32\kernel.appcore.dll
0x00007ff9b3f60000 - 0x00007ff9b3f6a000 	C:\Program Files\Microsoft\jdk-17.0.11.9-hotspot\bin\jimage.dll
0x00007ff9d9940000 - 0x00007ff9d9b82000 	C:\WINDOWS\SYSTEM32\DBGHELP.DLL
0x00007ff9dd290000 - 0x00007ff9dd613000 	C:\WINDOWS\System32\combase.dll
0x00007ff9de5b0000 - 0x00007ff9de689000 	C:\WINDOWS\System32\OLEAUT32.dll
0x00007ff9bd640000 - 0x00007ff9bd67b000 	C:\WINDOWS\SYSTEM32\dbgcore.DLL
0x00007ff9dcdd0000 - 0x00007ff9dce78000 	C:\WINDOWS\System32\bcryptPrimitives.dll
0x00007ff99c2b0000 - 0x00007ff99c2d5000 	C:\Program Files\Microsoft\jdk-17.0.11.9-hotspot\bin\java.dll
0x00007ff996d00000 - 0x00007ff996dd7000 	C:\Program Files\Microsoft\jdk-17.0.11.9-hotspot\bin\jsvml.dll
0x00007ff9ddd90000 - 0x00007ff9de4fe000 	C:\WINDOWS\System32\SHELL32.dll
0x00007ff9dc560000 - 0x00007ff9dcdcc000 	C:\WINDOWS\System32\windows.storage.dll
0x00007ff9dcf30000 - 0x00007ff9dd026000 	C:\WINDOWS\System32\SHCORE.dll
0x00007ff9df050000 - 0x00007ff9df0b6000 	C:\WINDOWS\System32\shlwapi.dll
0x00007ff9dba50000 - 0x00007ff9dba79000 	C:\WINDOWS\SYSTEM32\profapi.dll
0x00007ff99c0d0000 - 0x00007ff99c0e9000 	C:\Program Files\Microsoft\jdk-17.0.11.9-hotspot\bin\net.dll
0x00007ff9ccfd0000 - 0x00007ff9cd0f9000 	C:\WINDOWS\SYSTEM32\WINHTTP.dll
0x00007ff9dae30000 - 0x00007ff9dae9c000 	C:\WINDOWS\system32\mswsock.dll
0x00007ff99c0b0000 - 0x00007ff99c0c6000 	C:\Program Files\Microsoft\jdk-17.0.11.9-hotspot\bin\nio.dll
0x00007ff99bee0000 - 0x00007ff99bef8000 	C:\Program Files\Microsoft\jdk-17.0.11.9-hotspot\bin\zip.dll
0x00007ff9db110000 - 0x00007ff9db12b000 	C:\WINDOWS\SYSTEM32\CRYPTSP.dll
0x00007ff9da820000 - 0x00007ff9da859000 	C:\WINDOWS\system32\rsaenh.dll
0x00007ff9daee0000 - 0x00007ff9daf13000 	C:\WINDOWS\SYSTEM32\USERENV.dll
0x00007ff9dba20000 - 0x00007ff9dba4a000 	C:\WINDOWS\SYSTEM32\bcrypt.dll
0x00007ff9db130000 - 0x00007ff9db13c000 	C:\WINDOWS\SYSTEM32\CRYPTBASE.dll
0x00007ff9da340000 - 0x00007ff9da372000 	C:\WINDOWS\SYSTEM32\IPHLPAPI.DLL
0x00007ff9dd0e0000 - 0x00007ff9dd0ea000 	C:\WINDOWS\System32\NSI.dll
0x00007ff9cd340000 - 0x00007ff9cd35d000 	C:\WINDOWS\SYSTEM32\dhcpcsvc6.DLL
0x00007ff9cd310000 - 0x00007ff9cd335000 	C:\WINDOWS\SYSTEM32\dhcpcsvc.DLL
0x00007ff9da380000 - 0x00007ff9da4b2000 	C:\WINDOWS\SYSTEM32\DNSAPI.dll
0x00007ff9b2230000 - 0x00007ff9b2240000 	C:\Program Files\Microsoft\jdk-17.0.11.9-hotspot\bin\verify.dll
0x00007ff982be0000 - 0x00007ff982cc9000 	C:\Users\imher\AppData\Local\Temp\sqlite-3.41.2.1-da023567-9193-476a-8cb5-922cb4647b2a-sqlitejdbc.dll

dbghelp: loaded successfully - version: 4.0.5 - missing functions: none
symbol engine: initialized successfully - sym options: 0x614 - pdb path: .;C:\Program Files\Microsoft\jdk-17.0.11.9-hotspot\bin;C:\WINDOWS\SYSTEM32;C:\WINDOWS\WinSxS\amd64_microsoft.windows.common-controls_6595b64144ccf1df_6.0.26100.8457_none_3e0b2faee331e92d;C:\Program Files\Microsoft\jdk-17.0.11.9-hotspot\bin\server;C:\Users\imher\AppData\Local\Temp

VM Arguments:
jvm_args: -DkotlinLanguageServer.version=1.3.13 
java_command: org.javacs.kt.MainKt
java_class_path (initial): c:\Users\imher\AppData\Roaming\Code\User\globalStorage\fwcd.kotlin\langServerInstall\server\lib\server-1.3.13.jar;c:\Users\imher\AppData\Roaming\Code\User\globalStorage\fwcd.kotlin\langServerInstall\server\lib\shared-1.3.13.jar;c:\Users\imher\AppData\Roaming\Code\User\globalStorage\fwcd.kotlin\langServerInstall\server\lib\kotlin-scripting-jvm-host-unshaded-2.1.0.jar;c:\Users\imher\AppData\Roaming\Code\User\globalStorage\fwcd.kotlin\langServerInstall\server\lib\kotlin-scripting-compiler-2.1.0.jar;c:\Users\imher\AppData\Roaming\Code\User\globalStorage\fwcd.kotlin\langServerInstall\server\lib\ktfmt-b5d31d1.jar;c:\Users\imher\AppData\Roaming\Code\User\globalStorage\fwcd.kotlin\langServerInstall\server\lib\kotlin-compiler-2.1.0.jar;c:\Users\imher\AppData\Roaming\Code\User\globalStorage\fwcd.kotlin\langServerInstall\server\lib\exposed-dao-0.37.3.jar;c:\Users\imher\AppData\Roaming\Code\User\globalStorage\fwcd.kotlin\langServerInstall\server\lib\exposed-jdbc-0.37.3.jar;c:\Users\imher\AppData\Roaming\Code\User\globalStorage\fwcd.kotlin\langServerInstall\server\lib\exposed-core-0.37.3.jar;c:\Users\imher\AppData\Roaming\Code\User\globalStorage\fwcd.kotlin\langServerInstall\server\lib\kotlin-scripting-compiler-impl-2.1.0.jar;c:\Users\imher\AppData\Roaming\Code\User\globalStorage\fwcd.kotlin\langServerInstall\server\lib\kotlin-reflect-2.1.0.jar;c:\Users\imher\AppData\Roaming\Code\User\globalStorage\fwcd.kotlin\langServerInstall\server\lib\kotlin-scripting-jvm-2.1.0.jar;c:\Users\imher\AppData\Roaming\Code\User\globalStorage\fwcd.kotlin\langServerInstall\server\lib\kotlin-scripting-common-2.1.0.jar;c:\Users\imher\AppData\Roaming\Code\User\globalStorage\fwcd.kotlin\langServerInstall\server\lib\kotlinx-coroutines-core-jvm-1.6.4.jar;c:\Users\imher\AppData\Roaming\Code\User\globalStorage\fwcd.kotlin\langServerInstall\server\lib\kotlin-stdlib-jdk8-2.1.0.jar;c:\Users\imher\AppData\Roaming\Code\User\globalStorage\fwcd.kotlin\langServerInstall\server\lib\kotli
Launcher Type: SUN_STANDARD

[Global flags]
     intx CICompilerCount                          = 3                                         {product} {ergonomic}
     uint ConcGCThreads                            = 1                                         {product} {ergonomic}
     uint G1ConcRefinementThreads                  = 4                                         {product} {ergonomic}
   size_t G1HeapRegionSize                         = 1048576                                   {product} {ergonomic}
    uintx GCDrainStackTargetSize                   = 64                                        {product} {ergonomic}
   size_t InitialHeapSize                          = 62914560                                  {product} {ergonomic}
   size_t MarkStackSize                            = 4194304                                   {product} {ergonomic}
   size_t MaxHeapSize                              = 981467136                                 {product} {ergonomic}
   size_t MaxNewSize                               = 588251136                                 {product} {ergonomic}
   size_t MinHeapDeltaBytes                        = 1048576                                   {product} {ergonomic}
   size_t MinHeapSize                              = 8388608                                   {product} {ergonomic}
    uintx NonNMethodCodeHeapSize                   = 5832780                                {pd product} {ergonomic}
    uintx NonProfiledCodeHeapSize                  = 122912730                              {pd product} {ergonomic}
    uintx ProfiledCodeHeapSize                     = 122912730                              {pd product} {ergonomic}
    uintx ReservedCodeCacheSize                    = 251658240                              {pd product} {ergonomic}
     bool SegmentedCodeCache                       = true                                      {product} {ergonomic}
   size_t SoftMaxHeapSize                          = 981467136                              {manageable} {ergonomic}
     bool UseCompressedClassPointers               = true                           {product lp64_product} {ergonomic}
     bool UseCompressedOops                        = true                           {product lp64_product} {ergonomic}
     bool UseG1GC                                  = true                                      {product} {ergonomic}
     bool UseLargePagesIndividualAllocation        = false                                  {pd product} {ergonomic}

Logging:
Log output configuration:
 #0: stdout all=warning uptime,level,tags
 #1: stderr all=off uptime,level,tags

Environment Variables:
JAVA_HOME=C:\Program Files\Microsoft\jdk-17.0.11.9-hotspot\
CLASSPATH=c:\Users\imher\AppData\Roaming\Code\User\globalStorage\fwcd.kotlin\langServerInstall\server\lib\server-1.3.13.jar;c:\Users\imher\AppData\Roaming\Code\User\globalStorage\fwcd.kotlin\langServerInstall\server\lib\shared-1.3.13.jar;c:\Users\imher\AppData\Roaming\Code\User\globalStorage\fwcd.kotlin\langServerInstall\server\lib\kotlin-scripting-jvm-host-unshaded-2.1.0.jar;c:\Users\imher\AppData\Roaming\Code\User\globalStorage\fwcd.kotlin\langServerInstall\server\lib\kotlin-scripting-compiler-2.1.0.jar;c:\Users\imher\AppData\Roaming\Code\User\globalStorage\fwcd.kotlin\langServerInstall\server\lib\ktfmt-b5d31d1.jar;c:\Users\imher\AppData\Roaming\Code\User\globalStorage\fwcd.kotlin\langServerInstall\server\lib\kotlin-compiler-2.1.0.jar;c:\Users\imher\AppData\Roaming\Code\User\globalStorage\fwcd.kotlin\langServerInstall\server\lib\exposed-dao-0.37.3.jar;c:\Users\imher\AppData\Roaming\Code\User\globalStorage\fwcd.kotlin\langServerInstall\server\lib\exposed-jdbc-0.37.3.jar;c:\Users\imher\AppData\Roaming\Code\User\globalStorage\fwcd.kotlin\langServerInstall\server\lib\exposed-core-0.37.3.jar;c:\Users\imher\AppData\Roaming\Code\User\globalStorage\fwcd.kotlin\langServerInstall\server\lib\kotlin-scripting-compiler-impl-2.1.0.jar;c:\Users\imher\AppData\Roaming\Code\User\globalStorage\fwcd.kotlin\langServerInstall\server\lib\kotlin-reflect-2.1.0.jar;c:\Users\imher\AppData\Roaming\Code\User\globalStorage\fwcd.kotlin\langServerInstall\server\lib\kotlin-scripting-jvm-2.1.0.jar;c:\Users\imher\AppData\Roaming\Code\User\globalStorage\fwcd.kotlin\langServerInstall\server\lib\kotlin-scripting-common-2.1.0.jar;c:\Users\imher\AppData\Roaming\Code\User\globalStorage\fwcd.kotlin\langServerInstall\server\lib\kotlinx-coroutines-core-jvm-1.6.4.jar;c:\Users\imher\AppData\Roaming\Code\User\globalStorage\fwcd.kotlin\langServerInstall\server\lib\kotlin-stdlib-jdk8-2.1.0.jar;c:\Users\imher\AppData\Roaming\Code\User\globalStorage\fwcd.kotlin\langServerInstall\server\lib\kotlin-stdlib-jdk7-2.1.0.jar;c:\
PATH=C:\Users\imher\AppData\Local\Programs\Microsoft VS Code;C:\Program Files\Microsoft\jdk-17.0.11.9-hotspot\bin;C:\Program Files\Common Files\Oracle\Java\javapath;C:\WINDOWS\system32;C:\WINDOWS;C:\WINDOWS\System32\Wbem;C:\WINDOWS\System32\WindowsPowerShell\v1.0\;C:\WINDOWS\System32\OpenSSH\;C:\Users\imher\AppData\Roaming\nvm;C:\Program Files\nodejs;C:\Program Files (x86)\Windows Kits\10\Windows Performance Toolkit\;C:\Users\imher\AppData\Local\Pub\Cache\bin;C:\Program Files\Microsoft\jdk-17.0.11.9-hotspot\\bin;C:\ProgramData\chocolatey\bin;C:\Program Files\dotnet\;C:\Program Files\nodejs\;C:\Program Files\Git\cmd;C:\Users\imher\AppData\Local\Programs\Eclipse Adoptium\jdk-25.0.1.8-hotspot\bin;C:\Users\imher\AppData\Local\Programs\Python\Python312\Scripts\;C:\Users\imher\AppData\Local\Programs\Python\Python312\;C:\Users\imher\AppData\Local\Programs\Python\Launcher\;C:\Users\imher\AppData\Local\Microsoft\WindowsApps;C:\Users\imher\OneDrive\Documents\HERTZ\VSC_Projects\fluttrproj\clubbr\flutter\bin;C:\Users\imher\OneDrive\Documents\HERTZ\VSC_Projects\fluttrproj\flutter\bin;C:\Users\imher\OneDrive\Documents\VSC_Projects\fluttrproj\flutter\bin;C:\Users\imher\Documents\VSC_Projects\fluttrproj\flutter\bin;C:\Users\imher\AppData\Local\Programs\Microsoft VS Code\bin;C:\Users\imher\AppData\Roaming\nvm;C:\Program Files\nodejs;C:\Users\imher\AppData\Local\Android\Sdk\platform-tools;C:\Users\imher\AppData\Roaming\npm;C:\ProgramData\imher\GitHubDesktop\bin;C:\Users\imher\AppData\Local\GitHubDesktop\bin
USERNAME=imher
OS=Windows_NT
PROCESSOR_IDENTIFIER=Intel64 Family 6 Model 140 Stepping 1, GenuineIntel
TMP=C:\Users\imher\AppData\Local\Temp
TEMP=C:\Users\imher\AppData\Local\Temp



Periodic native trim disabled


---------------  S Y S T E M  ---------------

OS:
 Windows 11 , 64 bit Build 26100 (10.0.26100.8328)
OS uptime: 4 days 9:07 hours
Hyper-V role detected

CPU: total 4 (initial active 4) (2 cores per cpu, 2 threads per core) family 6 model 140 stepping 1 microcode 0xb4, cx8, cmov, fxsr, ht, mmx, 3dnowpref, sse, sse2, sse3, ssse3, sse4.1, sse4.2, popcnt, lzcnt, tsc, tscinvbit, avx, avx2, aes, erms, clmul, bmi1, bmi2, adx, avx512f, avx512dq, avx512cd, avx512bw, avx512vl, sha, fma, vzeroupper, avx512_vpopcntdq, avx512_vpclmulqdq, avx512_vaes, avx512_vnni, clflush, clflushopt, clwb, avx512_vbmi2, avx512_vbmi, hv
Processor Information for all 4 processors :
  Max Mhz: 2901, Current Mhz: 2901, Mhz Limit: 2901

Memory: 4k page, system-wide physical 3738M (200M free)
TotalPageFile size 15002M (AvailPageFile size 26M)
current process WorkingSet (physical memory assigned to process): 31M, peak: 346M
current process commit charge ("private bytes"): 602M, peak: 825M

vm_info: OpenJDK 64-Bit Server VM (17.0.11+9-LTS) for windows-amd64 JRE (17.0.11+9-LTS), built on Apr  9 2024 22:05:54 by "MicrosoftCorporation" with MS VC++ 16.10 / 16.11 (VS2019)

END.
