#
# There is insufficient memory for the Java Runtime Environment to continue.
# Native memory allocation (mmap) failed to map 360710144 bytes. Error detail: G1 virtual space
# Possible reasons:
#   The system is out of physical RAM or swap space
#   This process is running with CompressedOops enabled, and the Java Heap may be blocking the growth of the native heap
# Possible solutions:
#   Reduce memory load on the system
#   Increase physical memory or swap space
#   Check if swap backing store is full
#   Decrease Java heap size (-Xmx/-Xms)
#   Decrease number of Java threads
#   Decrease Java thread stack sizes (-Xss)
#   Set larger code cache with -XX:ReservedCodeCacheSize=
#   JVM is running with Unscaled Compressed Oops mode in which the Java heap is
#     placed in the first 4GB address space. The Java Heap base address is the
#     maximum limit for the native heap growth. Please use -XX:HeapBaseMinAddress
#     to set the Java Heap base and to place the Java Heap above 4GB virtual address.
# This output file may be truncated or incomplete.
#
#  Out of Memory Error (os_windows.cpp:3613), pid=11812, tid=20016
#
# JRE version: OpenJDK Runtime Environment Microsoft-9388408 (17.0.11+9) (build 17.0.11+9-LTS)
# Java VM: OpenJDK 64-Bit Server VM Microsoft-9388408 (17.0.11+9-LTS, mixed mode, sharing, tiered, compressed oops, compressed class ptrs, g1 gc, windows-amd64)
# No core dump will be written. Minidumps are not enabled by default on client versions of Windows
#

---------------  S U M M A R Y ------------

Command Line: --add-opens=java.base/java.util=ALL-UNNAMED --add-opens=java.base/java.lang=ALL-UNNAMED --add-opens=java.base/java.lang.invoke=ALL-UNNAMED --add-opens=java.prefs/java.util.prefs=ALL-UNNAMED --add-opens=java.base/java.nio.charset=ALL-UNNAMED --add-opens=java.base/java.net=ALL-UNNAMED --add-opens=java.base/java.util.concurrent.atomic=ALL-UNNAMED -Xmx2048m -Dfile.encoding=UTF-8 -Duser.country=PH -Duser.language=en -Duser.variant -javaagent:C:\Users\imher\.gradle\wrapper\dists\gradle-8.6-bin\afr5mpiioh2wthjmwnkmdsd5w\gradle-8.6\lib\agents\gradle-instrumentation-agent-8.6.jar org.gradle.launcher.daemon.bootstrap.GradleDaemon 8.6

Host: 11th Gen Intel(R) Core(TM) i3-1115G4 @ 3.00GHz, 4 cores, 3G,  Windows 11 , 64 bit Build 26100 (10.0.26100.8328)
Time: Tue May 19 22:40:33 2026 Malay Peninsula Standard Time elapsed time: 376.227083 seconds (0d 0h 6m 16s)

---------------  T H R E A D  ---------------

Current thread (0x000001d07ee73c40):  VMThread "VM Thread" [stack: 0x000000b846700000,0x000000b846800000] [id=20016]

Stack: [0x000000b846700000,0x000000b846800000]
Native frames: (J=compiled Java code, j=interpreted, Vv=VM code, C=native code)
V  [jvm.dll+0x67f6d9]
V  [jvm.dll+0x83773a]
V  [jvm.dll+0x8391fe]
V  [jvm.dll+0x839863]
V  [jvm.dll+0x247fbf]
V  [jvm.dll+0x67c519]
V  [jvm.dll+0x670f8a]
V  [jvm.dll+0x309bdb]
V  [jvm.dll+0x311086]
V  [jvm.dll+0x360a6e]
V  [jvm.dll+0x360c9f]
V  [jvm.dll+0x2e0928]
V  [jvm.dll+0x2ded34]
V  [jvm.dll+0x2de33c]
V  [jvm.dll+0x321d2b]
V  [jvm.dll+0x83dd5b]
V  [jvm.dll+0x83ea92]
V  [jvm.dll+0x83efad]
V  [jvm.dll+0x83f384]
V  [jvm.dll+0x83f450]
V  [jvm.dll+0x7e6cba]
V  [jvm.dll+0x67e5c5]
C  [ucrtbase.dll+0x37b0]
C  [KERNEL32.DLL+0x2e957]
C  [ntdll.dll+0x427c]

VM_Operation (0x000000b847df5c10): G1CollectForAllocation, mode: safepoint, requested by thread 0x000001d07f2f2a30


---------------  P R O C E S S  ---------------

Threads class SMR info:
_java_thread_list=0x000001d0596f2c40, length=44, elements={
0x000001d0722cf580, 0x000001d07ee79120, 0x000001d07ee7a660, 0x000001d07ee93010,
0x000001d07eeb38f0, 0x000001d07eeb41c0, 0x000001d07eeb4a90, 0x000001d07eeb5690,
0x000001d07eebd8f0, 0x000001d07eebed70, 0x000001d07ee66fd0, 0x000001d07f155280,
0x000001d05700d460, 0x000001d057c8bf60, 0x000001d057613120, 0x000001d07f543910,
0x000001d07f4a8160, 0x000001d07f2f2550, 0x000001d07f2f2a30, 0x000001d07f2cc9c0,
0x000001d07f2cced0, 0x000001d07f2cc4b0, 0x000001d07f2cd8f0, 0x000001d07f2ced30,
0x000001d07f2cb580, 0x000001d07f2ce310, 0x000001d07f2ce820, 0x000001d07f2cba90,
0x000001d07f2cbfa0, 0x000001d057254230, 0x000001d057255670, 0x000001d057256fc0,
0x000001d057255b80, 0x000001d057255160, 0x000001d057254740, 0x000001d057256ab0,
0x000001d057254c50, 0x000001d057259d50, 0x000001d05725bbb0, 0x000001d057258400,
0x000001d057258910, 0x000001d057259330, 0x000001d05725a770, 0x000001d07f2cde00
}

Java Threads: ( => current thread )
  0x000001d0722cf580 JavaThread "main" [_thread_blocked, id=10652, stack(0x000000b846100000,0x000000b846200000)]
  0x000001d07ee79120 JavaThread "Reference Handler" daemon [_thread_blocked, id=13056, stack(0x000000b846800000,0x000000b846900000)]
  0x000001d07ee7a660 JavaThread "Finalizer" daemon [_thread_blocked, id=11664, stack(0x000000b846900000,0x000000b846a00000)]
  0x000001d07ee93010 JavaThread "Signal Dispatcher" daemon [_thread_blocked, id=15404, stack(0x000000b846a00000,0x000000b846b00000)]
  0x000001d07eeb38f0 JavaThread "Attach Listener" daemon [_thread_blocked, id=20720, stack(0x000000b846b00000,0x000000b846c00000)]
  0x000001d07eeb41c0 JavaThread "Service Thread" daemon [_thread_blocked, id=13764, stack(0x000000b846c00000,0x000000b846d00000)]
  0x000001d07eeb4a90 JavaThread "Monitor Deflation Thread" daemon [_thread_blocked, id=3268, stack(0x000000b846d00000,0x000000b846e00000)]
  0x000001d07eeb5690 JavaThread "C2 CompilerThread0" daemon [_thread_blocked, id=6788, stack(0x000000b846e00000,0x000000b846f00000)]
  0x000001d07eebd8f0 JavaThread "C1 CompilerThread0" daemon [_thread_blocked, id=20404, stack(0x000000b846f00000,0x000000b847000000)]
  0x000001d07eebed70 JavaThread "Sweeper thread" daemon [_thread_blocked, id=8988, stack(0x000000b847000000,0x000000b847100000)]
  0x000001d07ee66fd0 JavaThread "Common-Cleaner" daemon [_thread_blocked, id=14676, stack(0x000000b847100000,0x000000b847200000)]
  0x000001d07f155280 JavaThread "Notification Thread" daemon [_thread_blocked, id=20988, stack(0x000000b847200000,0x000000b847300000)]
  0x000001d05700d460 JavaThread "Daemon health stats" [_thread_blocked, id=14440, stack(0x000000b847700000,0x000000b847800000)]
  0x000001d057c8bf60 JavaThread "Incoming local TCP Connector on port 61598" [_thread_in_native, id=21436, stack(0x000000b847800000,0x000000b847900000)]
  0x000001d057613120 JavaThread "Daemon periodic checks" [_thread_blocked, id=15228, stack(0x000000b847900000,0x000000b847a00000)]
  0x000001d07f543910 JavaThread "Daemon" [_thread_blocked, id=20484, stack(0x000000b847a00000,0x000000b847b00000)]
  0x000001d07f4a8160 JavaThread "Handler for socket connection from /127.0.0.1:61598 to /127.0.0.1:61599" [_thread_in_native, id=18012, stack(0x000000b847b00000,0x000000b847c00000)]
  0x000001d07f2f2550 JavaThread "Cancel handler" [_thread_blocked, id=19596, stack(0x000000b847c00000,0x000000b847d00000)]
  0x000001d07f2f2a30 JavaThread "Daemon worker" [_thread_blocked, id=9592, stack(0x000000b847d00000,0x000000b847e00000)]
  0x000001d07f2cc9c0 JavaThread "Asynchronous log dispatcher for DefaultDaemonConnection: socket connection from /127.0.0.1:61598 to /127.0.0.1:61599" [_thread_blocked, id=316, stack(0x000000b847e00000,0x000000b847f00000)]
  0x000001d07f2cced0 JavaThread "Stdin handler" [_thread_blocked, id=17284, stack(0x000000b847f00000,0x000000b848000000)]
  0x000001d07f2cc4b0 JavaThread "Daemon client event forwarder" [_thread_blocked, id=16148, stack(0x000000b848000000,0x000000b848100000)]
  0x000001d07f2cd8f0 JavaThread "Cache worker for journal cache (C:\Users\imher\.gradle\caches\journal-1)" [_thread_blocked, id=18708, stack(0x000000b848300000,0x000000b848400000)]
  0x000001d07f2ced30 JavaThread "File lock request listener" [_thread_in_native, id=3572, stack(0x000000b848400000,0x000000b848500000)]
  0x000001d07f2cb580 JavaThread "Cache worker for file hash cache (C:\Users\imher\.gradle\caches\8.6\fileHashes)" [_thread_blocked, id=17960, stack(0x000000b848500000,0x000000b848600000)]
  0x000001d07f2ce310 JavaThread "File watcher server" daemon [_thread_blocked, id=14260, stack(0x000000b845f00000,0x000000b846000000)]
  0x000001d07f2ce820 JavaThread "File watcher consumer" daemon [_thread_blocked, id=16748, stack(0x000000b846000000,0x000000b846100000)]
  0x000001d07f2cba90 JavaThread "Cache worker for checksums cache (C:\Users\imher\StudioProjects\Floriledia\.gradle\8.6\checksums)" [_thread_blocked, id=15804, stack(0x000000b848800000,0x000000b848900000)]
  0x000001d07f2cbfa0 JavaThread "Cache worker for file hash cache (C:\Users\imher\StudioProjects\Floriledia\.gradle\8.6\fileHashes)" [_thread_blocked, id=13580, stack(0x000000b848900000,0x000000b848a00000)]
  0x000001d057254230 JavaThread "Cache worker for cache directory md-supplier (C:\Users\imher\.gradle\caches\8.6\md-supplier)" [_thread_blocked, id=4428, stack(0x000000b848a00000,0x000000b848b00000)]
  0x000001d057255670 JavaThread "Cache worker for cache directory md-rule (C:\Users\imher\.gradle\caches\8.6\md-rule)" [_thread_blocked, id=14616, stack(0x000000b848b00000,0x000000b848c00000)]
  0x000001d057256fc0 JavaThread "Cache worker for file content cache (C:\Users\imher\.gradle\caches\8.6\fileContent)" [_thread_blocked, id=4436, stack(0x000000b848c00000,0x000000b848d00000)]
  0x000001d057255b80 JavaThread "jar transforms" [_thread_blocked, id=11068, stack(0x000000b848d00000,0x000000b848e00000)]
  0x000001d057255160 JavaThread "jar transforms Thread 2" [_thread_blocked, id=19220, stack(0x000000b848e00000,0x000000b848f00000)]
  0x000001d057254740 JavaThread "jar transforms Thread 3" [_thread_blocked, id=18816, stack(0x000000b848600000,0x000000b848700000)]
  0x000001d057256ab0 JavaThread "jar transforms Thread 4" [_thread_blocked, id=488, stack(0x000000b848f00000,0x000000b849000000)]
  0x000001d057254c50 JavaThread "Cache worker for Build Output Cleanup Cache (C:\Users\imher\StudioProjects\Floriledia\.gradle\buildOutputCleanup)" [_thread_blocked, id=18532, stack(0x000000b849000000,0x000000b849100000)]
  0x000001d057259d50 JavaThread "Unconstrained build operations" [_thread_blocked, id=4276, stack(0x000000b849100000,0x000000b849200000)]
  0x000001d05725bbb0 JavaThread "Unconstrained build operations Thread 2" [_thread_blocked, id=9824, stack(0x000000b849200000,0x000000b849300000)]
  0x000001d057258400 JavaThread "Unconstrained build operations Thread 3" [_thread_blocked, id=17728, stack(0x000000b849300000,0x000000b849400000)]
  0x000001d057258910 JavaThread "Memory manager" [_thread_blocked, id=4340, stack(0x000000b848100000,0x000000b848200000)]
  0x000001d057259330 JavaThread "build event listener" [_thread_blocked, id=15488, stack(0x000000b848200000,0x000000b848300000)]
  0x000001d05725a770 JavaThread "File lock release action executor Thread 2" [_thread_blocked, id=16328, stack(0x000000b849700000,0x000000b849800000)]
  0x000001d07f2cde00 JavaThread "Kotlin DSL Writer" [_thread_blocked, id=22708, stack(0x000000b849900000,0x000000b849a00000)]

Other Threads:
=>0x000001d07ee73c40 VMThread "VM Thread" [stack: 0x000000b846700000,0x000000b846800000] [id=20016]
  0x000001d07f155760 WatcherThread [stack: 0x000000b847300000,0x000000b847400000] [id=20740]
  0x000001d07232c7d0 GCTaskThread "GC Thread#0" [stack: 0x000000b846200000,0x000000b846300000] [id=20872]
  0x000001d07f2013e0 GCTaskThread "GC Thread#1" [stack: 0x000000b847400000,0x000000b847500000] [id=6780]
  0x000001d07f3d56e0 GCTaskThread "GC Thread#2" [stack: 0x000000b847500000,0x000000b847600000] [id=5152]
  0x000001d0561f5f70 GCTaskThread "GC Thread#3" [stack: 0x000000b847600000,0x000000b847700000] [id=2492]
  0x000001d07233d630 ConcurrentGCThread "G1 Main Marker" [stack: 0x000000b846300000,0x000000b846400000] [id=19228]
  0x000001d07233df60 ConcurrentGCThread "G1 Conc#0" [stack: 0x000000b846400000,0x000000b846500000] [id=17992]
  0x000001d07ed30090 ConcurrentGCThread "G1 Refine#0" [stack: 0x000000b846500000,0x000000b846600000] [id=16652]
  0x000001d057ad4f50 ConcurrentGCThread "G1 Refine#1" [stack: 0x000000b848700000,0x000000b848800000] [id=15616]
  0x000001d058f39d60 ConcurrentGCThread "G1 Refine#2" [stack: 0x000000b849a00000,0x000000b849b00000] [id=23056]
  0x000001d07ed31880 ConcurrentGCThread "G1 Service" [stack: 0x000000b846600000,0x000000b846700000] [id=16240]

Threads with active compile tasks:
C1 CompilerThread0   376299 11960   !   3       org.jetbrains.kotlin.com.intellij.openapi.vfs.impl.ArchiveHandler::getEntriesMap (156 bytes)

VM state: at safepoint (normal execution)

VM Mutex/Monitor currently owned by a thread:  ([mutex/lock_event])
[0x000001d070010020] Threads_lock - owner thread: 0x000001d07ee73c40
[0x000001d0722cac30] Heap_lock - owner thread: 0x000001d07f2f2a30

Heap address: 0x0000000080000000, size: 2048 MB, Compressed Oops mode: 32-bit

CDS archive(s) mapped at: [0x000001d011000000-0x000001d011bb0000-0x000001d011bb0000), size 12255232, SharedBaseAddress: 0x000001d011000000, ArchiveRelocationMode: 1.
Compressed class space mapped at: 0x000001d012000000-0x000001d052000000, reserved size: 1073741824
Narrow klass base: 0x000001d011000000, Narrow klass shift: 0, Narrow klass range: 0x100000000

GC Precious Log:
 CPUs: 4 total, 4 available
 Memory: 3738M
 Large Page Support: Disabled
 NUMA Support: Disabled
 Compressed Oops: Enabled (32-bit)
 Heap Region Size: 1M
 Heap Min Capacity: 8M
 Heap Initial Capacity: 60M
 Heap Max Capacity: 2G
 Pre-touch: Disabled
 Parallel Workers: 4
 Concurrent Workers: 1
 Concurrent Refinement Workers: 4
 Periodic GC: Disabled

Heap:
 garbage-first heap   total 280576K, used 123967K [0x0000000080000000, 0x0000000100000000)
  region size 1024K, 2 young (2048K), 2 survivors (2048K)
 Metaspace       used 93070K, committed 93824K, reserved 1179648K
  class space    used 12773K, committed 13120K, reserved 1048576K

Heap Regions: E=young(eden), S=young(survivor), O=old, HS=humongous(starts), HC=humongous(continues), CS=collection set, F=free, OA=open archive, CA=closed archive, TAMS=top-at-mark-start (previous, next)
|   0|0x0000000080000000, 0x0000000080100000, 0x0000000080100000|100%| O|  |TAMS 0x0000000080100000, 0x0000000080000000| Untracked 
|   1|0x0000000080100000, 0x0000000080200000, 0x0000000080200000|100%| O|  |TAMS 0x0000000080200000, 0x0000000080100000| Untracked 
|   2|0x0000000080200000, 0x0000000080300000, 0x0000000080300000|100%|HS|  |TAMS 0x0000000080300000, 0x0000000080200000| Complete 
|   3|0x0000000080300000, 0x0000000080400000, 0x0000000080400000|100%|HC|  |TAMS 0x0000000080400000, 0x0000000080300000| Complete 
|   4|0x0000000080400000, 0x0000000080500000, 0x0000000080500000|100%|HC|  |TAMS 0x0000000080500000, 0x0000000080400000| Complete 
|   5|0x0000000080500000, 0x0000000080600000, 0x0000000080600000|100%|HC|  |TAMS 0x0000000080600000, 0x0000000080500000| Complete 
|   6|0x0000000080600000, 0x0000000080700000, 0x0000000080700000|100%| O|  |TAMS 0x0000000080700000, 0x0000000080600000| Untracked 
|   7|0x0000000080700000, 0x0000000080800000, 0x0000000080800000|100%| O|  |TAMS 0x0000000080800000, 0x0000000080700000| Untracked 
|   8|0x0000000080800000, 0x0000000080900000, 0x0000000080900000|100%| O|  |TAMS 0x0000000080900000, 0x0000000080800000| Untracked 
|   9|0x0000000080900000, 0x0000000080a00000, 0x0000000080a00000|100%| O|  |TAMS 0x0000000080a00000, 0x0000000080900000| Untracked 
|  10|0x0000000080a00000, 0x0000000080b00000, 0x0000000080b00000|100%| O|  |TAMS 0x0000000080b00000, 0x0000000080a00000| Untracked 
|  11|0x0000000080b00000, 0x0000000080c00000, 0x0000000080c00000|100%| O|  |TAMS 0x0000000080c00000, 0x0000000080b00000| Untracked 
|  12|0x0000000080c00000, 0x0000000080d00000, 0x0000000080d00000|100%| O|  |TAMS 0x0000000080d00000, 0x0000000080c00000| Untracked 
|  13|0x0000000080d00000, 0x0000000080e00000, 0x0000000080e00000|100%| O|  |TAMS 0x0000000080e00000, 0x0000000080d00000| Untracked 
|  14|0x0000000080e00000, 0x0000000080f00000, 0x0000000080f00000|100%| O|  |TAMS 0x0000000080f00000, 0x0000000080e00000| Untracked 
|  15|0x0000000080f00000, 0x0000000081000000, 0x0000000081000000|100%|HS|  |TAMS 0x0000000081000000, 0x0000000080f00000| Complete 
|  16|0x0000000081000000, 0x0000000081100000, 0x0000000081100000|100%| O|  |TAMS 0x0000000081100000, 0x0000000081000000| Untracked 
|  17|0x0000000081100000, 0x0000000081200000, 0x0000000081200000|100%| O|  |TAMS 0x0000000081200000, 0x0000000081100000| Untracked 
|  18|0x0000000081200000, 0x0000000081300000, 0x0000000081300000|100%| O|  |TAMS 0x0000000081300000, 0x0000000081200000| Untracked 
|  19|0x0000000081300000, 0x0000000081400000, 0x0000000081400000|100%| O|  |TAMS 0x0000000081400000, 0x0000000081300000| Untracked 
|  20|0x0000000081400000, 0x0000000081500000, 0x0000000081500000|100%| O|  |TAMS 0x0000000081500000, 0x0000000081400000| Untracked 
|  21|0x0000000081500000, 0x0000000081600000, 0x0000000081600000|100%| O|  |TAMS 0x0000000081600000, 0x0000000081500000| Untracked 
|  22|0x0000000081600000, 0x0000000081700000, 0x0000000081700000|100%| O|  |TAMS 0x0000000081700000, 0x0000000081600000| Untracked 
|  23|0x0000000081700000, 0x0000000081800000, 0x0000000081800000|100%| O|  |TAMS 0x0000000081800000, 0x0000000081700000| Untracked 
|  24|0x0000000081800000, 0x0000000081900000, 0x0000000081900000|100%| O|  |TAMS 0x0000000081900000, 0x0000000081800000| Untracked 
|  25|0x0000000081900000, 0x0000000081a00000, 0x0000000081a00000|100%| O|  |TAMS 0x0000000081a00000, 0x0000000081900000| Untracked 
|  26|0x0000000081a00000, 0x0000000081b00000, 0x0000000081b00000|100%| O|  |TAMS 0x0000000081b00000, 0x0000000081a00000| Untracked 
|  27|0x0000000081b00000, 0x0000000081c00000, 0x0000000081c00000|100%| O|  |TAMS 0x0000000081c00000, 0x0000000081b00000| Untracked 
|  28|0x0000000081c00000, 0x0000000081d00000, 0x0000000081d00000|100%| O|  |TAMS 0x0000000081d00000, 0x0000000081c00000| Untracked 
|  29|0x0000000081d00000, 0x0000000081e00000, 0x0000000081e00000|100%| O|  |TAMS 0x0000000081e00000, 0x0000000081d00000| Untracked 
|  30|0x0000000081e00000, 0x0000000081f00000, 0x0000000081f00000|100%| O|  |TAMS 0x0000000081f00000, 0x0000000081e00000| Untracked 
|  31|0x0000000081f00000, 0x0000000082000000, 0x0000000082000000|100%| O|  |TAMS 0x0000000082000000, 0x0000000081f00000| Untracked 
|  32|0x0000000082000000, 0x0000000082100000, 0x0000000082100000|100%| O|  |TAMS 0x0000000082100000, 0x0000000082000000| Untracked 
|  33|0x0000000082100000, 0x0000000082200000, 0x0000000082200000|100%| O|  |TAMS 0x0000000082200000, 0x0000000082100000| Untracked 
|  34|0x0000000082200000, 0x0000000082300000, 0x0000000082300000|100%| O|  |TAMS 0x0000000082300000, 0x0000000082200000| Untracked 
|  35|0x0000000082300000, 0x0000000082400000, 0x0000000082400000|100%| O|  |TAMS 0x0000000082400000, 0x0000000082300000| Untracked 
|  36|0x0000000082400000, 0x0000000082500000, 0x0000000082500000|100%| O|  |TAMS 0x0000000082500000, 0x0000000082400000| Untracked 
|  37|0x0000000082500000, 0x0000000082600000, 0x0000000082600000|100%| O|  |TAMS 0x0000000082600000, 0x0000000082500000| Untracked 
|  38|0x0000000082600000, 0x00000000826dac00, 0x0000000082700000| 85%| O|  |TAMS 0x00000000826dac00, 0x0000000082600000| Untracked 
|  39|0x0000000082700000, 0x0000000082800000, 0x0000000082800000|100%| O|  |TAMS 0x0000000082800000, 0x0000000082700000| Untracked 
|  40|0x0000000082800000, 0x0000000082900000, 0x0000000082900000|100%| O|  |TAMS 0x0000000082900000, 0x0000000082800000| Untracked 
|  41|0x0000000082900000, 0x0000000082a00000, 0x0000000082a00000|100%| O|  |TAMS 0x0000000082a00000, 0x0000000082900000| Untracked 
|  42|0x0000000082a00000, 0x0000000082b00000, 0x0000000082b00000|100%| O|  |TAMS 0x0000000082b00000, 0x0000000082a00000| Untracked 
|  43|0x0000000082b00000, 0x0000000082c00000, 0x0000000082c00000|100%| O|  |TAMS 0x0000000082b00000, 0x0000000082b00000| Untracked 
|  44|0x0000000082c00000, 0x0000000082d00000, 0x0000000082d00000|100%| O|  |TAMS 0x0000000082d00000, 0x0000000082c00000| Untracked 
|  45|0x0000000082d00000, 0x0000000082e00000, 0x0000000082e00000|100%|HS|  |TAMS 0x0000000082e00000, 0x0000000082d00000| Complete 
|  46|0x0000000082e00000, 0x0000000082f00000, 0x0000000082f00000|100%|HS|  |TAMS 0x0000000082f00000, 0x0000000082e00000| Complete 
|  47|0x0000000082f00000, 0x0000000083000000, 0x0000000083000000|100%|HC|  |TAMS 0x0000000083000000, 0x0000000082f00000| Complete 
|  48|0x0000000083000000, 0x0000000083100000, 0x0000000083100000|100%|HS|  |TAMS 0x0000000083100000, 0x0000000083000000| Complete 
|  49|0x0000000083100000, 0x0000000083200000, 0x0000000083200000|100%|HC|  |TAMS 0x0000000083200000, 0x0000000083100000| Complete 
|  50|0x0000000083200000, 0x0000000083300000, 0x0000000083300000|100%|HS|  |TAMS 0x0000000083300000, 0x0000000083200000| Complete 
|  51|0x0000000083300000, 0x0000000083400000, 0x0000000083400000|100%| O|  |TAMS 0x0000000083300000, 0x0000000083300000| Untracked 
|  52|0x0000000083400000, 0x0000000083500000, 0x0000000083500000|100%| O|  |TAMS 0x0000000083500000, 0x0000000083400000| Untracked 
|  53|0x0000000083500000, 0x0000000083600000, 0x0000000083600000|100%| O|  |TAMS 0x0000000083600000, 0x0000000083500000| Untracked 
|  54|0x0000000083600000, 0x0000000083700000, 0x0000000083700000|100%|HS|  |TAMS 0x0000000083700000, 0x0000000083600000| Complete 
|  55|0x0000000083700000, 0x0000000083800000, 0x0000000083800000|100%|HC|  |TAMS 0x0000000083800000, 0x0000000083700000| Complete 
|  56|0x0000000083800000, 0x0000000083900000, 0x0000000083900000|100%|HC|  |TAMS 0x0000000083900000, 0x0000000083800000| Complete 
|  57|0x0000000083900000, 0x0000000083a00000, 0x0000000083a00000|100%|HC|  |TAMS 0x0000000083a00000, 0x0000000083900000| Complete 
|  58|0x0000000083a00000, 0x0000000083b00000, 0x0000000083b00000|100%| O|  |TAMS 0x0000000083b00000, 0x0000000083a00000| Untracked 
|  59|0x0000000083b00000, 0x0000000083c00000, 0x0000000083c00000|100%| O|  |TAMS 0x0000000083c00000, 0x0000000083b00000| Untracked 
|  60|0x0000000083c00000, 0x0000000083d00000, 0x0000000083d00000|100%| O|  |TAMS 0x0000000083d00000, 0x0000000083c00000| Untracked 
|  61|0x0000000083d00000, 0x0000000083e00000, 0x0000000083e00000|100%| O|  |TAMS 0x0000000083e00000, 0x0000000083d00000| Untracked 
|  62|0x0000000083e00000, 0x0000000083f00000, 0x0000000083f00000|100%| O|  |TAMS 0x0000000083f00000, 0x0000000083e00000| Untracked 
|  63|0x0000000083f00000, 0x0000000084000000, 0x0000000084000000|100%| O|  |TAMS 0x0000000084000000, 0x0000000083f00000| Untracked 
|  64|0x0000000084000000, 0x0000000084100000, 0x0000000084100000|100%| O|  |TAMS 0x0000000084100000, 0x0000000084000000| Untracked 
|  65|0x0000000084100000, 0x0000000084200000, 0x0000000084200000|100%| O|  |TAMS 0x0000000084100000, 0x0000000084100000| Untracked 
|  66|0x0000000084200000, 0x0000000084300000, 0x0000000084300000|100%| O|  |TAMS 0x0000000084200000, 0x0000000084200000| Untracked 
|  67|0x0000000084300000, 0x0000000084400000, 0x0000000084400000|100%| O|  |TAMS 0x0000000084400000, 0x0000000084300000| Untracked 
|  68|0x0000000084400000, 0x0000000084500000, 0x0000000084500000|100%|HS|  |TAMS 0x0000000084500000, 0x0000000084400000| Complete 
|  69|0x0000000084500000, 0x0000000084600000, 0x0000000084600000|100%|HS|  |TAMS 0x0000000084600000, 0x0000000084500000| Complete 
|  70|0x0000000084600000, 0x0000000084700000, 0x0000000084700000|100%|HS|  |TAMS 0x0000000084700000, 0x0000000084600000| Complete 
|  71|0x0000000084700000, 0x0000000084800000, 0x0000000084800000|100%| O|  |TAMS 0x0000000084800000, 0x0000000084700000| Untracked 
|  72|0x0000000084800000, 0x0000000084900000, 0x0000000084900000|100%| O|  |TAMS 0x0000000084900000, 0x0000000084800000| Untracked 
|  73|0x0000000084900000, 0x0000000084a00000, 0x0000000084a00000|100%| O|  |TAMS 0x0000000084a00000, 0x0000000084900000| Untracked 
|  74|0x0000000084a00000, 0x0000000084b00000, 0x0000000084b00000|100%| O|  |TAMS 0x0000000084b00000, 0x0000000084a00000| Untracked 
|  75|0x0000000084b00000, 0x0000000084c00000, 0x0000000084c00000|100%| O|  |TAMS 0x0000000084c00000, 0x0000000084b00000| Untracked 
|  76|0x0000000084c00000, 0x0000000084d00000, 0x0000000084d00000|100%| O|  |TAMS 0x0000000084d00000, 0x0000000084c00000| Untracked 
|  77|0x0000000084d00000, 0x0000000084e00000, 0x0000000084e00000|100%| O|  |TAMS 0x0000000084e00000, 0x0000000084d00000| Untracked 
|  78|0x0000000084e00000, 0x0000000084f00000, 0x0000000084f00000|100%|HS|  |TAMS 0x0000000084f00000, 0x0000000084e00000| Complete 
|  79|0x0000000084f00000, 0x0000000085000000, 0x0000000085000000|100%| O|  |TAMS 0x0000000085000000, 0x0000000084f00000| Untracked 
|  80|0x0000000085000000, 0x0000000085100000, 0x0000000085100000|100%|HS|  |TAMS 0x0000000085100000, 0x0000000085000000| Complete 
|  81|0x0000000085100000, 0x0000000085200000, 0x0000000085200000|100%|HC|  |TAMS 0x0000000085200000, 0x0000000085100000| Complete 
|  82|0x0000000085200000, 0x0000000085300000, 0x0000000085300000|100%|HC|  |TAMS 0x0000000085300000, 0x0000000085200000| Complete 
|  83|0x0000000085300000, 0x0000000085400000, 0x0000000085400000|100%|HC|  |TAMS 0x0000000085400000, 0x0000000085300000| Complete 
|  84|0x0000000085400000, 0x0000000085500000, 0x0000000085500000|100%| O|  |TAMS 0x0000000085500000, 0x0000000085400000| Untracked 
|  85|0x0000000085500000, 0x0000000085600000, 0x0000000085600000|100%| O|  |TAMS 0x0000000085600000, 0x0000000085500000| Untracked 
|  86|0x0000000085600000, 0x0000000085700000, 0x0000000085700000|100%| O|  |TAMS 0x0000000085700000, 0x0000000085600000| Untracked 
|  87|0x0000000085700000, 0x0000000085800000, 0x0000000085800000|100%| O|  |TAMS 0x0000000085800000, 0x0000000085700000| Untracked 
|  88|0x0000000085800000, 0x0000000085900000, 0x0000000085900000|100%| O|  |TAMS 0x0000000085900000, 0x0000000085800000| Untracked 
|  89|0x0000000085900000, 0x0000000085a00000, 0x0000000085a00000|100%| O|  |TAMS 0x0000000085a00000, 0x0000000085900000| Untracked 
|  90|0x0000000085a00000, 0x0000000085b00000, 0x0000000085b00000|100%| O|  |TAMS 0x0000000085b00000, 0x0000000085a00000| Untracked 
|  91|0x0000000085b00000, 0x0000000085c00000, 0x0000000085c00000|100%| O|  |TAMS 0x0000000085c00000, 0x0000000085b00000| Untracked 
|  92|0x0000000085c00000, 0x0000000085d00000, 0x0000000085d00000|100%| O|  |TAMS 0x0000000085ccb600, 0x0000000085c00000| Untracked 
|  93|0x0000000085d00000, 0x0000000085e00000, 0x0000000085e00000|100%| O|  |TAMS 0x0000000085d00000, 0x0000000085d00000| Untracked 
|  94|0x0000000085e00000, 0x0000000085f00000, 0x0000000085f00000|100%| O|  |TAMS 0x0000000085e00000, 0x0000000085e00000| Untracked 
|  95|0x0000000085f00000, 0x0000000086000000, 0x0000000086000000|100%| O|  |TAMS 0x0000000085f00000, 0x0000000085f00000| Untracked 
|  96|0x0000000086000000, 0x0000000086100000, 0x0000000086100000|100%| O|  |TAMS 0x0000000086000000, 0x0000000086000000| Untracked 
|  97|0x0000000086100000, 0x0000000086200000, 0x0000000086200000|100%| O|  |TAMS 0x0000000086100000, 0x0000000086100000| Untracked 
|  98|0x0000000086200000, 0x0000000086300000, 0x0000000086300000|100%| O|  |TAMS 0x0000000086200000, 0x0000000086200000| Untracked 
|  99|0x0000000086300000, 0x0000000086400000, 0x0000000086400000|100%| O|  |TAMS 0x0000000086300000, 0x0000000086300000| Untracked 
| 100|0x0000000086400000, 0x0000000086500000, 0x0000000086500000|100%| O|  |TAMS 0x0000000086400000, 0x0000000086400000| Untracked 
| 101|0x0000000086500000, 0x0000000086600000, 0x0000000086600000|100%| O|  |TAMS 0x0000000086500000, 0x0000000086500000| Untracked 
| 102|0x0000000086600000, 0x0000000086700000, 0x0000000086700000|100%| O|  |TAMS 0x0000000086600000, 0x0000000086600000| Untracked 
| 103|0x0000000086700000, 0x0000000086800000, 0x0000000086800000|100%| O|  |TAMS 0x0000000086700000, 0x0000000086700000| Untracked 
| 104|0x0000000086800000, 0x0000000086900000, 0x0000000086900000|100%| O|  |TAMS 0x0000000086800000, 0x0000000086800000| Untracked 
| 105|0x0000000086900000, 0x0000000086a00000, 0x0000000086a00000|100%| O|  |TAMS 0x0000000086900000, 0x0000000086900000| Untracked 
| 106|0x0000000086a00000, 0x0000000086b00000, 0x0000000086b00000|100%| O|  |TAMS 0x0000000086a00000, 0x0000000086a00000| Untracked 
| 107|0x0000000086b00000, 0x0000000086c00000, 0x0000000086c00000|100%| O|  |TAMS 0x0000000086b00000, 0x0000000086b00000| Untracked 
| 108|0x0000000086c00000, 0x0000000086d00000, 0x0000000086d00000|100%| O|  |TAMS 0x0000000086c00000, 0x0000000086c00000| Untracked 
| 109|0x0000000086d00000, 0x0000000086e00000, 0x0000000086e00000|100%| O|  |TAMS 0x0000000086d00000, 0x0000000086d00000| Untracked 
| 110|0x0000000086e00000, 0x0000000086f00000, 0x0000000086f00000|100%| O|  |TAMS 0x0000000086e00000, 0x0000000086e00000| Untracked 
| 111|0x0000000086f00000, 0x0000000087000000, 0x0000000087000000|100%| O|  |TAMS 0x0000000086f00000, 0x0000000086f00000| Untracked 
| 112|0x0000000087000000, 0x0000000087100000, 0x0000000087100000|100%| O|  |TAMS 0x0000000087000000, 0x0000000087000000| Untracked 
| 113|0x0000000087100000, 0x0000000087200000, 0x0000000087200000|100%| O|  |TAMS 0x0000000087100000, 0x0000000087100000| Untracked 
| 114|0x0000000087200000, 0x0000000087300000, 0x0000000087300000|100%| O|  |TAMS 0x0000000087200000, 0x0000000087200000| Untracked 
| 115|0x0000000087300000, 0x0000000087400000, 0x0000000087400000|100%| O|  |TAMS 0x0000000087300000, 0x0000000087300000| Untracked 
| 116|0x0000000087400000, 0x0000000087500000, 0x0000000087500000|100%| O|  |TAMS 0x0000000087400000, 0x0000000087400000| Untracked 
| 117|0x0000000087500000, 0x0000000087600000, 0x0000000087600000|100%| O|  |TAMS 0x0000000087500000, 0x0000000087500000| Untracked 
| 118|0x0000000087600000, 0x0000000087700000, 0x0000000087700000|100%| O|  |TAMS 0x0000000087600000, 0x0000000087600000| Untracked 
| 119|0x0000000087700000, 0x0000000087735000, 0x0000000087800000| 20%| O|  |TAMS 0x0000000087700000, 0x0000000087700000| Untracked 
| 120|0x0000000087800000, 0x0000000087800000, 0x0000000087900000|  0%| F|  |TAMS 0x0000000087800000, 0x0000000087800000| Untracked 
| 121|0x0000000087900000, 0x0000000087900000, 0x0000000087a00000|  0%| F|  |TAMS 0x0000000087900000, 0x0000000087900000| Untracked 
| 122|0x0000000087a00000, 0x0000000087a00000, 0x0000000087b00000|  0%| F|  |TAMS 0x0000000087a00000, 0x0000000087a00000| Untracked 
| 123|0x0000000087b00000, 0x0000000087b00000, 0x0000000087c00000|  0%| F|  |TAMS 0x0000000087b00000, 0x0000000087b00000| Untracked 
| 124|0x0000000087c00000, 0x0000000087c00000, 0x0000000087d00000|  0%| F|  |TAMS 0x0000000087c00000, 0x0000000087c00000| Untracked 
| 125|0x0000000087d00000, 0x0000000087d00000, 0x0000000087e00000|  0%| F|  |TAMS 0x0000000087d00000, 0x0000000087d00000| Untracked 
| 126|0x0000000087e00000, 0x0000000087e00000, 0x0000000087f00000|  0%| F|  |TAMS 0x0000000087e00000, 0x0000000087e00000| Untracked 
| 127|0x0000000087f00000, 0x0000000087f00000, 0x0000000088000000|  0%| F|  |TAMS 0x0000000087f00000, 0x0000000087f00000| Untracked 
| 128|0x0000000088000000, 0x0000000088000000, 0x0000000088100000|  0%| F|  |TAMS 0x0000000088000000, 0x0000000088000000| Untracked 
| 129|0x0000000088100000, 0x0000000088100000, 0x0000000088200000|  0%| F|  |TAMS 0x0000000088100000, 0x0000000088100000| Untracked 
| 130|0x0000000088200000, 0x0000000088200000, 0x0000000088300000|  0%| F|  |TAMS 0x0000000088200000, 0x0000000088200000| Untracked 
| 131|0x0000000088300000, 0x0000000088300000, 0x0000000088400000|  0%| F|  |TAMS 0x0000000088300000, 0x0000000088300000| Untracked 
| 132|0x0000000088400000, 0x0000000088400000, 0x0000000088500000|  0%| F|  |TAMS 0x0000000088400000, 0x0000000088400000| Untracked 
| 133|0x0000000088500000, 0x0000000088500000, 0x0000000088600000|  0%| F|  |TAMS 0x0000000088500000, 0x0000000088500000| Untracked 
| 134|0x0000000088600000, 0x0000000088600000, 0x0000000088700000|  0%| F|  |TAMS 0x0000000088600000, 0x0000000088600000| Untracked 
| 135|0x0000000088700000, 0x0000000088700000, 0x0000000088800000|  0%| F|  |TAMS 0x0000000088700000, 0x0000000088700000| Untracked 
| 136|0x0000000088800000, 0x0000000088800000, 0x0000000088900000|  0%| F|  |TAMS 0x0000000088800000, 0x0000000088800000| Untracked 
| 137|0x0000000088900000, 0x0000000088900000, 0x0000000088a00000|  0%| F|  |TAMS 0x0000000088900000, 0x0000000088900000| Untracked 
| 138|0x0000000088a00000, 0x0000000088a00000, 0x0000000088b00000|  0%| F|  |TAMS 0x0000000088a00000, 0x0000000088a00000| Untracked 
| 139|0x0000000088b00000, 0x0000000088b00000, 0x0000000088c00000|  0%| F|  |TAMS 0x0000000088b00000, 0x0000000088b00000| Untracked 
| 140|0x0000000088c00000, 0x0000000088c00000, 0x0000000088d00000|  0%| F|  |TAMS 0x0000000088c00000, 0x0000000088c00000| Untracked 
| 141|0x0000000088d00000, 0x0000000088d00000, 0x0000000088e00000|  0%| F|  |TAMS 0x0000000088d00000, 0x0000000088d00000| Untracked 
| 142|0x0000000088e00000, 0x0000000088e00000, 0x0000000088f00000|  0%| F|  |TAMS 0x0000000088e00000, 0x0000000088e00000| Untracked 
| 143|0x0000000088f00000, 0x0000000088f00000, 0x0000000089000000|  0%| F|  |TAMS 0x0000000088f00000, 0x0000000088f00000| Untracked 
| 144|0x0000000089000000, 0x0000000089000000, 0x0000000089100000|  0%| F|  |TAMS 0x0000000089000000, 0x0000000089000000| Untracked 
| 145|0x0000000089100000, 0x0000000089100000, 0x0000000089200000|  0%| F|  |TAMS 0x0000000089100000, 0x0000000089100000| Untracked 
| 146|0x0000000089200000, 0x0000000089200000, 0x0000000089300000|  0%| F|  |TAMS 0x0000000089200000, 0x0000000089200000| Untracked 
| 147|0x0000000089300000, 0x0000000089300000, 0x0000000089400000|  0%| F|  |TAMS 0x0000000089300000, 0x0000000089300000| Untracked 
| 148|0x0000000089400000, 0x0000000089400000, 0x0000000089500000|  0%| F|  |TAMS 0x0000000089400000, 0x0000000089400000| Untracked 
| 149|0x0000000089500000, 0x0000000089500000, 0x0000000089600000|  0%| F|  |TAMS 0x0000000089500000, 0x0000000089500000| Untracked 
| 150|0x0000000089600000, 0x0000000089600000, 0x0000000089700000|  0%| F|  |TAMS 0x0000000089600000, 0x0000000089600000| Untracked 
| 151|0x0000000089700000, 0x0000000089700000, 0x0000000089800000|  0%| F|  |TAMS 0x0000000089700000, 0x0000000089700000| Untracked 
| 152|0x0000000089800000, 0x0000000089800000, 0x0000000089900000|  0%| F|  |TAMS 0x0000000089800000, 0x0000000089800000| Untracked 
| 153|0x0000000089900000, 0x0000000089900000, 0x0000000089a00000|  0%| F|  |TAMS 0x0000000089900000, 0x0000000089900000| Untracked 
| 154|0x0000000089a00000, 0x0000000089a00000, 0x0000000089b00000|  0%| F|  |TAMS 0x0000000089a00000, 0x0000000089a00000| Untracked 
| 155|0x0000000089b00000, 0x0000000089b00000, 0x0000000089c00000|  0%| F|  |TAMS 0x0000000089b00000, 0x0000000089b00000| Untracked 
| 156|0x0000000089c00000, 0x0000000089c00000, 0x0000000089d00000|  0%| F|  |TAMS 0x0000000089c00000, 0x0000000089c00000| Untracked 
| 157|0x0000000089d00000, 0x0000000089d00000, 0x0000000089e00000|  0%| F|  |TAMS 0x0000000089d00000, 0x0000000089d00000| Untracked 
| 158|0x0000000089e00000, 0x0000000089e00000, 0x0000000089f00000|  0%| F|  |TAMS 0x0000000089e00000, 0x0000000089e00000| Untracked 
| 159|0x0000000089f00000, 0x0000000089f00000, 0x000000008a000000|  0%| F|  |TAMS 0x0000000089f00000, 0x0000000089f00000| Untracked 
| 160|0x000000008a000000, 0x000000008a000000, 0x000000008a100000|  0%| F|  |TAMS 0x000000008a000000, 0x000000008a000000| Untracked 
| 161|0x000000008a100000, 0x000000008a100000, 0x000000008a200000|  0%| F|  |TAMS 0x000000008a100000, 0x000000008a100000| Untracked 
| 162|0x000000008a200000, 0x000000008a200000, 0x000000008a300000|  0%| F|  |TAMS 0x000000008a200000, 0x000000008a200000| Untracked 
| 163|0x000000008a300000, 0x000000008a300000, 0x000000008a400000|  0%| F|  |TAMS 0x000000008a300000, 0x000000008a300000| Untracked 
| 164|0x000000008a400000, 0x000000008a400000, 0x000000008a500000|  0%| F|  |TAMS 0x000000008a400000, 0x000000008a400000| Untracked 
| 165|0x000000008a500000, 0x000000008a500000, 0x000000008a600000|  0%| F|  |TAMS 0x000000008a500000, 0x000000008a500000| Untracked 
| 166|0x000000008a600000, 0x000000008a600000, 0x000000008a700000|  0%| F|  |TAMS 0x000000008a600000, 0x000000008a600000| Untracked 
| 167|0x000000008a700000, 0x000000008a700000, 0x000000008a800000|  0%| F|  |TAMS 0x000000008a700000, 0x000000008a700000| Untracked 
| 168|0x000000008a800000, 0x000000008a800000, 0x000000008a900000|  0%| F|  |TAMS 0x000000008a800000, 0x000000008a800000| Untracked 
| 169|0x000000008a900000, 0x000000008a900000, 0x000000008aa00000|  0%| F|  |TAMS 0x000000008a900000, 0x000000008a900000| Untracked 
| 170|0x000000008aa00000, 0x000000008aa00000, 0x000000008ab00000|  0%| F|  |TAMS 0x000000008aa00000, 0x000000008aa00000| Untracked 
| 171|0x000000008ab00000, 0x000000008ab00000, 0x000000008ac00000|  0%| F|  |TAMS 0x000000008ab00000, 0x000000008ab00000| Untracked 
| 172|0x000000008ac00000, 0x000000008ac00000, 0x000000008ad00000|  0%| F|  |TAMS 0x000000008ac00000, 0x000000008ac00000| Untracked 
| 173|0x000000008ad00000, 0x000000008ad00000, 0x000000008ae00000|  0%| F|  |TAMS 0x000000008ad00000, 0x000000008ad00000| Untracked 
| 174|0x000000008ae00000, 0x000000008ae00000, 0x000000008af00000|  0%| F|  |TAMS 0x000000008ae00000, 0x000000008ae00000| Untracked 
| 175|0x000000008af00000, 0x000000008af00000, 0x000000008b000000|  0%| F|  |TAMS 0x000000008af00000, 0x000000008af00000| Untracked 
| 176|0x000000008b000000, 0x000000008b000000, 0x000000008b100000|  0%| F|  |TAMS 0x000000008b000000, 0x000000008b000000| Untracked 
| 177|0x000000008b100000, 0x000000008b100000, 0x000000008b200000|  0%| F|  |TAMS 0x000000008b100000, 0x000000008b100000| Untracked 
| 178|0x000000008b200000, 0x000000008b200000, 0x000000008b300000|  0%| F|  |TAMS 0x000000008b200000, 0x000000008b200000| Untracked 
| 179|0x000000008b300000, 0x000000008b300000, 0x000000008b400000|  0%| F|  |TAMS 0x000000008b300000, 0x000000008b300000| Untracked 
| 180|0x000000008b400000, 0x000000008b400000, 0x000000008b500000|  0%| F|  |TAMS 0x000000008b400000, 0x000000008b400000| Untracked 
| 181|0x000000008b500000, 0x000000008b500000, 0x000000008b600000|  0%| F|  |TAMS 0x000000008b500000, 0x000000008b500000| Untracked 
| 182|0x000000008b600000, 0x000000008b600000, 0x000000008b700000|  0%| F|  |TAMS 0x000000008b600000, 0x000000008b600000| Untracked 
| 183|0x000000008b700000, 0x000000008b700000, 0x000000008b800000|  0%| F|  |TAMS 0x000000008b700000, 0x000000008b700000| Untracked 
| 184|0x000000008b800000, 0x000000008b800000, 0x000000008b900000|  0%| F|  |TAMS 0x000000008b800000, 0x000000008b800000| Untracked 
| 185|0x000000008b900000, 0x000000008b900000, 0x000000008ba00000|  0%| F|  |TAMS 0x000000008b900000, 0x000000008b900000| Untracked 
| 186|0x000000008ba00000, 0x000000008ba00000, 0x000000008bb00000|  0%| F|  |TAMS 0x000000008ba00000, 0x000000008ba00000| Untracked 
| 187|0x000000008bb00000, 0x000000008bb00000, 0x000000008bc00000|  0%| F|  |TAMS 0x000000008bb00000, 0x000000008bb00000| Untracked 
| 188|0x000000008bc00000, 0x000000008bc00000, 0x000000008bd00000|  0%| F|  |TAMS 0x000000008bc00000, 0x000000008bc00000| Untracked 
| 189|0x000000008bd00000, 0x000000008bd00000, 0x000000008be00000|  0%| F|  |TAMS 0x000000008bd00000, 0x000000008bd00000| Untracked 
| 190|0x000000008be00000, 0x000000008be00000, 0x000000008bf00000|  0%| F|  |TAMS 0x000000008be00000, 0x000000008be00000| Untracked 
| 191|0x000000008bf00000, 0x000000008bf00000, 0x000000008c000000|  0%| F|  |TAMS 0x000000008bf00000, 0x000000008bf00000| Untracked 
| 192|0x000000008c000000, 0x000000008c000000, 0x000000008c100000|  0%| F|  |TAMS 0x000000008c000000, 0x000000008c000000| Untracked 
| 193|0x000000008c100000, 0x000000008c100000, 0x000000008c200000|  0%| F|  |TAMS 0x000000008c100000, 0x000000008c100000| Untracked 
| 194|0x000000008c200000, 0x000000008c200000, 0x000000008c300000|  0%| F|  |TAMS 0x000000008c200000, 0x000000008c200000| Untracked 
| 195|0x000000008c300000, 0x000000008c300000, 0x000000008c400000|  0%| F|  |TAMS 0x000000008c300000, 0x000000008c300000| Untracked 
| 196|0x000000008c400000, 0x000000008c400000, 0x000000008c500000|  0%| F|  |TAMS 0x000000008c400000, 0x000000008c400000| Untracked 
| 197|0x000000008c500000, 0x000000008c500000, 0x000000008c600000|  0%| F|  |TAMS 0x000000008c500000, 0x000000008c500000| Untracked 
| 198|0x000000008c600000, 0x000000008c600000, 0x000000008c700000|  0%| F|  |TAMS 0x000000008c600000, 0x000000008c600000| Untracked 
| 199|0x000000008c700000, 0x000000008c700000, 0x000000008c800000|  0%| F|  |TAMS 0x000000008c700000, 0x000000008c700000| Untracked 
| 200|0x000000008c800000, 0x000000008c800000, 0x000000008c900000|  0%| F|  |TAMS 0x000000008c800000, 0x000000008c800000| Untracked 
| 201|0x000000008c900000, 0x000000008c900000, 0x000000008ca00000|  0%| F|  |TAMS 0x000000008c900000, 0x000000008c900000| Untracked 
| 202|0x000000008ca00000, 0x000000008ca00000, 0x000000008cb00000|  0%| F|  |TAMS 0x000000008ca00000, 0x000000008ca00000| Untracked 
| 203|0x000000008cb00000, 0x000000008cb00000, 0x000000008cc00000|  0%| F|  |TAMS 0x000000008cb00000, 0x000000008cb00000| Untracked 
| 204|0x000000008cc00000, 0x000000008cc00000, 0x000000008cd00000|  0%| F|  |TAMS 0x000000008cc00000, 0x000000008cc00000| Untracked 
| 205|0x000000008cd00000, 0x000000008cd00000, 0x000000008ce00000|  0%| F|  |TAMS 0x000000008cd00000, 0x000000008cd00000| Untracked 
| 206|0x000000008ce00000, 0x000000008ce00000, 0x000000008cf00000|  0%| F|  |TAMS 0x000000008ce00000, 0x000000008ce00000| Untracked 
| 207|0x000000008cf00000, 0x000000008cf00000, 0x000000008d000000|  0%| F|  |TAMS 0x000000008cf00000, 0x000000008cf00000| Untracked 
| 208|0x000000008d000000, 0x000000008d000000, 0x000000008d100000|  0%| F|  |TAMS 0x000000008d000000, 0x000000008d000000| Untracked 
| 209|0x000000008d100000, 0x000000008d100000, 0x000000008d200000|  0%| F|  |TAMS 0x000000008d100000, 0x000000008d100000| Untracked 
| 210|0x000000008d200000, 0x000000008d200000, 0x000000008d300000|  0%| F|  |TAMS 0x000000008d200000, 0x000000008d200000| Untracked 
| 211|0x000000008d300000, 0x000000008d300000, 0x000000008d400000|  0%| F|  |TAMS 0x000000008d300000, 0x000000008d300000| Untracked 
| 212|0x000000008d400000, 0x000000008d400000, 0x000000008d500000|  0%| F|  |TAMS 0x000000008d400000, 0x000000008d400000| Untracked 
| 213|0x000000008d500000, 0x000000008d500000, 0x000000008d600000|  0%| F|  |TAMS 0x000000008d500000, 0x000000008d500000| Untracked 
| 214|0x000000008d600000, 0x000000008d600000, 0x000000008d700000|  0%| F|  |TAMS 0x000000008d600000, 0x000000008d600000| Untracked 
| 215|0x000000008d700000, 0x000000008d700000, 0x000000008d800000|  0%| F|  |TAMS 0x000000008d700000, 0x000000008d700000| Untracked 
| 216|0x000000008d800000, 0x000000008d800000, 0x000000008d900000|  0%| F|  |TAMS 0x000000008d800000, 0x000000008d800000| Untracked 
| 217|0x000000008d900000, 0x000000008d900000, 0x000000008da00000|  0%| F|  |TAMS 0x000000008d900000, 0x000000008d900000| Untracked 
| 218|0x000000008da00000, 0x000000008da00000, 0x000000008db00000|  0%| F|  |TAMS 0x000000008da00000, 0x000000008da00000| Untracked 
| 219|0x000000008db00000, 0x000000008db00000, 0x000000008dc00000|  0%| F|  |TAMS 0x000000008db00000, 0x000000008db00000| Untracked 
| 220|0x000000008dc00000, 0x000000008dc00000, 0x000000008dd00000|  0%| F|  |TAMS 0x000000008dc00000, 0x000000008dc00000| Untracked 
| 221|0x000000008dd00000, 0x000000008dd00000, 0x000000008de00000|  0%| F|  |TAMS 0x000000008dd00000, 0x000000008dd00000| Untracked 
| 222|0x000000008de00000, 0x000000008de00000, 0x000000008df00000|  0%| F|  |TAMS 0x000000008de00000, 0x000000008de00000| Untracked 
| 223|0x000000008df00000, 0x000000008df00000, 0x000000008e000000|  0%| F|  |TAMS 0x000000008df00000, 0x000000008df00000| Untracked 
| 224|0x000000008e000000, 0x000000008e000000, 0x000000008e100000|  0%| F|  |TAMS 0x000000008e000000, 0x000000008e000000| Untracked 
| 225|0x000000008e100000, 0x000000008e100000, 0x000000008e200000|  0%| F|  |TAMS 0x000000008e100000, 0x000000008e100000| Untracked 
| 226|0x000000008e200000, 0x000000008e200000, 0x000000008e300000|  0%| F|  |TAMS 0x000000008e200000, 0x000000008e200000| Untracked 
| 227|0x000000008e300000, 0x000000008e300000, 0x000000008e400000|  0%| F|  |TAMS 0x000000008e300000, 0x000000008e300000| Untracked 
| 228|0x000000008e400000, 0x000000008e400000, 0x000000008e500000|  0%| F|  |TAMS 0x000000008e400000, 0x000000008e400000| Untracked 
| 229|0x000000008e500000, 0x000000008e500000, 0x000000008e600000|  0%| F|  |TAMS 0x000000008e500000, 0x000000008e500000| Untracked 
| 230|0x000000008e600000, 0x000000008e600000, 0x000000008e700000|  0%| F|  |TAMS 0x000000008e600000, 0x000000008e600000| Untracked 
| 231|0x000000008e700000, 0x000000008e700000, 0x000000008e800000|  0%| F|  |TAMS 0x000000008e700000, 0x000000008e700000| Untracked 
| 232|0x000000008e800000, 0x000000008e800000, 0x000000008e900000|  0%| F|  |TAMS 0x000000008e800000, 0x000000008e800000| Untracked 
| 233|0x000000008e900000, 0x000000008e900000, 0x000000008ea00000|  0%| F|  |TAMS 0x000000008e900000, 0x000000008e900000| Untracked 
| 234|0x000000008ea00000, 0x000000008ea00000, 0x000000008eb00000|  0%| F|  |TAMS 0x000000008ea00000, 0x000000008ea00000| Untracked 
| 235|0x000000008eb00000, 0x000000008eb00000, 0x000000008ec00000|  0%| F|  |TAMS 0x000000008eb00000, 0x000000008eb00000| Untracked 
| 236|0x000000008ec00000, 0x000000008ec00000, 0x000000008ed00000|  0%| F|  |TAMS 0x000000008ec00000, 0x000000008ec00000| Untracked 
| 237|0x000000008ed00000, 0x000000008ed00000, 0x000000008ee00000|  0%| F|  |TAMS 0x000000008ed00000, 0x000000008ed00000| Untracked 
| 238|0x000000008ee00000, 0x000000008ee00000, 0x000000008ef00000|  0%| F|  |TAMS 0x000000008ee00000, 0x000000008ee00000| Untracked 
| 239|0x000000008ef00000, 0x000000008ef00000, 0x000000008f000000|  0%| F|  |TAMS 0x000000008ef00000, 0x000000008ef00000| Untracked 
| 240|0x000000008f000000, 0x000000008f000000, 0x000000008f100000|  0%| F|  |TAMS 0x000000008f000000, 0x000000008f000000| Untracked 
| 241|0x000000008f100000, 0x000000008f100000, 0x000000008f200000|  0%| F|  |TAMS 0x000000008f100000, 0x000000008f100000| Untracked 
| 242|0x000000008f200000, 0x000000008f200000, 0x000000008f300000|  0%| F|  |TAMS 0x000000008f200000, 0x000000008f200000| Untracked 
| 243|0x000000008f300000, 0x000000008f300000, 0x000000008f400000|  0%| F|  |TAMS 0x000000008f300000, 0x000000008f300000| Untracked 
| 244|0x000000008f400000, 0x000000008f400000, 0x000000008f500000|  0%| F|  |TAMS 0x000000008f400000, 0x000000008f400000| Untracked 
| 245|0x000000008f500000, 0x000000008f500000, 0x000000008f600000|  0%| F|  |TAMS 0x000000008f500000, 0x000000008f500000| Untracked 
| 246|0x000000008f600000, 0x000000008f600000, 0x000000008f700000|  0%| F|  |TAMS 0x000000008f600000, 0x000000008f600000| Untracked 
| 247|0x000000008f700000, 0x000000008f700000, 0x000000008f800000|  0%| F|  |TAMS 0x000000008f700000, 0x000000008f700000| Untracked 
| 248|0x000000008f800000, 0x000000008f800000, 0x000000008f900000|  0%| F|  |TAMS 0x000000008f800000, 0x000000008f800000| Untracked 
| 249|0x000000008f900000, 0x000000008f900000, 0x000000008fa00000|  0%| F|  |TAMS 0x000000008f900000, 0x000000008f900000| Untracked 
| 250|0x000000008fa00000, 0x000000008fa00000, 0x000000008fb00000|  0%| F|  |TAMS 0x000000008fa00000, 0x000000008fa00000| Untracked 
| 251|0x000000008fb00000, 0x000000008fb00000, 0x000000008fc00000|  0%| F|  |TAMS 0x000000008fb00000, 0x000000008fb00000| Untracked 
| 252|0x000000008fc00000, 0x000000008fc00000, 0x000000008fd00000|  0%| F|  |TAMS 0x000000008fc00000, 0x000000008fc00000| Untracked 
| 253|0x000000008fd00000, 0x000000008fd00000, 0x000000008fe00000|  0%| F|  |TAMS 0x000000008fd00000, 0x000000008fd00000| Untracked 
| 254|0x000000008fe00000, 0x000000008fe00000, 0x000000008ff00000|  0%| F|  |TAMS 0x000000008fe00000, 0x000000008fe00000| Untracked 
| 255|0x000000008ff00000, 0x000000008ff00000, 0x0000000090000000|  0%| F|  |TAMS 0x000000008ff00000, 0x000000008ff00000| Untracked 
| 256|0x0000000090000000, 0x0000000090000000, 0x0000000090100000|  0%| F|  |TAMS 0x0000000090000000, 0x0000000090000000| Untracked 
| 257|0x0000000090100000, 0x0000000090100000, 0x0000000090200000|  0%| F|  |TAMS 0x0000000090100000, 0x0000000090100000| Untracked 
| 258|0x0000000090200000, 0x0000000090200000, 0x0000000090300000|  0%| F|  |TAMS 0x0000000090200000, 0x0000000090200000| Untracked 
| 259|0x0000000090300000, 0x0000000090300000, 0x0000000090400000|  0%| F|  |TAMS 0x0000000090300000, 0x0000000090300000| Untracked 
| 260|0x0000000090400000, 0x0000000090400000, 0x0000000090500000|  0%| F|  |TAMS 0x0000000090400000, 0x0000000090400000| Untracked 
| 261|0x0000000090500000, 0x0000000090600000, 0x0000000090600000|100%| S|CS|TAMS 0x0000000090500000, 0x0000000090500000| Complete 
| 262|0x0000000090600000, 0x0000000090700000, 0x0000000090700000|100%| S|CS|TAMS 0x0000000090600000, 0x0000000090600000| Complete 
| 263|0x0000000090700000, 0x0000000090700000, 0x0000000090800000|  0%| F|  |TAMS 0x0000000090700000, 0x0000000090700000| Untracked 
| 264|0x0000000090800000, 0x0000000090800000, 0x0000000090900000|  0%| F|  |TAMS 0x0000000090800000, 0x0000000090800000| Untracked 
| 265|0x0000000090900000, 0x0000000090900000, 0x0000000090a00000|  0%| F|  |TAMS 0x0000000090900000, 0x0000000090900000| Untracked 
| 266|0x0000000090a00000, 0x0000000090a00000, 0x0000000090b00000|  0%| F|  |TAMS 0x0000000090a00000, 0x0000000090a00000| Untracked 
| 267|0x0000000090b00000, 0x0000000090b00000, 0x0000000090c00000|  0%| F|  |TAMS 0x0000000090b00000, 0x0000000090b00000| Untracked 
| 268|0x0000000090c00000, 0x0000000090c00000, 0x0000000090d00000|  0%| F|  |TAMS 0x0000000090c00000, 0x0000000090c00000| Untracked 
| 269|0x0000000090d00000, 0x0000000090d00000, 0x0000000090e00000|  0%| F|  |TAMS 0x0000000090d00000, 0x0000000090d00000| Untracked 
| 270|0x0000000090e00000, 0x0000000090e00000, 0x0000000090f00000|  0%| F|  |TAMS 0x0000000090e00000, 0x0000000090e00000| Untracked 
| 271|0x0000000090f00000, 0x0000000090f00000, 0x0000000091000000|  0%| F|  |TAMS 0x0000000090f00000, 0x0000000090f00000| Untracked 
| 272|0x0000000091000000, 0x0000000091000000, 0x0000000091100000|  0%| F|  |TAMS 0x0000000091000000, 0x0000000091000000| Untracked 
| 273|0x0000000091100000, 0x0000000091100000, 0x0000000091200000|  0%| F|  |TAMS 0x0000000091100000, 0x0000000091100000| Untracked 

Card table byte_map: [0x000001d07a1f0000,0x000001d07a5f0000] _byte_map_base: 0x000001d079df0000

Marking Bits (Prev, Next): (CMBitMap*) 0x000001d07232cd00, (CMBitMap*) 0x000001d07232cd40
 Prev Bits: [0x000001d07a9f0000, 0x000001d07c9f0000)
 Next Bits: [0x000001d07c9f0000, 0x000001d07e9f0000)

Polling page: 0x000001d070270000

Metaspace:

Usage:
  Non-class:     78.42 MB used.
      Class:     12.47 MB used.
       Both:     90.89 MB used.

Virtual space:
  Non-class space:      128.00 MB reserved,      78.81 MB ( 62%) committed,  2 nodes.
      Class space:        1.00 GB reserved,      12.81 MB (  1%) committed,  1 nodes.
             Both:        1.12 GB reserved,      91.62 MB (  8%) committed. 

Chunk freelists:
   Non-Class:  1.16 MB
       Class:  3.08 MB
        Both:  4.23 MB

MaxMetaspaceSize: unlimited
CompressedClassSpaceSize: 1.00 GB
Initial GC threshold: 21.00 MB
Current GC threshold: 135.44 MB
CDS: on
MetaspaceReclaimPolicy: balanced
 - commit_granule_bytes: 65536.
 - commit_granule_words: 8192.
 - virtual_space_node_default_size: 8388608.
 - enlarge_chunks_in_place: 1.
 - new_chunks_are_fully_committed: 0.
 - uncommit_free_chunks: 1.
 - use_allocation_guard: 0.
 - handle_deallocations: 1.


Internal statistics:

num_allocs_failed_limit: 18.
num_arena_births: 890.
num_arena_deaths: 2.
num_vsnodes_births: 3.
num_vsnodes_deaths: 0.
num_space_committed: 1464.
num_space_uncommitted: 0.
num_chunks_returned_to_freelist: 26.
num_chunks_taken_from_freelist: 4466.
num_chunk_merges: 18.
num_chunk_splits: 3183.
num_chunks_enlarged: 2343.
num_inconsistent_stats: 0.

CodeHeap 'non-profiled nmethods': size=120000Kb used=6330Kb max_used=6330Kb free=113669Kb
 bounds [0x000001d007ad0000, 0x000001d008100000, 0x000001d00f000000]
CodeHeap 'profiled nmethods': size=120000Kb used=20352Kb max_used=20352Kb free=99647Kb
 bounds [0x000001d000000000, 0x000001d0013f0000, 0x000001d007530000]
CodeHeap 'non-nmethods': size=5760Kb used=2419Kb max_used=2453Kb free=3340Kb
 bounds [0x000001d007530000, 0x000001d0077a0000, 0x000001d007ad0000]
 total_blobs=11332 nmethods=10383 adapters=861
 compilation: enabled
              stopped_count=0, restarted_count=0
 full_count=0

Compilation events (20 events):
Event: 375.782 Thread 0x000001d07eebd8f0 nmethod 11950 0x000001d0013dd890 code [0x000001d0013dda60, 0x000001d0013ddef8]
Event: 375.782 Thread 0x000001d07eebd8f0 11951       3       org.jetbrains.kotlin.com.intellij.util.containers.SLRUMap::get (68 bytes)
Event: 375.783 Thread 0x000001d07eebd8f0 nmethod 11951 0x000001d0013de190 code [0x000001d0013de3c0, 0x000001d0013ded48]
Event: 375.783 Thread 0x000001d07eebd8f0 11952       1       org.jetbrains.kotlin.com.intellij.util.containers.hash.LinkedHashMap::size (5 bytes)
Event: 375.783 Thread 0x000001d07eebd8f0 nmethod 11952 0x000001d0080fdd10 code [0x000001d0080fdea0, 0x000001d0080fdf78]
Event: 375.783 Thread 0x000001d07eebd8f0 11953       1       org.jetbrains.kotlin.com.intellij.util.containers.SLRUMap::access$200 (5 bytes)
Event: 375.783 Thread 0x000001d07eebd8f0 nmethod 11953 0x000001d0080fe010 code [0x000001d0080fe1a0, 0x000001d0080fe258]
Event: 375.786 Thread 0x000001d07eebd8f0 11954       3       org.jetbrains.kotlin.com.intellij.openapi.vfs.impl.ArchiveHandler::getFile (13 bytes)
Event: 375.786 Thread 0x000001d07eebd8f0 nmethod 11954 0x000001d0013def90 code [0x000001d0013df140, 0x000001d0013df2c8]
Event: 375.798 Thread 0x000001d07eebd8f0 11955   !   3       org.jetbrains.kotlin.com.intellij.util.io.FileAccessorCache$Handle::release (48 bytes)
Event: 375.798 Thread 0x000001d07eebd8f0 nmethod 11955 0x000001d0013df390 code [0x000001d0013df560, 0x000001d0013df8d8]
Event: 375.798 Thread 0x000001d07eebd8f0 11956       3       java.util.concurrent.atomic.AtomicInteger::decrementAndGet (14 bytes)
Event: 375.798 Thread 0x000001d07eebd8f0 nmethod 11956 0x000001d0013dfb10 code [0x000001d0013dfca0, 0x000001d0013dfdb8]
Event: 375.800 Thread 0x000001d07eebd8f0 11957       3       org.jetbrains.kotlin.com.intellij.util.containers.hash.LinkedHashMap$Entry::access$502 (7 bytes)
Event: 375.800 Thread 0x000001d07eebd8f0 nmethod 11957 0x000001d0013dfe90 code [0x000001d0013e0020, 0x000001d0013e0158]
Event: 375.806 Thread 0x000001d07eebd8f0 11958       1       org.jetbrains.kotlin.com.intellij.util.containers.hash.LinkedHashMap$Entry::access$500 (5 bytes)
Event: 375.807 Thread 0x000001d07eebd8f0 nmethod 11958 0x000001d0080fe310 code [0x000001d0080fe4a0, 0x000001d0080fe558]
Event: 375.807 Thread 0x000001d07eebd8f0 11959       1       org.jetbrains.kotlin.com.intellij.util.containers.hash.LinkedHashMap$Entry::access$400 (5 bytes)
Event: 375.807 Thread 0x000001d07eebd8f0 nmethod 11959 0x000001d0080fe610 code [0x000001d0080fe7a0, 0x000001d0080fe858]
Event: 375.829 Thread 0x000001d07eebd8f0 11960   !   3       org.jetbrains.kotlin.com.intellij.openapi.vfs.impl.ArchiveHandler::getEntriesMap (156 bytes)

GC Heap History (20 events):
Event: 305.073 GC heap after
{Heap after GC invocations=44 (full 0):
 garbage-first heap   total 280576K, used 90999K [0x0000000080000000, 0x0000000100000000)
  region size 1024K, 1 young (1024K), 1 survivors (1024K)
 Metaspace       used 72224K, committed 72896K, reserved 1114112K
  class space    used 9829K, committed 10176K, reserved 1048576K
}
Event: 327.820 GC heap before
{Heap before GC invocations=45 (full 0):
 garbage-first heap   total 280576K, used 161655K [0x0000000080000000, 0x0000000100000000)
  region size 1024K, 62 young (63488K), 1 survivors (1024K)
 Metaspace       used 77111K, committed 77760K, reserved 1179648K
  class space    used 10447K, committed 10752K, reserved 1048576K
}
Event: 327.949 GC heap after
{Heap after GC invocations=46 (full 0):
 garbage-first heap   total 280576K, used 94334K [0x0000000080000000, 0x0000000100000000)
  region size 1024K, 5 young (5120K), 5 survivors (5120K)
 Metaspace       used 77111K, committed 77760K, reserved 1179648K
  class space    used 10447K, committed 10752K, reserved 1048576K
}
Event: 329.018 GC heap before
{Heap before GC invocations=46 (full 0):
 garbage-first heap   total 280576K, used 101502K [0x0000000080000000, 0x0000000100000000)
  region size 1024K, 13 young (13312K), 5 survivors (5120K)
 Metaspace       used 78764K, committed 79424K, reserved 1179648K
  class space    used 10814K, committed 11136K, reserved 1048576K
}
Event: 329.845 GC heap after
{Heap after GC invocations=47 (full 0):
 garbage-first heap   total 280576K, used 93458K [0x0000000080000000, 0x0000000100000000)
  region size 1024K, 1 young (1024K), 1 survivors (1024K)
 Metaspace       used 78764K, committed 79424K, reserved 1179648K
  class space    used 10814K, committed 11136K, reserved 1048576K
}
Event: 334.979 GC heap before
{Heap before GC invocations=47 (full 0):
 garbage-first heap   total 280576K, used 127250K [0x0000000080000000, 0x0000000100000000)
  region size 1024K, 34 young (34816K), 1 survivors (1024K)
 Metaspace       used 82238K, committed 82880K, reserved 1179648K
  class space    used 11474K, committed 11776K, reserved 1048576K
}
Event: 335.054 GC heap after
{Heap after GC invocations=48 (full 0):
 garbage-first heap   total 280576K, used 93795K [0x0000000080000000, 0x0000000100000000)
  region size 1024K, 1 young (1024K), 1 survivors (1024K)
 Metaspace       used 82238K, committed 82880K, reserved 1179648K
  class space    used 11474K, committed 11776K, reserved 1048576K
}
Event: 340.521 GC heap before
{Heap before GC invocations=49 (full 0):
 garbage-first heap   total 280576K, used 153187K [0x0000000080000000, 0x0000000100000000)
  region size 1024K, 59 young (60416K), 1 survivors (1024K)
 Metaspace       used 82517K, committed 83200K, reserved 1179648K
  class space    used 11486K, committed 11840K, reserved 1048576K
}
Event: 340.532 GC heap after
{Heap after GC invocations=50 (full 0):
 garbage-first heap   total 280576K, used 94417K [0x0000000080000000, 0x0000000100000000)
  region size 1024K, 2 young (2048K), 2 survivors (2048K)
 Metaspace       used 82517K, committed 83200K, reserved 1179648K
  class space    used 11486K, committed 11840K, reserved 1048576K
}
Event: 350.133 GC heap before
{Heap before GC invocations=50 (full 0):
 garbage-first heap   total 280576K, used 104657K [0x0000000080000000, 0x0000000100000000)
  region size 1024K, 13 young (13312K), 2 survivors (2048K)
 Metaspace       used 82910K, committed 83584K, reserved 1179648K
  class space    used 11529K, committed 11840K, reserved 1048576K
}
Event: 350.372 GC heap after
{Heap after GC invocations=51 (full 0):
 garbage-first heap   total 280576K, used 92757K [0x0000000080000000, 0x0000000100000000)
  region size 1024K, 1 young (1024K), 1 survivors (1024K)
 Metaspace       used 82910K, committed 83584K, reserved 1179648K
  class space    used 11529K, committed 11840K, reserved 1048576K
}
Event: 367.063 GC heap before
{Heap before GC invocations=51 (full 0):
 garbage-first heap   total 280576K, used 174677K [0x0000000080000000, 0x0000000100000000)
  region size 1024K, 81 young (82944K), 1 survivors (1024K)
 Metaspace       used 90421K, committed 91136K, reserved 1179648K
  class space    used 12479K, committed 12800K, reserved 1048576K
}
Event: 367.167 GC heap after
{Heap after GC invocations=52 (full 0):
 garbage-first heap   total 280576K, used 94311K [0x0000000080000000, 0x0000000100000000)
  region size 1024K, 3 young (3072K), 3 survivors (3072K)
 Metaspace       used 90421K, committed 91136K, reserved 1179648K
  class space    used 12479K, committed 12800K, reserved 1048576K
}
Event: 375.139 GC heap before
{Heap before GC invocations=52 (full 0):
 garbage-first heap   total 280576K, used 174183K [0x0000000080000000, 0x0000000100000000)
  region size 1024K, 74 young (75776K), 3 survivors (3072K)
 Metaspace       used 93059K, committed 93824K, reserved 1179648K
  class space    used 12773K, committed 13120K, reserved 1048576K
}
Event: 375.293 GC heap after
{Heap after GC invocations=53 (full 0):
 garbage-first heap   total 280576K, used 112350K [0x0000000080000000, 0x0000000100000000)
  region size 1024K, 10 young (10240K), 10 survivors (10240K)
 Metaspace       used 93059K, committed 93824K, reserved 1179648K
  class space    used 12773K, committed 13120K, reserved 1048576K
}
Event: 375.484 GC heap before
{Heap before GC invocations=53 (full 0):
 garbage-first heap   total 280576K, used 117470K [0x0000000080000000, 0x0000000100000000)
  region size 1024K, 15 young (15360K), 10 survivors (10240K)
 Metaspace       used 93061K, committed 93824K, reserved 1179648K
  class space    used 12773K, committed 13120K, reserved 1048576K
}
Event: 375.510 GC heap after
{Heap after GC invocations=54 (full 0):
 garbage-first heap   total 280576K, used 115278K [0x0000000080000000, 0x0000000100000000)
  region size 1024K, 2 young (2048K), 2 survivors (2048K)
 Metaspace       used 93061K, committed 93824K, reserved 1179648K
  class space    used 12773K, committed 13120K, reserved 1048576K
}
Event: 375.661 GC heap before
{Heap before GC invocations=54 (full 0):
 garbage-first heap   total 280576K, used 126542K [0x0000000080000000, 0x0000000100000000)
  region size 1024K, 13 young (13312K), 2 survivors (2048K)
 Metaspace       used 93061K, committed 93824K, reserved 1179648K
  class space    used 12773K, committed 13120K, reserved 1048576K
}
Event: 375.681 GC heap after
{Heap after GC invocations=55 (full 0):
 garbage-first heap   total 280576K, used 119066K [0x0000000080000000, 0x0000000100000000)
  region size 1024K, 2 young (2048K), 2 survivors (2048K)
 Metaspace       used 93061K, committed 93824K, reserved 1179648K
  class space    used 12773K, committed 13120K, reserved 1048576K
}
Event: 375.832 GC heap before
{Heap before GC invocations=55 (full 0):
 garbage-first heap   total 280576K, used 130330K [0x0000000080000000, 0x0000000100000000)
  region size 1024K, 13 young (13312K), 2 survivors (2048K)
 Metaspace       used 93070K, committed 93824K, reserved 1179648K
  class space    used 12773K, committed 13120K, reserved 1048576K
}

Dll operation events (15 events):
Event: 0.033 Loaded shared library C:\Program Files\Microsoft\jdk-17.0.11.9-hotspot\bin\java.dll
Event: 0.062 Loaded shared library C:\Program Files\Microsoft\jdk-17.0.11.9-hotspot\bin\jsvml.dll
Event: 0.343 Loaded shared library C:\Program Files\Microsoft\jdk-17.0.11.9-hotspot\bin\zip.dll
Event: 0.351 Loaded shared library C:\Program Files\Microsoft\jdk-17.0.11.9-hotspot\bin\instrument.dll
Event: 0.369 Loaded shared library C:\Program Files\Microsoft\jdk-17.0.11.9-hotspot\bin\net.dll
Event: 0.380 Loaded shared library C:\Program Files\Microsoft\jdk-17.0.11.9-hotspot\bin\nio.dll
Event: 0.392 Loaded shared library C:\Program Files\Microsoft\jdk-17.0.11.9-hotspot\bin\zip.dll
Event: 1.221 Loaded shared library C:\Program Files\Microsoft\jdk-17.0.11.9-hotspot\bin\jimage.dll
Event: 1.762 Loaded shared library C:\Program Files\Microsoft\jdk-17.0.11.9-hotspot\bin\verify.dll
Event: 4.287 Loaded shared library C:\Users\imher\.gradle\native\c067742578af261105cb4f569cf0c3c89f3d7b1fecec35dd04571415982c5e48\windows-amd64\native-platform.dll
Event: 4.339 Loaded shared library C:\Users\imher\.gradle\native\38dada09dfb8b06ba9b0570ebf7e218e3eb74d4ef43ca46872605cf95ebc2f47\windows-amd64\native-platform-file-events.dll
Event: 14.453 Loaded shared library C:\Program Files\Microsoft\jdk-17.0.11.9-hotspot\bin\management.dll
Event: 14.466 Loaded shared library C:\Program Files\Microsoft\jdk-17.0.11.9-hotspot\bin\management_ext.dll
Event: 17.631 Loaded shared library C:\Program Files\Microsoft\jdk-17.0.11.9-hotspot\bin\extnet.dll
Event: 35.019 Loaded shared library C:\Program Files\Microsoft\jdk-17.0.11.9-hotspot\bin\sunmscapi.dll

Deoptimization events (20 events):
Event: 375.513 Thread 0x000001d07f2f2a30 DEOPT PACKING pc=0x000001d007bfbdf8 sp=0x000000b847df5d70
Event: 375.514 Thread 0x000001d07f2f2a30 DEOPT UNPACKING pc=0x000001d00758a1a3 sp=0x000000b847df5c78 mode 2
Event: 375.514 Thread 0x000001d07f2f2a30 Uncommon trap: trap_request=0xffffff45 fr.pc=0x000001d007f20150 relative=0x00000000000001d0
Event: 375.514 Thread 0x000001d07f2f2a30 Uncommon trap: reason=unstable_if action=reinterpret pc=0x000001d007f20150 method=java.lang.String.indexOf(Ljava/lang/String;)I @ 10 c2
Event: 375.514 Thread 0x000001d07f2f2a30 DEOPT PACKING pc=0x000001d007f20150 sp=0x000000b847df5e20
Event: 375.514 Thread 0x000001d07f2f2a30 DEOPT UNPACKING pc=0x000001d00758a1a3 sp=0x000000b847df5db0 mode 2
Event: 375.514 Thread 0x000001d07f2f2a30 Uncommon trap: trap_request=0xffffff45 fr.pc=0x000001d0080bff04 relative=0x00000000000009c4
Event: 375.514 Thread 0x000001d07f2f2a30 Uncommon trap: reason=unstable_if action=reinterpret pc=0x000001d0080bff04 method=java.lang.String.lastIndexOf(II)I @ 4 c2
Event: 375.514 Thread 0x000001d07f2f2a30 DEOPT PACKING pc=0x000001d0080bff04 sp=0x000000b847df5e10
Event: 375.514 Thread 0x000001d07f2f2a30 DEOPT UNPACKING pc=0x000001d00758a1a3 sp=0x000000b847df5d20 mode 2
Event: 375.514 Thread 0x000001d07f2f2a30 Uncommon trap: trap_request=0xffffff45 fr.pc=0x000001d007b111c0 relative=0x00000000000004a0
Event: 375.514 Thread 0x000001d07f2f2a30 Uncommon trap: reason=unstable_if action=reinterpret pc=0x000001d007b111c0 method=java.lang.String.substring(II)Ljava/lang/String; @ 31 c2
Event: 375.514 Thread 0x000001d07f2f2a30 DEOPT PACKING pc=0x000001d007b111c0 sp=0x000000b847df5da0
Event: 375.514 Thread 0x000001d07f2f2a30 DEOPT UNPACKING pc=0x000001d00758a1a3 sp=0x000000b847df5d70 mode 2
Event: 375.515 Thread 0x000001d07f2f2a30 Uncommon trap: trap_request=0xffffff45 fr.pc=0x000001d007bcd3ac relative=0x000000000000048c
Event: 375.515 Thread 0x000001d07f2f2a30 Uncommon trap: reason=unstable_if action=reinterpret pc=0x000001d007bcd3ac method=java.lang.String.substring(II)Ljava/lang/String; @ 31 c2
Event: 375.515 Thread 0x000001d07f2f2a30 DEOPT PACKING pc=0x000001d007bcd3ac sp=0x000000b847df5da0
Event: 375.515 Thread 0x000001d07f2f2a30 DEOPT UNPACKING pc=0x000001d00758a1a3 sp=0x000000b847df5d00 mode 2
Event: 375.659 Thread 0x000001d07f2f2a30 DEOPT PACKING pc=0x000001d0013cb53a sp=0x000000b847df60f0
Event: 375.659 Thread 0x000001d07f2f2a30 DEOPT UNPACKING pc=0x000001d00758ace3 sp=0x000000b847df5640 mode 0

Classes unloaded (15 events):
Event: 113.293 Thread 0x000001d07ee73c40 Unloading class 0x000001d012516bb8 '_BuildScript_$_run_closure1$_closure3$_closure12$_closure14'
Event: 113.293 Thread 0x000001d07ee73c40 Unloading class 0x000001d0125167d0 '_BuildScript_$_run_closure1$_closure3$_closure12$_closure13'
Event: 113.293 Thread 0x000001d07ee73c40 Unloading class 0x000001d0125163e8 '_BuildScript_$_run_closure1$_closure3$_closure12'
Event: 113.293 Thread 0x000001d07ee73c40 Unloading class 0x000001d012516000 '_BuildScript_$_run_closure1$_closure3'
Event: 113.294 Thread 0x000001d07ee73c40 Unloading class 0x000001d012515b58 '_BuildScript_$_run_closure1$_closure2$_closure4$_closure8$_closure11'
Event: 113.294 Thread 0x000001d07ee73c40 Unloading class 0x000001d012515770 '_BuildScript_$_run_closure1$_closure2$_closure4$_closure8'
Event: 113.294 Thread 0x000001d07ee73c40 Unloading class 0x000001d012515388 '_BuildScript_$_run_closure1$_closure2$_closure4$_closure7$_closure10'
Event: 113.294 Thread 0x000001d07ee73c40 Unloading class 0x000001d012514fa0 '_BuildScript_$_run_closure1$_closure2$_closure4$_closure7'
Event: 113.294 Thread 0x000001d07ee73c40 Unloading class 0x000001d012514bb8 '_BuildScript_$_run_closure1$_closure2$_closure4$_closure6$_closure9'
Event: 113.294 Thread 0x000001d07ee73c40 Unloading class 0x000001d0125147d0 '_BuildScript_$_run_closure1$_closure2$_closure4$_closure6'
Event: 113.294 Thread 0x000001d07ee73c40 Unloading class 0x000001d0125143e8 '_BuildScript_$_run_closure1$_closure2$_closure4$_closure5'
Event: 113.294 Thread 0x000001d07ee73c40 Unloading class 0x000001d012514000 '_BuildScript_$_run_closure1$_closure2$_closure4'
Event: 113.294 Thread 0x000001d07ee73c40 Unloading class 0x000001d01250c918 '_BuildScript_$_run_closure1$_closure2'
Event: 113.295 Thread 0x000001d07ee73c40 Unloading class 0x000001d01250c530 '_BuildScript_$_run_closure1'
Event: 113.295 Thread 0x000001d07ee73c40 Unloading class 0x000001d01250c000 '_BuildScript_'

Classes redefined (0 events):
No events

Internal exceptions (20 events):
Event: 308.575 Thread 0x000001d07f2f2a30 Exception <a 'java/lang/ClassNotFoundException'{0x000000008ee04b88}: org/jetbrains/kotlin/gradle/targets/js/npm/DefaultPeerNpmDependencyExtension$delegate$1Customizer> (0x000000008ee04b88) 
thrown [s\src\hotspot\share\classfile\systemDictionary.cpp, line 256]
Event: 317.838 Thread 0x000001d07f2f2a30 Exception <a 'java/lang/IncompatibleClassChangeError'{0x000000008e44e5c8}: Found class java.lang.Object, but interface was expected> (0x000000008e44e5c8) 
thrown [s\src\hotspot\share\interpreter\linkResolver.cpp, line 826]
Event: 327.723 Thread 0x000001d07f2f2a30 Exception <a 'java/lang/NoSuchMethodError'{0x000000008d5cde68}: 'java.lang.Object java.lang.invoke.DirectMethodHandle$Holder.invokeStaticInit(java.lang.Object, int)'> (0x000000008d5cde68) 
thrown [s\src\hotspot\share\interpreter\linkResolver.cpp, line 759]
Event: 328.529 Thread 0x000001d07f2f2a30 Implicit null exception at 0x000001d007af5293 to 0x000001d007af53dc
Event: 356.020 Thread 0x000001d07f2f2a30 Exception <a 'sun/nio/fs/WindowsException'{0x000000008ee411f8}> (0x000000008ee411f8) 
thrown [s\src\hotspot\share\prims\jni.cpp, line 516]
Event: 356.021 Thread 0x000001d07f2f2a30 Exception <a 'sun/nio/fs/WindowsException'{0x000000008ee42d20}> (0x000000008ee42d20) 
thrown [s\src\hotspot\share\prims\jni.cpp, line 516]
Event: 359.501 Thread 0x000001d07f2f2a30 Exception <a 'java/lang/NoSuchMethodError'{0x000000008e4960f8}: 'long java.lang.invoke.DirectMethodHandle$Holder.invokeStatic(java.lang.Object)'> (0x000000008e4960f8) 
thrown [s\src\hotspot\share\interpreter\linkResolver.cpp, line 759]
Event: 359.522 Thread 0x000001d07f2f2a30 Exception <a 'java/lang/NoSuchMethodError'{0x000000008e49ac98}: 'long java.lang.invoke.DirectMethodHandle$Holder.invokeStaticInit(java.lang.Object)'> (0x000000008e49ac98) 
thrown [s\src\hotspot\share\interpreter\linkResolver.cpp, line 759]
Event: 361.103 Thread 0x000001d07f2f2a30 Exception <a 'java/lang/NoSuchMethodError'{0x000000008dfdfa10}: 'long java.lang.invoke.Invokers$Holder.invoke_MT(java.lang.Object, java.lang.Object, java.lang.Object, java.lang.Object)'> (0x000000008dfdfa10) 
thrown [s\src\hotspot\share\interpreter\linkResolver.cpp, line 759]
Event: 361.468 Thread 0x000001d07f2f2a30 Exception <a 'java/lang/NoSuchMethodError'{0x000000008dfe8d48}: 'int java.lang.invoke.Invokers$Holder.invoke_MT(java.lang.Object, java.lang.Object, java.lang.Object, java.lang.Object)'> (0x000000008dfe8d48) 
thrown [s\src\hotspot\share\interpreter\linkResolver.cpp, line 759]
Event: 361.505 Thread 0x000001d07f2f2a30 Exception <a 'java/lang/NoSuchMethodError'{0x000000008dff9500}: 'void java.lang.invoke.DelegatingMethodHandle$Holder.reinvoke_L(java.lang.Object, java.lang.Object, java.lang.Object, long, java.lang.Object)'> (0x000000008dff9500) 
thrown [s\src\hotspot\share\interpreter\linkResolver.cpp, line 759]
Event: 361.525 Thread 0x000001d07f2f2a30 Exception <a 'java/lang/NoSuchMethodError'{0x000000008de022f0}: 'java.lang.Object java.lang.invoke.DirectMethodHandle$Holder.invokeSpecial(java.lang.Object, java.lang.Object, java.lang.Object, java.lang.Object, long)'> (0x000000008de022f0) 
thrown [s\src\hotspot\share\interpreter\linkResolver.cpp, line 759]
Event: 361.537 Thread 0x000001d07f2f2a30 Exception <a 'java/lang/NoSuchMethodError'{0x000000008de12978}: 'int java.lang.invoke.DelegatingMethodHandle$Holder.reinvoke_L(java.lang.Object, java.lang.Object, java.lang.Object, long, java.lang.Object, java.lang.Object)'> (0x000000008de12978) 
thrown [s\src\hotspot\share\interpreter\linkResolver.cpp, line 759]
Event: 361.561 Thread 0x000001d07f2f2a30 Exception <a 'java/lang/NoSuchMethodError'{0x000000008de228d8}: 'int java.lang.invoke.DelegatingMethodHandle$Holder.reinvoke_L(java.lang.Object, java.lang.Object, java.lang.Object, long, int, int)'> (0x000000008de228d8) 
thrown [s\src\hotspot\share\interpreter\linkResolver.cpp, line 759]
Event: 361.565 Thread 0x000001d07f2f2a30 Exception <a 'java/lang/NoSuchMethodError'{0x000000008de325e0}: 'int java.lang.invoke.DelegatingMethodHandle$Holder.reinvoke_L(java.lang.Object, java.lang.Object, java.lang.Object, long, long, long)'> (0x000000008de325e0) 
thrown [s\src\hotspot\share\interpreter\linkResolver.cpp, line 759]
Event: 361.574 Thread 0x000001d07f2f2a30 Exception <a 'java/lang/NoSuchMethodError'{0x000000008de41fc8}: 'int java.lang.invoke.DelegatingMethodHandle$Holder.reinvoke_L(java.lang.Object, java.lang.Object, java.lang.Object, long, int)'> (0x000000008de41fc8) 
thrown [s\src\hotspot\share\interpreter\linkResolver.cpp, line 759]
Event: 368.082 Thread 0x000001d07f2f2a30 Exception <a 'java/lang/NoSuchMethodError'{0x00000000908b6360}: 'java.lang.Object java.lang.invoke.Invokers$Holder.invokeExact_MT(java.lang.Object, java.lang.Object, long, java.lang.Object)'> (0x00000000908b6360) 
thrown [s\src\hotspot\share\interpreter\linkResolver.cpp, line 759]
Event: 368.233 Thread 0x000001d07f2f2a30 Exception <a 'java/lang/NoSuchMethodError'{0x0000000090520058}: 'java.lang.Object java.lang.invoke.Invokers$Holder.invoke_MT(java.lang.Object, java.lang.Object, java.lang.Object)'> (0x0000000090520058) 
thrown [s\src\hotspot\share\interpreter\linkResolver.cpp, line 759]
Event: 370.629 Thread 0x000001d07f2f2a30 Implicit null exception at 0x000001d0080ca403 to 0x000001d0080cc75c
Event: 370.629 Thread 0x000001d07f2f2a30 Implicit null exception at 0x000001d0080cf178 to 0x000001d0080d1684

VM Operations (20 events):
Event: 367.168 Executing VM operation: G1CollectForAllocation done
Event: 367.589 Executing VM operation: HandshakeAllThreads
Event: 367.590 Executing VM operation: HandshakeAllThreads done
Event: 367.715 Executing VM operation: HandshakeAllThreads
Event: 367.715 Executing VM operation: HandshakeAllThreads done
Event: 368.718 Executing VM operation: Cleanup
Event: 368.749 Executing VM operation: Cleanup done
Event: 369.764 Executing VM operation: Cleanup
Event: 369.796 Executing VM operation: Cleanup done
Event: 370.807 Executing VM operation: Cleanup
Event: 370.837 Executing VM operation: Cleanup done
Event: 371.852 Executing VM operation: Cleanup
Event: 371.852 Executing VM operation: Cleanup done
Event: 375.139 Executing VM operation: G1CollectForAllocation
Event: 375.294 Executing VM operation: G1CollectForAllocation done
Event: 375.484 Executing VM operation: G1CollectForAllocation
Event: 375.510 Executing VM operation: G1CollectForAllocation done
Event: 375.661 Executing VM operation: G1CollectForAllocation
Event: 375.681 Executing VM operation: G1CollectForAllocation done
Event: 375.832 Executing VM operation: G1CollectForAllocation

Events (20 events):
Event: 368.176 loading class jdk/internal/jrtfs/JrtFileSystemProvider$1
Event: 368.177 loading class jdk/internal/jrtfs/JrtFileSystemProvider$1 done
Event: 368.177 loading class jdk/internal/jrtfs/JrtFileSystemProvider$JrtFsLoader
Event: 368.178 loading class jdk/internal/jrtfs/JrtFileSystemProvider$JrtFsLoader done
Event: 368.210 loading class java/io/IOError
Event: 368.211 loading class java/io/IOError done
Event: 368.228 loading class java/nio/channels/FileChannel$MapMode
Event: 368.229 loading class java/nio/channels/FileChannel$MapMode done
Event: 368.230 loading class jdk/internal/misc/ExtendedMapMode
Event: 368.231 loading class jdk/internal/misc/ExtendedMapMode done
Event: 368.239 loading class sun/nio/ch/FileChannelImpl$DefaultUnmapper
Event: 368.240 loading class sun/nio/ch/FileChannelImpl$Unmapper
Event: 368.240 loading class jdk/internal/access/foreign/UnmapperProxy
Event: 368.240 loading class jdk/internal/access/foreign/UnmapperProxy done
Event: 368.240 loading class sun/nio/ch/FileChannelImpl$Unmapper done
Event: 368.240 loading class sun/nio/ch/FileChannelImpl$DefaultUnmapper done
Event: 368.241 loading class sun/nio/ch/Util$4
Event: 368.242 loading class sun/nio/ch/Util$4 done
Event: 368.246 loading class java/io/UTFDataFormatException
Event: 368.247 loading class java/io/UTFDataFormatException done


Dynamic libraries:
0x00007ff6ecfe0000 - 0x00007ff6ecfee000 	C:\Program Files\Microsoft\jdk-17.0.11.9-hotspot\bin\java.exe
0x00007ff9df100000 - 0x00007ff9df367000 	C:\WINDOWS\SYSTEM32\ntdll.dll
0x00007ff9ddca0000 - 0x00007ff9ddd69000 	C:\WINDOWS\System32\KERNEL32.DLL
0x00007ff9dbda0000 - 0x00007ff9dc197000 	C:\WINDOWS\System32\KERNELBASE.dll
0x00007ff9dc1a0000 - 0x00007ff9dc2eb000 	C:\WINDOWS\System32\ucrtbase.dll
0x00007ff99c2e0000 - 0x00007ff99c2f7000 	C:\Program Files\Microsoft\jdk-17.0.11.9-hotspot\bin\jli.dll
0x00007ff9dd8e0000 - 0x00007ff9ddaa6000 	C:\WINDOWS\System32\USER32.dll
0x00007ff9dc530000 - 0x00007ff9dc557000 	C:\WINDOWS\System32\win32u.dll
0x00007ff9dd730000 - 0x00007ff9dd75b000 	C:\WINDOWS\System32\GDI32.dll
0x00007ff9dbc70000 - 0x00007ff9dbd9c000 	C:\WINDOWS\System32\gdi32full.dll
0x00007ff9dbbc0000 - 0x00007ff9dbc63000 	C:\WINDOWS\System32\msvcp_win.dll
0x00007ff9be8d0000 - 0x00007ff9beb62000 	C:\WINDOWS\WinSxS\amd64_microsoft.windows.common-controls_6595b64144ccf1df_6.0.26100.8457_none_3e0b2faee331e92d\COMCTL32.dll
0x00007ff9dd030000 - 0x00007ff9dd0d9000 	C:\WINDOWS\System32\msvcrt.dll
0x00007ff99c410000 - 0x00007ff99c42b000 	C:\Program Files\Microsoft\jdk-17.0.11.9-hotspot\bin\VCRUNTIME140.dll
0x00007ff9def90000 - 0x00007ff9defc2000 	C:\WINDOWS\System32\IMM32.DLL
0x00007ff9bb100000 - 0x00007ff9bb10c000 	C:\Program Files\Microsoft\jdk-17.0.11.9-hotspot\bin\vcruntime140_1.dll
0x00007ff9993d0000 - 0x00007ff99945d000 	C:\Program Files\Microsoft\jdk-17.0.11.9-hotspot\bin\msvcp140.dll
0x00007ff940310000 - 0x00007ff940f76000 	C:\Program Files\Microsoft\jdk-17.0.11.9-hotspot\bin\server\jvm.dll
0x00007ff9de930000 - 0x00007ff9de9e6000 	C:\WINDOWS\System32\ADVAPI32.dll
0x00007ff9dce80000 - 0x00007ff9dcf27000 	C:\WINDOWS\System32\sechost.dll
0x00007ff9dd7c0000 - 0x00007ff9dd8d8000 	C:\WINDOWS\System32\RPCRT4.dll
0x00007ff9db990000 - 0x00007ff9db9ee000 	C:\WINDOWS\SYSTEM32\POWRPROF.dll
0x00007ff9d7290000 - 0x00007ff9d729a000 	C:\WINDOWS\SYSTEM32\WSOCK32.dll
0x00007ff9ddc10000 - 0x00007ff9ddc90000 	C:\WINDOWS\System32\WS2_32.dll
0x00007ff9d4340000 - 0x00007ff9d4376000 	C:\WINDOWS\SYSTEM32\WINMM.dll
0x00007ff9c9bc0000 - 0x00007ff9c9bcb000 	C:\WINDOWS\SYSTEM32\VERSION.dll
0x00007ff9db970000 - 0x00007ff9db984000 	C:\WINDOWS\SYSTEM32\UMPDC.dll
0x00007ff9da8c0000 - 0x00007ff9da8db000 	C:\WINDOWS\SYSTEM32\kernel.appcore.dll
0x00007ff9b3f60000 - 0x00007ff9b3f6a000 	C:\Program Files\Microsoft\jdk-17.0.11.9-hotspot\bin\jimage.dll
0x00007ff9d9940000 - 0x00007ff9d9b82000 	C:\WINDOWS\SYSTEM32\DBGHELP.DLL
0x00007ff9dd290000 - 0x00007ff9dd613000 	C:\WINDOWS\System32\combase.dll
0x00007ff9de5b0000 - 0x00007ff9de689000 	C:\WINDOWS\System32\OLEAUT32.dll
0x00007ff9bd640000 - 0x00007ff9bd67b000 	C:\WINDOWS\SYSTEM32\dbgcore.DLL
0x00007ff9dcdd0000 - 0x00007ff9dce78000 	C:\WINDOWS\System32\bcryptPrimitives.dll
0x00007ff99e810000 - 0x00007ff99e81e000 	C:\Program Files\Microsoft\jdk-17.0.11.9-hotspot\bin\instrument.dll
0x00007ff99c2b0000 - 0x00007ff99c2d5000 	C:\Program Files\Microsoft\jdk-17.0.11.9-hotspot\bin\java.dll
0x00007ff996d00000 - 0x00007ff996dd7000 	C:\Program Files\Microsoft\jdk-17.0.11.9-hotspot\bin\jsvml.dll
0x00007ff9ddd90000 - 0x00007ff9de4fe000 	C:\WINDOWS\System32\SHELL32.dll
0x00007ff9dc560000 - 0x00007ff9dcdcc000 	C:\WINDOWS\System32\windows.storage.dll
0x00007ff9dcf30000 - 0x00007ff9dd026000 	C:\WINDOWS\System32\SHCORE.dll
0x00007ff9df050000 - 0x00007ff9df0b6000 	C:\WINDOWS\System32\shlwapi.dll
0x00007ff9dba50000 - 0x00007ff9dba79000 	C:\WINDOWS\SYSTEM32\profapi.dll
0x00007ff99bee0000 - 0x00007ff99bef8000 	C:\Program Files\Microsoft\jdk-17.0.11.9-hotspot\bin\zip.dll
0x00007ff99c0d0000 - 0x00007ff99c0e9000 	C:\Program Files\Microsoft\jdk-17.0.11.9-hotspot\bin\net.dll
0x00007ff9ccfd0000 - 0x00007ff9cd0f9000 	C:\WINDOWS\SYSTEM32\WINHTTP.dll
0x00007ff9dae30000 - 0x00007ff9dae9c000 	C:\WINDOWS\system32\mswsock.dll
0x00007ff99c0b0000 - 0x00007ff99c0c6000 	C:\Program Files\Microsoft\jdk-17.0.11.9-hotspot\bin\nio.dll
0x00007ff9b2230000 - 0x00007ff9b2240000 	C:\Program Files\Microsoft\jdk-17.0.11.9-hotspot\bin\verify.dll
0x00007ff9b3f00000 - 0x00007ff9b3f27000 	C:\Users\imher\.gradle\native\c067742578af261105cb4f569cf0c3c89f3d7b1fecec35dd04571415982c5e48\windows-amd64\native-platform.dll
0x00007ff99a280000 - 0x00007ff99a3c4000 	C:\Users\imher\.gradle\native\38dada09dfb8b06ba9b0570ebf7e218e3eb74d4ef43ca46872605cf95ebc2f47\windows-amd64\native-platform-file-events.dll
0x00007ff9b2020000 - 0x00007ff9b2029000 	C:\Program Files\Microsoft\jdk-17.0.11.9-hotspot\bin\management.dll
0x00007ff99e7d0000 - 0x00007ff99e7db000 	C:\Program Files\Microsoft\jdk-17.0.11.9-hotspot\bin\management_ext.dll
0x00007ff9dd620000 - 0x00007ff9dd628000 	C:\WINDOWS\System32\PSAPI.DLL
0x00007ff9db110000 - 0x00007ff9db12b000 	C:\WINDOWS\SYSTEM32\CRYPTSP.dll
0x00007ff9da820000 - 0x00007ff9da859000 	C:\WINDOWS\system32\rsaenh.dll
0x00007ff9daee0000 - 0x00007ff9daf13000 	C:\WINDOWS\SYSTEM32\USERENV.dll
0x00007ff9dba20000 - 0x00007ff9dba4a000 	C:\WINDOWS\SYSTEM32\bcrypt.dll
0x00007ff9db130000 - 0x00007ff9db13c000 	C:\WINDOWS\SYSTEM32\CRYPTBASE.dll
0x00007ff9da340000 - 0x00007ff9da372000 	C:\WINDOWS\SYSTEM32\IPHLPAPI.DLL
0x00007ff9dd0e0000 - 0x00007ff9dd0ea000 	C:\WINDOWS\System32\NSI.dll
0x00007ff9cd340000 - 0x00007ff9cd35d000 	C:\WINDOWS\SYSTEM32\dhcpcsvc6.DLL
0x00007ff9cd310000 - 0x00007ff9cd335000 	C:\WINDOWS\SYSTEM32\dhcpcsvc.DLL
0x00007ff9da380000 - 0x00007ff9da4b2000 	C:\WINDOWS\SYSTEM32\DNSAPI.dll
0x00007ff9bb180000 - 0x00007ff9bb189000 	C:\Program Files\Microsoft\jdk-17.0.11.9-hotspot\bin\extnet.dll
0x00007ff99e800000 - 0x00007ff99e80e000 	C:\Program Files\Microsoft\jdk-17.0.11.9-hotspot\bin\sunmscapi.dll
0x00007ff9dc3b0000 - 0x00007ff9dc528000 	C:\WINDOWS\System32\CRYPT32.dll
0x00007ff9db330000 - 0x00007ff9db360000 	C:\WINDOWS\SYSTEM32\ncrypt.dll
0x00007ff9db2e0000 - 0x00007ff9db31f000 	C:\WINDOWS\SYSTEM32\NTASN1.dll
0x00007ff995700000 - 0x00007ff995708000 	C:\WINDOWS\system32\wshunix.dll

dbghelp: loaded successfully - version: 4.0.5 - missing functions: none
symbol engine: initialized successfully - sym options: 0x614 - pdb path: .;C:\Program Files\Microsoft\jdk-17.0.11.9-hotspot\bin;C:\WINDOWS\SYSTEM32;C:\WINDOWS\WinSxS\amd64_microsoft.windows.common-controls_6595b64144ccf1df_6.0.26100.8457_none_3e0b2faee331e92d;C:\Program Files\Microsoft\jdk-17.0.11.9-hotspot\bin\server;C:\Users\imher\.gradle\native\c067742578af261105cb4f569cf0c3c89f3d7b1fecec35dd04571415982c5e48\windows-amd64;C:\Users\imher\.gradle\native\38dada09dfb8b06ba9b0570ebf7e218e3eb74d4ef43ca46872605cf95ebc2f47\windows-amd64

VM Arguments:
jvm_args: --add-opens=java.base/java.util=ALL-UNNAMED --add-opens=java.base/java.lang=ALL-UNNAMED --add-opens=java.base/java.lang.invoke=ALL-UNNAMED --add-opens=java.prefs/java.util.prefs=ALL-UNNAMED --add-opens=java.base/java.nio.charset=ALL-UNNAMED --add-opens=java.base/java.net=ALL-UNNAMED --add-opens=java.base/java.util.concurrent.atomic=ALL-UNNAMED -Xmx2048m -Dfile.encoding=UTF-8 -Duser.country=PH -Duser.language=en -Duser.variant -javaagent:C:\Users\imher\.gradle\wrapper\dists\gradle-8.6-bin\afr5mpiioh2wthjmwnkmdsd5w\gradle-8.6\lib\agents\gradle-instrumentation-agent-8.6.jar 
java_command: org.gradle.launcher.daemon.bootstrap.GradleDaemon 8.6
java_class_path (initial): C:\Users\imher\.gradle\wrapper\dists\gradle-8.6-bin\afr5mpiioh2wthjmwnkmdsd5w\gradle-8.6\lib\gradle-launcher-8.6.jar
Launcher Type: SUN_STANDARD

[Global flags]
     intx CICompilerCount                          = 3                                         {product} {ergonomic}
     uint ConcGCThreads                            = 1                                         {product} {ergonomic}
     uint G1ConcRefinementThreads                  = 4                                         {product} {ergonomic}
   size_t G1HeapRegionSize                         = 1048576                                   {product} {ergonomic}
    uintx GCDrainStackTargetSize                   = 64                                        {product} {ergonomic}
   size_t InitialHeapSize                          = 62914560                                  {product} {ergonomic}
   size_t MarkStackSize                            = 4194304                                   {product} {ergonomic}
   size_t MaxHeapSize                              = 2147483648                                {product} {command line}
   size_t MaxNewSize                               = 1287651328                                {product} {ergonomic}
   size_t MinHeapDeltaBytes                        = 1048576                                   {product} {ergonomic}
   size_t MinHeapSize                              = 8388608                                   {product} {ergonomic}
    uintx NonNMethodCodeHeapSize                   = 5832780                                {pd product} {ergonomic}
    uintx NonProfiledCodeHeapSize                  = 122912730                              {pd product} {ergonomic}
    uintx ProfiledCodeHeapSize                     = 122912730                              {pd product} {ergonomic}
    uintx ReservedCodeCacheSize                    = 251658240                              {pd product} {ergonomic}
     bool SegmentedCodeCache                       = true                                      {product} {ergonomic}
   size_t SoftMaxHeapSize                          = 2147483648                             {manageable} {ergonomic}
     bool UseCompressedClassPointers               = true                           {product lp64_product} {ergonomic}
     bool UseCompressedOops                        = true                           {product lp64_product} {ergonomic}
     bool UseG1GC                                  = true                                      {product} {ergonomic}
     bool UseLargePagesIndividualAllocation        = false                                  {pd product} {ergonomic}

Logging:
Log output configuration:
 #0: stdout all=warning uptime,level,tags
 #1: stderr all=off uptime,level,tags

Environment Variables:
JAVA_HOME=C:\Program Files\Microsoft\jdk-17.0.11.9-hotspot\
CLASSPATH=c:\Users\imher\StudioProjects\Floriledia\\gradle\wrapper\gradle-wrapper.jar
PATH=C:\Users\imher\AppData\Local\Programs\Microsoft VS Code;C:\Program Files\Microsoft\jdk-17.0.11.9-hotspot\bin;C:\Program Files\Common Files\Oracle\Java\javapath;C:\WINDOWS\system32;C:\WINDOWS;C:\WINDOWS\System32\Wbem;C:\WINDOWS\System32\WindowsPowerShell\v1.0\;C:\WINDOWS\System32\OpenSSH\;C:\Users\imher\AppData\Roaming\nvm;C:\Program Files\nodejs;C:\Program Files (x86)\Windows Kits\10\Windows Performance Toolkit\;C:\Users\imher\AppData\Local\Pub\Cache\bin;C:\Program Files\Microsoft\jdk-17.0.11.9-hotspot\\bin;C:\ProgramData\chocolatey\bin;C:\Program Files\dotnet\;C:\Program Files\nodejs\;C:\Program Files\Git\cmd;C:\Users\imher\AppData\Local\Programs\Eclipse Adoptium\jdk-25.0.1.8-hotspot\bin;C:\Users\imher\AppData\Local\Programs\Python\Python312\Scripts\;C:\Users\imher\AppData\Local\Programs\Python\Python312\;C:\Users\imher\AppData\Local\Programs\Python\Launcher\;C:\Users\imher\AppData\Local\Microsoft\WindowsApps;C:\Users\imher\OneDrive\Documents\HERTZ\VSC_Projects\fluttrproj\clubbr\flutter\bin;C:\Users\imher\OneDrive\Documents\HERTZ\VSC_Projects\fluttrproj\flutter\bin;C:\Users\imher\OneDrive\Documents\VSC_Projects\fluttrproj\flutter\bin;C:\Users\imher\Documents\VSC_Projects\fluttrproj\flutter\bin;C:\Users\imher\AppData\Local\Programs\Microsoft VS Code\bin;C:\Users\imher\AppData\Roaming\nvm;C:\Program Files\nodejs;C:\Users\imher\AppData\Local\Android\Sdk\platform-tools;C:\Users\imher\AppData\Roaming\npm;C:\ProgramData\imher\GitHubDesktop\bin;C:\Users\imher\AppData\Local\GitHubDesktop\bin
USERNAME=imher
OS=Windows_NT
PROCESSOR_IDENTIFIER=Intel64 Family 6 Model 140 Stepping 1, GenuineIntel
TMP=C:\Users\imher\AppData\Local\Temp
TEMP=C:\Users\imher\AppData\Local\Temp



Periodic native trim disabled


---------------  S Y S T E M  ---------------

OS:
 Windows 11 , 64 bit Build 26100 (10.0.26100.8328)
OS uptime: 4 days 8:52 hours
Hyper-V role detected

CPU: total 4 (initial active 4) (2 cores per cpu, 2 threads per core) family 6 model 140 stepping 1 microcode 0xb4, cx8, cmov, fxsr, ht, mmx, 3dnowpref, sse, sse2, sse3, ssse3, sse4.1, sse4.2, popcnt, lzcnt, tsc, tscinvbit, avx, avx2, aes, erms, clmul, bmi1, bmi2, adx, avx512f, avx512dq, avx512cd, avx512bw, avx512vl, sha, fma, vzeroupper, avx512_vpopcntdq, avx512_vpclmulqdq, avx512_vaes, avx512_vnni, clflush, clflushopt, clwb, avx512_vbmi2, avx512_vbmi, hv
Processor Information for all 4 processors :
  Max Mhz: 2901, Current Mhz: 2901, Mhz Limit: 2901

Memory: 4k page, system-wide physical 3738M (34M free)
TotalPageFile size 15002M (AvailPageFile size 228M)
current process WorkingSet (physical memory assigned to process): 177M, peak: 232M
current process commit charge ("private bytes"): 544M, peak: 888M

vm_info: OpenJDK 64-Bit Server VM (17.0.11+9-LTS) for windows-amd64 JRE (17.0.11+9-LTS), built on Apr  9 2024 22:05:54 by "MicrosoftCorporation" with MS VC++ 16.10 / 16.11 (VS2019)

END.
